25-Feb-2022 16:34:59.601 INFO [Thread-55] org.apache.coyote.AbstractProtocol.pause Pausing ProtocolHandler ["http-nio-8080"]
25-Feb-2022 16:34:59.661 INFO [Thread-55] org.apache.coyote.AbstractProtocol.pause Pausing ProtocolHandler ["ajp-nio-8009"]
25-Feb-2022 16:34:59.712 INFO [Thread-55] org.apache.catalina.core.StandardService.stopInternal Stopping service Catalina
25-Feb-2022 16:35:00.976 INFO [FelixShutdown] org.pentaho.caching.impl.PentahoCacheManagerFactory$RegistrationHandler$2.onSuccess Caching Service was shutdown
25-Feb-2022 16:35:01.512 INFO [FelixStartLevel] org.apache.cxf.bus.osgi.CXFExtensionBundleListener.unregister Removing the extensions for bundle 99
25-Feb-2022 16:35:01.512 INFO [FelixStartLevel] org.apache.cxf.bus.osgi.CXFExtensionBundleListener.unregister Removing the extensions for bundle 100
25-Feb-2022 16:35:01.512 INFO [FelixStartLevel] org.apache.cxf.bus.osgi.CXFExtensionBundleListener.unregister Removing the extensions for bundle 103
25-Feb-2022 16:35:01.512 INFO [FelixStartLevel] org.apache.cxf.bus.osgi.CXFExtensionBundleListener.unregister Removing the extensions for bundle 76
25-Feb-2022 16:35:01.512 INFO [FelixStartLevel] org.apache.cxf.bus.osgi.CXFExtensionBundleListener.unregister Removing the extensions for bundle 79
25-Feb-2022 16:35:01.513 INFO [FelixStartLevel] org.apache.cxf.bus.osgi.CXFExtensionBundleListener.unregister Removing the extensions for bundle 81
25-Feb-2022 16:35:01.513 INFO [FelixStartLevel] org.apache.cxf.bus.osgi.CXFExtensionBundleListener.unregister Removing the extensions for bundle 82
25-Feb-2022 16:35:01.513 INFO [FelixStartLevel] org.apache.cxf.bus.osgi.CXFExtensionBundleListener.unregister Removing the extensions for bundle 86
25-Feb-2022 16:35:01.513 INFO [FelixStartLevel] org.apache.cxf.bus.osgi.CXFExtensionBundleListener.unregister Removing the extensions for bundle 88
25-Feb-2022 16:35:01.514 INFO [FelixStartLevel] org.apache.cxf.bus.osgi.CXFExtensionBundleListener.unregister Removing the extensions for bundle 120
25-Feb-2022 16:35:01.515 INFO [FelixStartLevel] org.apache.cxf.bus.osgi.CXFExtensionBundleListener.unregister Removing the extensions for bundle 122
25-Feb-2022 16:35:01.518 INFO [FelixStartLevel] org.apache.cxf.bus.osgi.CXFExtensionBundleListener.unregister Removing the extensions for bundle 124
25-Feb-2022 16:35:01.518 INFO [FelixStartLevel] org.apache.cxf.bus.osgi.CXFExtensionBundleListener.unregister Removing the extensions for bundle 125
25-Feb-2022 16:35:01.621 WARNING [localhost-startStop-2] org.apache.karaf.main.KarafActivatorManager.stopKarafActivators Error stopping karaf activator org.apache.servicemix.specs.activator.Activator
 java.lang.NullPointerException
	at org.apache.servicemix.specs.activator.Activator.stop(Activator.java:88)
	at org.apache.karaf.main.KarafActivatorManager.stopKarafActivators(KarafActivatorManager.java:89)
	at org.apache.karaf.main.Main.destroy(Main.java:525)
	at org.pentaho.platform.osgi.KarafBoot.shutdown(KarafBoot.java:459)
	at org.pentaho.platform.engine.core.system.PentahoSystem.shutdown(PentahoSystem.java:1071)
	at org.pentaho.platform.web.http.context.SolutionContextListener.contextDestroyed(SolutionContextListener.java:282)
	at org.apache.catalina.core.StandardContext.listenerStop(StandardContext.java:4900)
	at org.apache.catalina.core.StandardContext.stopInternal(StandardContext.java:5537)
	at org.apache.catalina.util.LifecycleBase.stop(LifecycleBase.java:221)
	at org.apache.catalina.core.ContainerBase$StopChild.call(ContainerBase.java:1423)
	at org.apache.catalina.core.ContainerBase$StopChild.call(ContainerBase.java:1412)
	at java.util.concurrent.FutureTask.run(FutureTask.java:266)
	at java.util.concurrent.ThreadPoolExecutor.runWorker(ThreadPoolExecutor.java:1142)
	at java.util.concurrent.ThreadPoolExecutor$Worker.run(ThreadPoolExecutor.java:617)
	at java.lang.Thread.run(Thread.java:748)

25-Feb-2022 16:35:01.685 WARNING [localhost-startStop-2] org.apache.catalina.loader.WebappClassLoaderBase.clearReferencesJdbc The web application [pentaho] registered the JDBC driver [org.pentaho.di.core.database.DelegatingDriver] but failed to unregister it when the web application was stopped. To prevent a memory leak, the JDBC Driver has been forcibly unregistered.
25-Feb-2022 16:35:01.685 WARNING [localhost-startStop-2] org.apache.catalina.loader.WebappClassLoaderBase.clearReferencesJdbc The web application [pentaho] registered the JDBC driver [org.pentaho.di.core.database.DelegatingDriver] but failed to unregister it when the web application was stopped. To prevent a memory leak, the JDBC Driver has been forcibly unregistered.
25-Feb-2022 16:35:01.685 WARNING [localhost-startStop-2] org.apache.catalina.loader.WebappClassLoaderBase.clearReferencesJdbc The web application [pentaho] registered the JDBC driver [org.pentaho.di.core.database.DelegatingDriver] but failed to unregister it when the web application was stopped. To prevent a memory leak, the JDBC Driver has been forcibly unregistered.
25-Feb-2022 16:35:01.685 WARNING [localhost-startStop-2] org.apache.catalina.loader.WebappClassLoaderBase.clearReferencesJdbc The web application [pentaho] registered the JDBC driver [org.pentaho.di.core.database.DelegatingDriver] but failed to unregister it when the web application was stopped. To prevent a memory leak, the JDBC Driver has been forcibly unregistered.
25-Feb-2022 16:35:01.685 WARNING [localhost-startStop-2] org.apache.catalina.loader.WebappClassLoaderBase.clearReferencesJdbc The web application [pentaho] registered the JDBC driver [org.pentaho.di.core.database.DelegatingDriver] but failed to unregister it when the web application was stopped. To prevent a memory leak, the JDBC Driver has been forcibly unregistered.
25-Feb-2022 16:35:01.685 WARNING [localhost-startStop-2] org.apache.catalina.loader.WebappClassLoaderBase.clearReferencesJdbc The web application [pentaho] registered the JDBC driver [org.pentaho.di.core.database.DelegatingDriver] but failed to unregister it when the web application was stopped. To prevent a memory leak, the JDBC Driver has been forcibly unregistered.
25-Feb-2022 16:35:01.685 WARNING [localhost-startStop-2] org.apache.catalina.loader.WebappClassLoaderBase.clearReferencesJdbc The web application [pentaho] registered the JDBC driver [nl.cwi.monetdb.jdbc.MonetDriver] but failed to unregister it when the web application was stopped. To prevent a memory leak, the JDBC Driver has been forcibly unregistered.
25-Feb-2022 16:35:01.686 WARNING [localhost-startStop-2] org.apache.catalina.loader.WebappClassLoaderBase.clearReferencesJdbc The web application [pentaho] registered the JDBC driver [org.pentaho.di.trans.dataservice.jdbc.ThinDriver] but failed to unregister it when the web application was stopped. To prevent a memory leak, the JDBC Driver has been forcibly unregistered.
25-Feb-2022 16:35:01.690 WARNING [localhost-startStop-2] org.apache.catalina.loader.WebappClassLoaderBase.clearReferencesJdbc The web application [pentaho] registered the JDBC driver [org.olap4j.driver.xmla.XmlaOlap4jDriver] but failed to unregister it when the web application was stopped. To prevent a memory leak, the JDBC Driver has been forcibly unregistered.
25-Feb-2022 16:35:01.691 WARNING [localhost-startStop-2] org.apache.catalina.loader.WebappClassLoaderBase.clearReferencesJdbc The web application [pentaho] registered the JDBC driver [org.pentaho.platform.plugin.services.connections.PentahoSystemDriver] but failed to unregister it when the web application was stopped. To prevent a memory leak, the JDBC Driver has been forcibly unregistered.
25-Feb-2022 16:35:01.691 WARNING [localhost-startStop-2] org.apache.catalina.loader.WebappClassLoaderBase.clearReferencesJdbc The web application [pentaho] registered the JDBC driver [org.apache.derby.jdbc.AutoloadedDriver] but failed to unregister it when the web application was stopped. To prevent a memory leak, the JDBC Driver has been forcibly unregistered.
25-Feb-2022 16:35:01.691 WARNING [localhost-startStop-2] org.apache.catalina.loader.WebappClassLoaderBase.clearReferencesJdbc The web application [pentaho] registered the JDBC driver [mondrian.olap4j.MondrianOlap4jDriver] but failed to unregister it when the web application was stopped. To prevent a memory leak, the JDBC Driver has been forcibly unregistered.
25-Feb-2022 16:35:01.692 WARNING [localhost-startStop-2] org.apache.catalina.loader.WebappClassLoaderBase.clearReferencesThreads The web application [pentaho] appears to have started a thread named [HSQLDB Timer @5adaa9bb] but has failed to stop it. This is very likely to create a memory leak. Stack trace of thread:
 java.lang.Object.wait(Native Method)
 org.hsqldb.lib.HsqlTimer$TaskQueue.park(Unknown Source)
 org.hsqldb.lib.HsqlTimer.nextTask(Unknown Source)
 org.hsqldb.lib.HsqlTimer$TaskRunner.run(Unknown Source)
 java.lang.Thread.run(Thread.java:748)
25-Feb-2022 16:35:01.692 WARNING [localhost-startStop-2] org.apache.catalina.loader.WebappClassLoaderBase.clearReferencesThreads The web application [pentaho] appears to have started a thread named [Thread-8] but has failed to stop it. This is very likely to create a memory leak. Stack trace of thread:
 java.lang.Thread.sleep(Native Method)
 org.apache.karaf.main.Main.doMonitor(Main.java:299)
 org.apache.karaf.main.Main.access$100(Main.java:65)
 org.apache.karaf.main.Main$1.run(Main.java:267)
25-Feb-2022 16:35:01.693 WARNING [localhost-startStop-2] org.apache.catalina.loader.WebappClassLoaderBase.clearReferencesThreads The web application [pentaho] appears to have started a thread named [Timer-1] but has failed to stop it. This is very likely to create a memory leak. Stack trace of thread:
 java.lang.Object.wait(Native Method)
 java.util.TimerThread.mainLoop(Timer.java:552)
 java.util.TimerThread.run(Timer.java:505)
25-Feb-2022 16:35:01.694 WARNING [localhost-startStop-2] org.apache.catalina.loader.WebappClassLoaderBase.clearReferencesThreads The web application [pentaho] appears to have started a thread named [OSGIPluginTracker pool] but has failed to stop it. This is very likely to create a memory leak. Stack trace of thread:
 sun.misc.Unsafe.park(Native Method)
 java.util.concurrent.locks.LockSupport.park(LockSupport.java:175)
 java.util.concurrent.locks.AbstractQueuedSynchronizer$ConditionObject.await(AbstractQueuedSynchronizer.java:2039)
 java.util.concurrent.ScheduledThreadPoolExecutor$DelayedWorkQueue.take(ScheduledThreadPoolExecutor.java:1081)
 java.util.concurrent.ScheduledThreadPoolExecutor$DelayedWorkQueue.take(ScheduledThreadPoolExecutor.java:809)
 java.util.concurrent.ThreadPoolExecutor.getTask(ThreadPoolExecutor.java:1067)
 java.util.concurrent.ThreadPoolExecutor.runWorker(ThreadPoolExecutor.java:1127)
 java.util.concurrent.ThreadPoolExecutor$Worker.run(ThreadPoolExecutor.java:617)
 java.lang.Thread.run(Thread.java:748)
25-Feb-2022 16:35:01.695 WARNING [localhost-startStop-2] org.apache.catalina.loader.WebappClassLoaderBase.clearReferencesThreads The web application [pentaho] appears to have started a thread named [RequireJSConfigManager pool] but has failed to stop it. This is very likely to create a memory leak. Stack trace of thread:
 sun.misc.Unsafe.park(Native Method)
 java.util.concurrent.locks.LockSupport.park(LockSupport.java:175)
 java.util.concurrent.locks.AbstractQueuedSynchronizer$ConditionObject.await(AbstractQueuedSynchronizer.java:2039)
 java.util.concurrent.ScheduledThreadPoolExecutor$DelayedWorkQueue.take(ScheduledThreadPoolExecutor.java:1081)
 java.util.concurrent.ScheduledThreadPoolExecutor$DelayedWorkQueue.take(ScheduledThreadPoolExecutor.java:809)
 java.util.concurrent.ThreadPoolExecutor.getTask(ThreadPoolExecutor.java:1067)
 java.util.concurrent.ThreadPoolExecutor.runWorker(ThreadPoolExecutor.java:1127)
 java.util.concurrent.ThreadPoolExecutor$Worker.run(ThreadPoolExecutor.java:617)
 java.lang.Thread.run(Thread.java:748)
25-Feb-2022 16:35:01.695 WARNING [localhost-startStop-2] org.apache.catalina.loader.WebappClassLoaderBase.clearReferencesThreads The web application [pentaho] appears to have started a thread named [jackrabbit-pool-1] but has failed to stop it. This is very likely to create a memory leak. Stack trace of thread:
 sun.misc.Unsafe.park(Native Method)
 java.util.concurrent.locks.LockSupport.parkNanos(LockSupport.java:215)
 java.util.concurrent.locks.AbstractQueuedSynchronizer$ConditionObject.awaitNanos(AbstractQueuedSynchronizer.java:2078)
 java.util.concurrent.ScheduledThreadPoolExecutor$DelayedWorkQueue.take(ScheduledThreadPoolExecutor.java:1093)
 java.util.concurrent.ScheduledThreadPoolExecutor$DelayedWorkQueue.take(ScheduledThreadPoolExecutor.java:809)
 java.util.concurrent.ThreadPoolExecutor.getTask(ThreadPoolExecutor.java:1067)
 java.util.concurrent.ThreadPoolExecutor.runWorker(ThreadPoolExecutor.java:1127)
 java.util.concurrent.ThreadPoolExecutor$Worker.run(ThreadPoolExecutor.java:617)
 java.lang.Thread.run(Thread.java:748)
25-Feb-2022 16:35:01.696 WARNING [localhost-startStop-2] org.apache.catalina.loader.WebappClassLoaderBase.clearReferencesThreads The web application [pentaho] appears to have started a thread named [Timer-5] but has failed to stop it. This is very likely to create a memory leak. Stack trace of thread:
 java.lang.Object.wait(Native Method)
 java.util.TimerThread.mainLoop(Timer.java:552)
 java.util.TimerThread.run(Timer.java:505)
25-Feb-2022 16:35:01.696 WARNING [localhost-startStop-2] org.apache.catalina.loader.WebappClassLoaderBase.clearReferencesThreads The web application [pentaho] appears to have started a thread named [jackrabbit-pool-2] but has failed to stop it. This is very likely to create a memory leak. Stack trace of thread:
 sun.misc.Unsafe.park(Native Method)
 java.util.concurrent.locks.LockSupport.park(LockSupport.java:175)
 java.util.concurrent.locks.AbstractQueuedSynchronizer$ConditionObject.await(AbstractQueuedSynchronizer.java:2039)
 java.util.concurrent.ScheduledThreadPoolExecutor$DelayedWorkQueue.take(ScheduledThreadPoolExecutor.java:1088)
 java.util.concurrent.ScheduledThreadPoolExecutor$DelayedWorkQueue.take(ScheduledThreadPoolExecutor.java:809)
 java.util.concurrent.ThreadPoolExecutor.getTask(ThreadPoolExecutor.java:1067)
 java.util.concurrent.ThreadPoolExecutor.runWorker(ThreadPoolExecutor.java:1127)
 java.util.concurrent.ThreadPoolExecutor$Worker.run(ThreadPoolExecutor.java:617)
 java.lang.Thread.run(Thread.java:748)
25-Feb-2022 16:35:01.697 WARNING [localhost-startStop-2] org.apache.catalina.loader.WebappClassLoaderBase.clearReferencesThreads The web application [pentaho] appears to have started a thread named [ObservationManager] but has failed to stop it. This is very likely to create a memory leak. Stack trace of thread:
 java.lang.Object.wait(Native Method)
 java.lang.Object.wait(Object.java:502)
 org.apache.commons.collections.buffer.BlockingBuffer.remove(BlockingBuffer.java:192)
 org.apache.jackrabbit.core.observation.ObservationDispatcher.run(ObservationDispatcher.java:153)
 java.lang.Thread.run(Thread.java:748)
25-Feb-2022 16:35:01.697 WARNING [localhost-startStop-2] org.apache.catalina.loader.WebappClassLoaderBase.clearReferencesThreads The web application [pentaho] appears to have started a thread named [jackrabbit-pool-3] but has failed to stop it. This is very likely to create a memory leak. Stack trace of thread:
 sun.misc.Unsafe.park(Native Method)
 java.util.concurrent.locks.LockSupport.park(LockSupport.java:175)
 java.util.concurrent.locks.AbstractQueuedSynchronizer$ConditionObject.await(AbstractQueuedSynchronizer.java:2039)
 java.util.concurrent.ScheduledThreadPoolExecutor$DelayedWorkQueue.take(ScheduledThreadPoolExecutor.java:1088)
 java.util.concurrent.ScheduledThreadPoolExecutor$DelayedWorkQueue.take(ScheduledThreadPoolExecutor.java:809)
 java.util.concurrent.ThreadPoolExecutor.getTask(ThreadPoolExecutor.java:1067)
 java.util.concurrent.ThreadPoolExecutor.runWorker(ThreadPoolExecutor.java:1127)
 java.util.concurrent.ThreadPoolExecutor$Worker.run(ThreadPoolExecutor.java:617)
 java.lang.Thread.run(Thread.java:748)
25-Feb-2022 16:35:01.698 WARNING [localhost-startStop-2] org.apache.catalina.loader.WebappClassLoaderBase.clearReferencesThreads The web application [pentaho] appears to have started a thread named [ObservationManager] but has failed to stop it. This is very likely to create a memory leak. Stack trace of thread:
 java.lang.Object.wait(Native Method)
 java.lang.Object.wait(Object.java:502)
 org.apache.commons.collections.buffer.BlockingBuffer.remove(BlockingBuffer.java:192)
 org.apache.jackrabbit.core.observation.ObservationDispatcher.run(ObservationDispatcher.java:153)
 java.lang.Thread.run(Thread.java:748)
25-Feb-2022 16:35:01.698 WARNING [localhost-startStop-2] org.apache.catalina.loader.WebappClassLoaderBase.clearReferencesThreads The web application [pentaho] appears to have started a thread named [jackrabbit-pool-4] but has failed to stop it. This is very likely to create a memory leak. Stack trace of thread:
 sun.misc.Unsafe.park(Native Method)
 java.util.concurrent.locks.LockSupport.park(LockSupport.java:175)
 java.util.concurrent.locks.AbstractQueuedSynchronizer$ConditionObject.await(AbstractQueuedSynchronizer.java:2039)
 java.util.concurrent.ScheduledThreadPoolExecutor$DelayedWorkQueue.take(ScheduledThreadPoolExecutor.java:1088)
 java.util.concurrent.ScheduledThreadPoolExecutor$DelayedWorkQueue.take(ScheduledThreadPoolExecutor.java:809)
 java.util.concurrent.ThreadPoolExecutor.getTask(ThreadPoolExecutor.java:1067)
 java.util.concurrent.ThreadPoolExecutor.runWorker(ThreadPoolExecutor.java:1127)
 java.util.concurrent.ThreadPoolExecutor$Worker.run(ThreadPoolExecutor.java:617)
 java.lang.Thread.run(Thread.java:748)
25-Feb-2022 16:35:01.701 WARNING [localhost-startStop-2] org.apache.catalina.loader.WebappClassLoaderBase.clearReferencesThreads The web application [pentaho] appears to have started a thread named [DynamicPooledExecutor] but has failed to stop it. This is very likely to create a memory leak. Stack trace of thread:
 sun.misc.Unsafe.park(Native Method)
 java.util.concurrent.locks.LockSupport.park(LockSupport.java:175)
 java.util.concurrent.locks.AbstractQueuedSynchronizer$ConditionObject.await(AbstractQueuedSynchronizer.java:2039)
 java.util.concurrent.LinkedBlockingQueue.take(LinkedBlockingQueue.java:442)
 java.util.concurrent.ThreadPoolExecutor.getTask(ThreadPoolExecutor.java:1067)
 java.util.concurrent.ThreadPoolExecutor.runWorker(ThreadPoolExecutor.java:1127)
 java.util.concurrent.ThreadPoolExecutor$Worker.run(ThreadPoolExecutor.java:617)
 java.lang.Thread.run(Thread.java:748)
25-Feb-2022 16:35:01.702 WARNING [localhost-startStop-2] org.apache.catalina.loader.WebappClassLoaderBase.clearReferencesThreads The web application [pentaho] appears to have started a thread named [PentahoQuartzScheduler_Worker-1] but has failed to stop it. This is very likely to create a memory leak. Stack trace of thread:
 java.lang.Object.wait(Native Method)
 org.quartz.simpl.SimpleThreadPool$WorkerThread.run(SimpleThreadPool.java:540)
25-Feb-2022 16:35:01.705 WARNING [localhost-startStop-2] org.apache.catalina.loader.WebappClassLoaderBase.clearReferencesThreads The web application [pentaho] appears to have started a thread named [PentahoQuartzScheduler_Worker-2] but has failed to stop it. This is very likely to create a memory leak. Stack trace of thread:
 java.lang.Object.wait(Native Method)
 org.quartz.simpl.SimpleThreadPool$WorkerThread.run(SimpleThreadPool.java:540)
25-Feb-2022 16:35:01.708 WARNING [localhost-startStop-2] org.apache.catalina.loader.WebappClassLoaderBase.clearReferencesThreads The web application [pentaho] appears to have started a thread named [PentahoQuartzScheduler_Worker-3] but has failed to stop it. This is very likely to create a memory leak. Stack trace of thread:
 java.lang.Object.wait(Native Method)
 org.quartz.simpl.SimpleThreadPool$WorkerThread.run(SimpleThreadPool.java:540)
25-Feb-2022 16:35:01.709 WARNING [localhost-startStop-2] org.apache.catalina.loader.WebappClassLoaderBase.clearReferencesThreads The web application [pentaho] appears to have started a thread named [PentahoQuartzScheduler_Worker-4] but has failed to stop it. This is very likely to create a memory leak. Stack trace of thread:
 java.lang.Object.wait(Native Method)
 org.quartz.simpl.SimpleThreadPool$WorkerThread.run(SimpleThreadPool.java:540)
25-Feb-2022 16:35:01.709 WARNING [localhost-startStop-2] org.apache.catalina.loader.WebappClassLoaderBase.clearReferencesThreads The web application [pentaho] appears to have started a thread named [PentahoQuartzScheduler_Worker-5] but has failed to stop it. This is very likely to create a memory leak. Stack trace of thread:
 java.lang.Object.wait(Native Method)
 org.quartz.simpl.SimpleThreadPool$WorkerThread.run(SimpleThreadPool.java:540)
25-Feb-2022 16:35:01.710 WARNING [localhost-startStop-2] org.apache.catalina.loader.WebappClassLoaderBase.clearReferencesThreads The web application [pentaho] appears to have started a thread named [PentahoQuartzScheduler_Worker-6] but has failed to stop it. This is very likely to create a memory leak. Stack trace of thread:
 java.lang.Object.wait(Native Method)
 org.quartz.simpl.SimpleThreadPool$WorkerThread.run(SimpleThreadPool.java:540)
25-Feb-2022 16:35:01.710 WARNING [localhost-startStop-2] org.apache.catalina.loader.WebappClassLoaderBase.clearReferencesThreads The web application [pentaho] appears to have started a thread named [PentahoQuartzScheduler_Worker-7] but has failed to stop it. This is very likely to create a memory leak. Stack trace of thread:
 java.lang.Object.wait(Native Method)
 org.quartz.simpl.SimpleThreadPool$WorkerThread.run(SimpleThreadPool.java:540)
25-Feb-2022 16:35:01.710 WARNING [localhost-startStop-2] org.apache.catalina.loader.WebappClassLoaderBase.clearReferencesThreads The web application [pentaho] appears to have started a thread named [PentahoQuartzScheduler_Worker-8] but has failed to stop it. This is very likely to create a memory leak. Stack trace of thread:
 java.lang.Object.wait(Native Method)
 org.quartz.simpl.SimpleThreadPool$WorkerThread.run(SimpleThreadPool.java:540)
25-Feb-2022 16:35:01.711 WARNING [localhost-startStop-2] org.apache.catalina.loader.WebappClassLoaderBase.clearReferencesThreads The web application [pentaho] appears to have started a thread named [PentahoQuartzScheduler_Worker-9] but has failed to stop it. This is very likely to create a memory leak. Stack trace of thread:
 java.lang.Object.wait(Native Method)
 org.quartz.simpl.SimpleThreadPool$WorkerThread.run(SimpleThreadPool.java:540)
25-Feb-2022 16:35:01.715 WARNING [localhost-startStop-2] org.apache.catalina.loader.WebappClassLoaderBase.clearReferencesThreads The web application [pentaho] appears to have started a thread named [PentahoQuartzScheduler_Worker-10] but has failed to stop it. This is very likely to create a memory leak. Stack trace of thread:
 java.lang.Object.wait(Native Method)
 org.quartz.simpl.SimpleThreadPool$WorkerThread.run(SimpleThreadPool.java:540)
25-Feb-2022 16:35:01.715 WARNING [localhost-startStop-2] org.apache.catalina.loader.WebappClassLoaderBase.clearReferencesThreads The web application [pentaho] appears to have started a thread named [Timer-6] but has failed to stop it. This is very likely to create a memory leak. Stack trace of thread:
 java.lang.Object.wait(Native Method)
 java.util.TimerThread.mainLoop(Timer.java:552)
 java.util.TimerThread.run(Timer.java:505)
25-Feb-2022 16:35:01.716 WARNING [localhost-startStop-2] org.apache.catalina.loader.WebappClassLoaderBase.clearReferencesThreads The web application [pentaho] appears to have started a thread named [FlushManager] but has failed to stop it. This is very likely to create a memory leak. Stack trace of thread:
 java.lang.Thread.sleep(Native Method)
 org.objectweb.howl.log.LogBufferManager$FlushManager.run(LogBufferManager.java:1254)
25-Feb-2022 16:35:01.716 WARNING [localhost-startStop-2] org.apache.catalina.loader.WebappClassLoaderBase.clearReferencesThreads The web application [pentaho] appears to have started a thread named [RetryTimer] but has failed to stop it. This is very likely to create a memory leak. Stack trace of thread:
 java.lang.Object.wait(Native Method)
 java.lang.Object.wait(Object.java:502)
 java.util.TimerThread.mainLoop(Timer.java:526)
 java.util.TimerThread.run(Timer.java:505)
25-Feb-2022 16:35:01.717 SEVERE [localhost-startStop-2] org.apache.catalina.loader.WebappClassLoaderBase.checkThreadLocalMapForLeaks The web application [pentaho] created a ThreadLocal with key of type [java.lang.InheritableThreadLocal] (value [java.lang.InheritableThreadLocal@7ee6e973]) and a value of type [org.pentaho.platform.engine.core.system.StandaloneSession] (value [org.pentaho.platform.engine.core.system.StandaloneSession@69b8c1c5]) but failed to remove it when the web application was stopped. Threads are going to be renewed over time to try and avoid a probable memory leak.
25-Feb-2022 16:35:01.717 SEVERE [localhost-startStop-2] org.apache.catalina.loader.WebappClassLoaderBase.checkThreadLocalMapForLeaks The web application [pentaho] created a ThreadLocal with key of type [java.lang.InheritableThreadLocal] (value [java.lang.InheritableThreadLocal@1784d567]) and a value of type [org.springframework.security.core.context.SecurityContextImpl] (value [org.springframework.security.core.context.SecurityContextImpl@84794aa1: Authentication: org.springframework.security.authentication.UsernamePasswordAuthenticationToken@84794aa1: Principal: 78cc732b-c33a-4a2b-a689-97d254b31904; Credentials: [PROTECTED]; Authenticated: false; Details: null; Not granted any authorities]) but failed to remove it when the web application was stopped. Threads are going to be renewed over time to try and avoid a probable memory leak.
25-Feb-2022 16:35:01.717 SEVERE [localhost-startStop-2] org.apache.catalina.loader.WebappClassLoaderBase.checkThreadLocalMapForLeaks The web application [pentaho] created a ThreadLocal with key of type [java.lang.InheritableThreadLocal] (value [java.lang.InheritableThreadLocal@7ee6e973]) and a value of type [org.pentaho.platform.engine.core.system.StandaloneSession] (value [org.pentaho.platform.engine.core.system.StandaloneSession@69b8c1c5]) but failed to remove it when the web application was stopped. Threads are going to be renewed over time to try and avoid a probable memory leak.
25-Feb-2022 16:35:01.717 SEVERE [localhost-startStop-2] org.apache.catalina.loader.WebappClassLoaderBase.checkThreadLocalMapForLeaks The web application [pentaho] created a ThreadLocal with key of type [java.lang.InheritableThreadLocal] (value [java.lang.InheritableThreadLocal@1784d567]) and a value of type [org.springframework.security.core.context.SecurityContextImpl] (value [org.springframework.security.core.context.SecurityContextImpl@84794aa1: Authentication: org.springframework.security.authentication.UsernamePasswordAuthenticationToken@84794aa1: Principal: 78cc732b-c33a-4a2b-a689-97d254b31904; Credentials: [PROTECTED]; Authenticated: false; Details: null; Not granted any authorities]) but failed to remove it when the web application was stopped. Threads are going to be renewed over time to try and avoid a probable memory leak.
25-Feb-2022 16:35:01.718 SEVERE [localhost-startStop-2] org.apache.catalina.loader.WebappClassLoaderBase.checkThreadLocalMapForLeaks The web application [pentaho] created a ThreadLocal with key of type [java.lang.InheritableThreadLocal] (value [java.lang.InheritableThreadLocal@7ee6e973]) and a value of type [org.pentaho.platform.engine.core.system.StandaloneSession] (value [org.pentaho.platform.engine.core.system.StandaloneSession@69b8c1c5]) but failed to remove it when the web application was stopped. Threads are going to be renewed over time to try and avoid a probable memory leak.
25-Feb-2022 16:35:01.718 SEVERE [localhost-startStop-2] org.apache.catalina.loader.WebappClassLoaderBase.checkThreadLocalMapForLeaks The web application [pentaho] created a ThreadLocal with key of type [java.lang.InheritableThreadLocal] (value [java.lang.InheritableThreadLocal@1784d567]) and a value of type [org.springframework.security.core.context.SecurityContextImpl] (value [org.springframework.security.core.context.SecurityContextImpl@84794aa1: Authentication: org.springframework.security.authentication.UsernamePasswordAuthenticationToken@84794aa1: Principal: 78cc732b-c33a-4a2b-a689-97d254b31904; Credentials: [PROTECTED]; Authenticated: false; Details: null; Not granted any authorities]) but failed to remove it when the web application was stopped. Threads are going to be renewed over time to try and avoid a probable memory leak.
25-Feb-2022 16:35:01.723 SEVERE [localhost-startStop-2] org.apache.catalina.loader.WebappClassLoaderBase.checkThreadLocalMapForLeaks The web application [pentaho] created a ThreadLocal with key of type [java.lang.InheritableThreadLocal] (value [java.lang.InheritableThreadLocal@7ee6e973]) and a value of type [org.pentaho.platform.engine.core.system.StandaloneSession] (value [org.pentaho.platform.engine.core.system.StandaloneSession@1165e567]) but failed to remove it when the web application was stopped. Threads are going to be renewed over time to try and avoid a probable memory leak.
25-Feb-2022 16:35:01.724 SEVERE [localhost-startStop-2] org.apache.catalina.loader.WebappClassLoaderBase.checkThreadLocalMapForLeaks The web application [pentaho] created a ThreadLocal with key of type [java.lang.InheritableThreadLocal] (value [java.lang.InheritableThreadLocal@1784d567]) and a value of type [org.springframework.security.core.context.SecurityContextImpl] (value [org.springframework.security.core.context.SecurityContextImpl@f9baefa4: Authentication: org.springframework.security.authentication.UsernamePasswordAuthenticationToken@f9baefa4: Principal: org.springframework.security.core.userdetails.User@586034f: Username: admin; Password: [PROTECTED]; Enabled: true; AccountNonExpired: true; credentialsNonExpired: true; AccountNonLocked: true; Granted Authorities: Admin; Credentials: [PROTECTED]; Authenticated: true; Details: null; Granted Authorities: Admin]) but failed to remove it when the web application was stopped. Threads are going to be renewed over time to try and avoid a probable memory leak.
25-Feb-2022 16:35:01.724 SEVERE [localhost-startStop-2] org.apache.catalina.loader.WebappClassLoaderBase.checkThreadLocalMapForLeaks The web application [pentaho] created a ThreadLocal with key of type [java.lang.InheritableThreadLocal] (value [java.lang.InheritableThreadLocal@7ee6e973]) and a value of type [org.pentaho.platform.engine.core.system.StandaloneSession] (value [org.pentaho.platform.engine.core.system.StandaloneSession@69b8c1c5]) but failed to remove it when the web application was stopped. Threads are going to be renewed over time to try and avoid a probable memory leak.
25-Feb-2022 16:35:01.724 SEVERE [localhost-startStop-2] org.apache.catalina.loader.WebappClassLoaderBase.checkThreadLocalMapForLeaks The web application [pentaho] created a ThreadLocal with key of type [java.lang.InheritableThreadLocal] (value [java.lang.InheritableThreadLocal@1784d567]) and a value of type [org.springframework.security.core.context.SecurityContextImpl] (value [org.springframework.security.core.context.SecurityContextImpl@84794aa1: Authentication: org.springframework.security.authentication.UsernamePasswordAuthenticationToken@84794aa1: Principal: 78cc732b-c33a-4a2b-a689-97d254b31904; Credentials: [PROTECTED]; Authenticated: false; Details: null; Not granted any authorities]) but failed to remove it when the web application was stopped. Threads are going to be renewed over time to try and avoid a probable memory leak.
25-Feb-2022 16:35:01.726 SEVERE [localhost-startStop-2] org.apache.catalina.loader.WebappClassLoaderBase.checkThreadLocalMapForLeaks The web application [pentaho] created a ThreadLocal with key of type [org.apache.felix.gogo.runtime.threadio.ThreadIOImpl$1] (value [org.apache.felix.gogo.runtime.threadio.ThreadIOImpl$1@58812b49]) and a value of type [org.apache.felix.gogo.runtime.threadio.Marker] (value [org.apache.felix.gogo.runtime.threadio.Marker@77186f75]) but failed to remove it when the web application was stopped. Threads are going to be renewed over time to try and avoid a probable memory leak.
25-Feb-2022 16:35:01.726 SEVERE [localhost-startStop-2] org.apache.catalina.loader.WebappClassLoaderBase.checkThreadLocalMapForLeaks The web application [pentaho] created a ThreadLocal with key of type [java.lang.InheritableThreadLocal] (value [java.lang.InheritableThreadLocal@7ee6e973]) and a value of type [org.pentaho.platform.engine.core.system.StandaloneSession] (value [org.pentaho.platform.engine.core.system.StandaloneSession@69b8c1c5]) but failed to remove it when the web application was stopped. Threads are going to be renewed over time to try and avoid a probable memory leak.
25-Feb-2022 16:35:01.726 SEVERE [localhost-startStop-2] org.apache.catalina.loader.WebappClassLoaderBase.checkThreadLocalMapForLeaks The web application [pentaho] created a ThreadLocal with key of type [java.lang.InheritableThreadLocal] (value [java.lang.InheritableThreadLocal@1784d567]) and a value of type [org.springframework.security.core.context.SecurityContextImpl] (value [org.springframework.security.core.context.SecurityContextImpl@84794aa1: Authentication: org.springframework.security.authentication.UsernamePasswordAuthenticationToken@84794aa1: Principal: 78cc732b-c33a-4a2b-a689-97d254b31904; Credentials: [PROTECTED]; Authenticated: false; Details: null; Not granted any authorities]) but failed to remove it when the web application was stopped. Threads are going to be renewed over time to try and avoid a probable memory leak.
25-Feb-2022 16:35:01.726 SEVERE [localhost-startStop-2] org.apache.catalina.loader.WebappClassLoaderBase.checkThreadLocalMapForLeaks The web application [pentaho] created a ThreadLocal with key of type [org.apache.felix.gogo.runtime.threadio.ThreadIOImpl$1] (value [org.apache.felix.gogo.runtime.threadio.ThreadIOImpl$1@58812b49]) and a value of type [org.apache.felix.gogo.runtime.threadio.Marker] (value [org.apache.felix.gogo.runtime.threadio.Marker@77186f75]) but failed to remove it when the web application was stopped. Threads are going to be renewed over time to try and avoid a probable memory leak.
25-Feb-2022 16:35:01.726 SEVERE [localhost-startStop-2] org.apache.catalina.loader.WebappClassLoaderBase.checkThreadLocalMapForLeaks The web application [pentaho] created a ThreadLocal with key of type [java.lang.InheritableThreadLocal] (value [java.lang.InheritableThreadLocal@7ee6e973]) and a value of type [org.pentaho.platform.engine.core.system.StandaloneSession] (value [org.pentaho.platform.engine.core.system.StandaloneSession@4686b31c]) but failed to remove it when the web application was stopped. Threads are going to be renewed over time to try and avoid a probable memory leak.
25-Feb-2022 16:35:01.727 SEVERE [localhost-startStop-2] org.apache.catalina.loader.WebappClassLoaderBase.checkThreadLocalMapForLeaks The web application [pentaho] created a ThreadLocal with key of type [java.lang.InheritableThreadLocal] (value [java.lang.InheritableThreadLocal@1784d567]) and a value of type [org.springframework.security.core.context.SecurityContextImpl] (value [org.springframework.security.core.context.SecurityContextImpl@f9baefa4: Authentication: org.springframework.security.authentication.UsernamePasswordAuthenticationToken@f9baefa4: Principal: org.springframework.security.core.userdetails.User@586034f: Username: admin; Password: [PROTECTED]; Enabled: true; AccountNonExpired: true; credentialsNonExpired: true; AccountNonLocked: true; Granted Authorities: Admin; Credentials: [PROTECTED]; Authenticated: true; Details: null; Granted Authorities: Admin]) but failed to remove it when the web application was stopped. Threads are going to be renewed over time to try and avoid a probable memory leak.
25-Feb-2022 16:35:01.727 SEVERE [localhost-startStop-2] org.apache.catalina.loader.WebappClassLoaderBase.checkThreadLocalMapForLeaks The web application [pentaho] created a ThreadLocal with key of type [org.apache.felix.gogo.runtime.threadio.ThreadIOImpl$1] (value [org.apache.felix.gogo.runtime.threadio.ThreadIOImpl$1@58812b49]) and a value of type [org.apache.felix.gogo.runtime.threadio.Marker] (value [org.apache.felix.gogo.runtime.threadio.Marker@77186f75]) but failed to remove it when the web application was stopped. Threads are going to be renewed over time to try and avoid a probable memory leak.
25-Feb-2022 16:35:01.727 SEVERE [localhost-startStop-2] org.apache.catalina.loader.WebappClassLoaderBase.checkThreadLocalMapForLeaks The web application [pentaho] created a ThreadLocal with key of type [java.lang.InheritableThreadLocal] (value [java.lang.InheritableThreadLocal@7ee6e973]) and a value of type [org.pentaho.platform.engine.core.system.StandaloneSession] (value [org.pentaho.platform.engine.core.system.StandaloneSession@4686b31c]) but failed to remove it when the web application was stopped. Threads are going to be renewed over time to try and avoid a probable memory leak.
25-Feb-2022 16:35:01.727 SEVERE [localhost-startStop-2] org.apache.catalina.loader.WebappClassLoaderBase.checkThreadLocalMapForLeaks The web application [pentaho] created a ThreadLocal with key of type [java.lang.InheritableThreadLocal] (value [java.lang.InheritableThreadLocal@1784d567]) and a value of type [org.springframework.security.core.context.SecurityContextImpl] (value [org.springframework.security.core.context.SecurityContextImpl@f9baefa4: Authentication: org.springframework.security.authentication.UsernamePasswordAuthenticationToken@f9baefa4: Principal: org.springframework.security.core.userdetails.User@586034f: Username: admin; Password: [PROTECTED]; Enabled: true; AccountNonExpired: true; credentialsNonExpired: true; AccountNonLocked: true; Granted Authorities: Admin; Credentials: [PROTECTED]; Authenticated: true; Details: null; Granted Authorities: Admin]) but failed to remove it when the web application was stopped. Threads are going to be renewed over time to try and avoid a probable memory leak.
25-Feb-2022 16:35:01.727 SEVERE [localhost-startStop-2] org.apache.catalina.loader.WebappClassLoaderBase.checkThreadLocalMapForLeaks The web application [pentaho] created a ThreadLocal with key of type [org.apache.felix.gogo.runtime.threadio.ThreadIOImpl$1] (value [org.apache.felix.gogo.runtime.threadio.ThreadIOImpl$1@58812b49]) and a value of type [org.apache.felix.gogo.runtime.threadio.Marker] (value [org.apache.felix.gogo.runtime.threadio.Marker@77186f75]) but failed to remove it when the web application was stopped. Threads are going to be renewed over time to try and avoid a probable memory leak.
25-Feb-2022 16:35:01.727 SEVERE [localhost-startStop-2] org.apache.catalina.loader.WebappClassLoaderBase.checkThreadLocalMapForLeaks The web application [pentaho] created a ThreadLocal with key of type [java.lang.InheritableThreadLocal] (value [java.lang.InheritableThreadLocal@7ee6e973]) and a value of type [org.pentaho.platform.engine.core.system.StandaloneSession] (value [org.pentaho.platform.engine.core.system.StandaloneSession@4686b31c]) but failed to remove it when the web application was stopped. Threads are going to be renewed over time to try and avoid a probable memory leak.
25-Feb-2022 16:35:01.727 SEVERE [localhost-startStop-2] org.apache.catalina.loader.WebappClassLoaderBase.checkThreadLocalMapForLeaks The web application [pentaho] created a ThreadLocal with key of type [java.lang.InheritableThreadLocal] (value [java.lang.InheritableThreadLocal@1784d567]) and a value of type [org.springframework.security.core.context.SecurityContextImpl] (value [org.springframework.security.core.context.SecurityContextImpl@f9baefa4: Authentication: org.springframework.security.authentication.UsernamePasswordAuthenticationToken@f9baefa4: Principal: org.springframework.security.core.userdetails.User@586034f: Username: admin; Password: [PROTECTED]; Enabled: true; AccountNonExpired: true; credentialsNonExpired: true; AccountNonLocked: true; Granted Authorities: Admin; Credentials: [PROTECTED]; Authenticated: true; Details: null; Granted Authorities: Admin]) but failed to remove it when the web application was stopped. Threads are going to be renewed over time to try and avoid a probable memory leak.
25-Feb-2022 16:35:01.727 SEVERE [localhost-startStop-2] org.apache.catalina.loader.WebappClassLoaderBase.checkThreadLocalMapForLeaks The web application [pentaho] created a ThreadLocal with key of type [org.apache.felix.gogo.runtime.threadio.ThreadIOImpl$1] (value [org.apache.felix.gogo.runtime.threadio.ThreadIOImpl$1@58812b49]) and a value of type [org.apache.felix.gogo.runtime.threadio.Marker] (value [org.apache.felix.gogo.runtime.threadio.Marker@77186f75]) but failed to remove it when the web application was stopped. Threads are going to be renewed over time to try and avoid a probable memory leak.
25-Feb-2022 16:35:01.727 SEVERE [localhost-startStop-2] org.apache.catalina.loader.WebappClassLoaderBase.checkThreadLocalMapForLeaks The web application [pentaho] created a ThreadLocal with key of type [java.lang.InheritableThreadLocal] (value [java.lang.InheritableThreadLocal@7ee6e973]) and a value of type [org.pentaho.platform.engine.core.system.StandaloneSession] (value [org.pentaho.platform.engine.core.system.StandaloneSession@4686b31c]) but failed to remove it when the web application was stopped. Threads are going to be renewed over time to try and avoid a probable memory leak.
25-Feb-2022 16:35:01.727 SEVERE [localhost-startStop-2] org.apache.catalina.loader.WebappClassLoaderBase.checkThreadLocalMapForLeaks The web application [pentaho] created a ThreadLocal with key of type [java.lang.InheritableThreadLocal] (value [java.lang.InheritableThreadLocal@1784d567]) and a value of type [org.springframework.security.core.context.SecurityContextImpl] (value [org.springframework.security.core.context.SecurityContextImpl@f9baefa4: Authentication: org.springframework.security.authentication.UsernamePasswordAuthenticationToken@f9baefa4: Principal: org.springframework.security.core.userdetails.User@586034f: Username: admin; Password: [PROTECTED]; Enabled: true; AccountNonExpired: true; credentialsNonExpired: true; AccountNonLocked: true; Granted Authorities: Admin; Credentials: [PROTECTED]; Authenticated: true; Details: null; Granted Authorities: Admin]) but failed to remove it when the web application was stopped. Threads are going to be renewed over time to try and avoid a probable memory leak.
25-Feb-2022 16:35:01.728 SEVERE [localhost-startStop-2] org.apache.catalina.loader.WebappClassLoaderBase.checkThreadLocalMapForLeaks The web application [pentaho] created a ThreadLocal with key of type [org.apache.felix.gogo.runtime.threadio.ThreadIOImpl$1] (value [org.apache.felix.gogo.runtime.threadio.ThreadIOImpl$1@58812b49]) and a value of type [org.apache.felix.gogo.runtime.threadio.Marker] (value [org.apache.felix.gogo.runtime.threadio.Marker@77186f75]) but failed to remove it when the web application was stopped. Threads are going to be renewed over time to try and avoid a probable memory leak.
25-Feb-2022 16:35:01.728 SEVERE [localhost-startStop-2] org.apache.catalina.loader.WebappClassLoaderBase.checkThreadLocalMapForLeaks The web application [pentaho] created a ThreadLocal with key of type [java.lang.InheritableThreadLocal] (value [java.lang.InheritableThreadLocal@7ee6e973]) and a value of type [org.pentaho.platform.engine.core.system.StandaloneSession] (value [org.pentaho.platform.engine.core.system.StandaloneSession@4686b31c]) but failed to remove it when the web application was stopped. Threads are going to be renewed over time to try and avoid a probable memory leak.
25-Feb-2022 16:35:01.728 SEVERE [localhost-startStop-2] org.apache.catalina.loader.WebappClassLoaderBase.checkThreadLocalMapForLeaks The web application [pentaho] created a ThreadLocal with key of type [java.lang.InheritableThreadLocal] (value [java.lang.InheritableThreadLocal@1784d567]) and a value of type [org.springframework.security.core.context.SecurityContextImpl] (value [org.springframework.security.core.context.SecurityContextImpl@f9baefa4: Authentication: org.springframework.security.authentication.UsernamePasswordAuthenticationToken@f9baefa4: Principal: org.springframework.security.core.userdetails.User@586034f: Username: admin; Password: [PROTECTED]; Enabled: true; AccountNonExpired: true; credentialsNonExpired: true; AccountNonLocked: true; Granted Authorities: Admin; Credentials: [PROTECTED]; Authenticated: true; Details: null; Granted Authorities: Admin]) but failed to remove it when the web application was stopped. Threads are going to be renewed over time to try and avoid a probable memory leak.
25-Feb-2022 16:35:01.728 SEVERE [localhost-startStop-2] org.apache.catalina.loader.WebappClassLoaderBase.checkThreadLocalMapForLeaks The web application [pentaho] created a ThreadLocal with key of type [org.apache.felix.gogo.runtime.threadio.ThreadIOImpl$1] (value [org.apache.felix.gogo.runtime.threadio.ThreadIOImpl$1@58812b49]) and a value of type [org.apache.felix.gogo.runtime.threadio.Marker] (value [org.apache.felix.gogo.runtime.threadio.Marker@77186f75]) but failed to remove it when the web application was stopped. Threads are going to be renewed over time to try and avoid a probable memory leak.
25-Feb-2022 16:35:01.728 SEVERE [localhost-startStop-2] org.apache.catalina.loader.WebappClassLoaderBase.checkThreadLocalMapForLeaks The web application [pentaho] created a ThreadLocal with key of type [java.lang.InheritableThreadLocal] (value [java.lang.InheritableThreadLocal@7ee6e973]) and a value of type [org.pentaho.platform.engine.core.system.StandaloneSession] (value [org.pentaho.platform.engine.core.system.StandaloneSession@4686b31c]) but failed to remove it when the web application was stopped. Threads are going to be renewed over time to try and avoid a probable memory leak.
25-Feb-2022 16:35:01.728 SEVERE [localhost-startStop-2] org.apache.catalina.loader.WebappClassLoaderBase.checkThreadLocalMapForLeaks The web application [pentaho] created a ThreadLocal with key of type [java.lang.InheritableThreadLocal] (value [java.lang.InheritableThreadLocal@1784d567]) and a value of type [org.springframework.security.core.context.SecurityContextImpl] (value [org.springframework.security.core.context.SecurityContextImpl@f9baefa4: Authentication: org.springframework.security.authentication.UsernamePasswordAuthenticationToken@f9baefa4: Principal: org.springframework.security.core.userdetails.User@586034f: Username: admin; Password: [PROTECTED]; Enabled: true; AccountNonExpired: true; credentialsNonExpired: true; AccountNonLocked: true; Granted Authorities: Admin; Credentials: [PROTECTED]; Authenticated: true; Details: null; Granted Authorities: Admin]) but failed to remove it when the web application was stopped. Threads are going to be renewed over time to try and avoid a probable memory leak.
25-Feb-2022 16:35:01.728 SEVERE [localhost-startStop-2] org.apache.catalina.loader.WebappClassLoaderBase.checkThreadLocalMapForLeaks The web application [pentaho] created a ThreadLocal with key of type [org.apache.felix.gogo.runtime.threadio.ThreadIOImpl$1] (value [org.apache.felix.gogo.runtime.threadio.ThreadIOImpl$1@58812b49]) and a value of type [org.apache.felix.gogo.runtime.threadio.Marker] (value [org.apache.felix.gogo.runtime.threadio.Marker@77186f75]) but failed to remove it when the web application was stopped. Threads are going to be renewed over time to try and avoid a probable memory leak.
25-Feb-2022 16:35:01.728 SEVERE [localhost-startStop-2] org.apache.catalina.loader.WebappClassLoaderBase.checkThreadLocalMapForLeaks The web application [pentaho] created a ThreadLocal with key of type [java.lang.InheritableThreadLocal] (value [java.lang.InheritableThreadLocal@7ee6e973]) and a value of type [org.pentaho.platform.engine.core.system.StandaloneSession] (value [org.pentaho.platform.engine.core.system.StandaloneSession@4686b31c]) but failed to remove it when the web application was stopped. Threads are going to be renewed over time to try and avoid a probable memory leak.
25-Feb-2022 16:35:01.728 SEVERE [localhost-startStop-2] org.apache.catalina.loader.WebappClassLoaderBase.checkThreadLocalMapForLeaks The web application [pentaho] created a ThreadLocal with key of type [java.lang.InheritableThreadLocal] (value [java.lang.InheritableThreadLocal@1784d567]) and a value of type [org.springframework.security.core.context.SecurityContextImpl] (value [org.springframework.security.core.context.SecurityContextImpl@f9baefa4: Authentication: org.springframework.security.authentication.UsernamePasswordAuthenticationToken@f9baefa4: Principal: org.springframework.security.core.userdetails.User@586034f: Username: admin; Password: [PROTECTED]; Enabled: true; AccountNonExpired: true; credentialsNonExpired: true; AccountNonLocked: true; Granted Authorities: Admin; Credentials: [PROTECTED]; Authenticated: true; Details: null; Granted Authorities: Admin]) but failed to remove it when the web application was stopped. Threads are going to be renewed over time to try and avoid a probable memory leak.
25-Feb-2022 16:35:01.728 SEVERE [localhost-startStop-2] org.apache.catalina.loader.WebappClassLoaderBase.checkThreadLocalMapForLeaks The web application [pentaho] created a ThreadLocal with key of type [org.apache.felix.gogo.runtime.threadio.ThreadIOImpl$1] (value [org.apache.felix.gogo.runtime.threadio.ThreadIOImpl$1@58812b49]) and a value of type [org.apache.felix.gogo.runtime.threadio.Marker] (value [org.apache.felix.gogo.runtime.threadio.Marker@77186f75]) but failed to remove it when the web application was stopped. Threads are going to be renewed over time to try and avoid a probable memory leak.
25-Feb-2022 16:35:01.729 SEVERE [localhost-startStop-2] org.apache.catalina.loader.WebappClassLoaderBase.checkThreadLocalMapForLeaks The web application [pentaho] created a ThreadLocal with key of type [java.lang.InheritableThreadLocal] (value [java.lang.InheritableThreadLocal@7ee6e973]) and a value of type [org.pentaho.platform.engine.core.system.StandaloneSession] (value [org.pentaho.platform.engine.core.system.StandaloneSession@39ace89f]) but failed to remove it when the web application was stopped. Threads are going to be renewed over time to try and avoid a probable memory leak.
25-Feb-2022 16:35:01.729 SEVERE [localhost-startStop-2] org.apache.catalina.loader.WebappClassLoaderBase.checkThreadLocalMapForLeaks The web application [pentaho] created a ThreadLocal with key of type [java.lang.InheritableThreadLocal] (value [java.lang.InheritableThreadLocal@1784d567]) and a value of type [org.springframework.security.core.context.SecurityContextImpl] (value [org.springframework.security.core.context.SecurityContextImpl@f9baefa4: Authentication: org.springframework.security.authentication.UsernamePasswordAuthenticationToken@f9baefa4: Principal: org.springframework.security.core.userdetails.User@586034f: Username: admin; Password: [PROTECTED]; Enabled: true; AccountNonExpired: true; credentialsNonExpired: true; AccountNonLocked: true; Granted Authorities: Admin; Credentials: [PROTECTED]; Authenticated: true; Details: null; Granted Authorities: Admin]) but failed to remove it when the web application was stopped. Threads are going to be renewed over time to try and avoid a probable memory leak.
25-Feb-2022 16:35:01.729 SEVERE [localhost-startStop-2] org.apache.catalina.loader.WebappClassLoaderBase.checkThreadLocalMapForLeaks The web application [pentaho] created a ThreadLocal with key of type [org.apache.felix.gogo.runtime.threadio.ThreadIOImpl$1] (value [org.apache.felix.gogo.runtime.threadio.ThreadIOImpl$1@58812b49]) and a value of type [org.apache.felix.gogo.runtime.threadio.Marker] (value [org.apache.felix.gogo.runtime.threadio.Marker@77186f75]) but failed to remove it when the web application was stopped. Threads are going to be renewed over time to try and avoid a probable memory leak.
25-Feb-2022 16:35:01.729 SEVERE [localhost-startStop-2] org.apache.catalina.loader.WebappClassLoaderBase.checkThreadLocalMapForLeaks The web application [pentaho] created a ThreadLocal with key of type [java.lang.InheritableThreadLocal] (value [java.lang.InheritableThreadLocal@7ee6e973]) and a value of type [org.pentaho.platform.engine.core.system.StandaloneSession] (value [org.pentaho.platform.engine.core.system.StandaloneSession@39ace89f]) but failed to remove it when the web application was stopped. Threads are going to be renewed over time to try and avoid a probable memory leak.
25-Feb-2022 16:35:01.729 SEVERE [localhost-startStop-2] org.apache.catalina.loader.WebappClassLoaderBase.checkThreadLocalMapForLeaks The web application [pentaho] created a ThreadLocal with key of type [java.lang.InheritableThreadLocal] (value [java.lang.InheritableThreadLocal@1784d567]) and a value of type [org.springframework.security.core.context.SecurityContextImpl] (value [org.springframework.security.core.context.SecurityContextImpl@f9baefa4: Authentication: org.springframework.security.authentication.UsernamePasswordAuthenticationToken@f9baefa4: Principal: org.springframework.security.core.userdetails.User@586034f: Username: admin; Password: [PROTECTED]; Enabled: true; AccountNonExpired: true; credentialsNonExpired: true; AccountNonLocked: true; Granted Authorities: Admin; Credentials: [PROTECTED]; Authenticated: true; Details: null; Granted Authorities: Admin]) but failed to remove it when the web application was stopped. Threads are going to be renewed over time to try and avoid a probable memory leak.
25-Feb-2022 16:35:01.729 SEVERE [localhost-startStop-2] org.apache.catalina.loader.WebappClassLoaderBase.checkThreadLocalMapForLeaks The web application [pentaho] created a ThreadLocal with key of type [org.apache.felix.gogo.runtime.threadio.ThreadIOImpl$1] (value [org.apache.felix.gogo.runtime.threadio.ThreadIOImpl$1@58812b49]) and a value of type [org.apache.felix.gogo.runtime.threadio.Marker] (value [org.apache.felix.gogo.runtime.threadio.Marker@77186f75]) but failed to remove it when the web application was stopped. Threads are going to be renewed over time to try and avoid a probable memory leak.
25-Feb-2022 16:35:01.729 SEVERE [localhost-startStop-2] org.apache.catalina.loader.WebappClassLoaderBase.checkThreadLocalMapForLeaks The web application [pentaho] created a ThreadLocal with key of type [java.lang.InheritableThreadLocal] (value [java.lang.InheritableThreadLocal@7ee6e973]) and a value of type [org.pentaho.platform.engine.core.system.StandaloneSession] (value [org.pentaho.platform.engine.core.system.StandaloneSession@78762876]) but failed to remove it when the web application was stopped. Threads are going to be renewed over time to try and avoid a probable memory leak.
25-Feb-2022 16:35:01.729 SEVERE [localhost-startStop-2] org.apache.catalina.loader.WebappClassLoaderBase.checkThreadLocalMapForLeaks The web application [pentaho] created a ThreadLocal with key of type [java.lang.InheritableThreadLocal] (value [java.lang.InheritableThreadLocal@1784d567]) and a value of type [org.springframework.security.core.context.SecurityContextImpl] (value [org.springframework.security.core.context.SecurityContextImpl@f9baefa4: Authentication: org.springframework.security.authentication.UsernamePasswordAuthenticationToken@f9baefa4: Principal: org.springframework.security.core.userdetails.User@586034f: Username: admin; Password: [PROTECTED]; Enabled: true; AccountNonExpired: true; credentialsNonExpired: true; AccountNonLocked: true; Granted Authorities: Admin; Credentials: [PROTECTED]; Authenticated: true; Details: null; Granted Authorities: Admin]) but failed to remove it when the web application was stopped. Threads are going to be renewed over time to try and avoid a probable memory leak.
25-Feb-2022 16:35:01.729 SEVERE [localhost-startStop-2] org.apache.catalina.loader.WebappClassLoaderBase.checkThreadLocalMapForLeaks The web application [pentaho] created a ThreadLocal with key of type [org.apache.felix.gogo.runtime.threadio.ThreadIOImpl$1] (value [org.apache.felix.gogo.runtime.threadio.ThreadIOImpl$1@58812b49]) and a value of type [org.apache.felix.gogo.runtime.threadio.Marker] (value [org.apache.felix.gogo.runtime.threadio.Marker@77186f75]) but failed to remove it when the web application was stopped. Threads are going to be renewed over time to try and avoid a probable memory leak.
25-Feb-2022 16:35:01.729 SEVERE [localhost-startStop-2] org.apache.catalina.loader.WebappClassLoaderBase.checkThreadLocalMapForLeaks The web application [pentaho] created a ThreadLocal with key of type [java.lang.InheritableThreadLocal] (value [java.lang.InheritableThreadLocal@7ee6e973]) and a value of type [org.pentaho.platform.engine.core.system.StandaloneSession] (value [org.pentaho.platform.engine.core.system.StandaloneSession@78762876]) but failed to remove it when the web application was stopped. Threads are going to be renewed over time to try and avoid a probable memory leak.
25-Feb-2022 16:35:01.730 SEVERE [localhost-startStop-2] org.apache.catalina.loader.WebappClassLoaderBase.checkThreadLocalMapForLeaks The web application [pentaho] created a ThreadLocal with key of type [java.lang.InheritableThreadLocal] (value [java.lang.InheritableThreadLocal@1784d567]) and a value of type [org.springframework.security.core.context.SecurityContextImpl] (value [org.springframework.security.core.context.SecurityContextImpl@f9baefa4: Authentication: org.springframework.security.authentication.UsernamePasswordAuthenticationToken@f9baefa4: Principal: org.springframework.security.core.userdetails.User@586034f: Username: admin; Password: [PROTECTED]; Enabled: true; AccountNonExpired: true; credentialsNonExpired: true; AccountNonLocked: true; Granted Authorities: Admin; Credentials: [PROTECTED]; Authenticated: true; Details: null; Granted Authorities: Admin]) but failed to remove it when the web application was stopped. Threads are going to be renewed over time to try and avoid a probable memory leak.
25-Feb-2022 16:35:01.730 SEVERE [localhost-startStop-2] org.apache.catalina.loader.WebappClassLoaderBase.checkThreadLocalMapForLeaks The web application [pentaho] created a ThreadLocal with key of type [org.apache.felix.gogo.runtime.threadio.ThreadIOImpl$1] (value [org.apache.felix.gogo.runtime.threadio.ThreadIOImpl$1@58812b49]) and a value of type [org.apache.felix.gogo.runtime.threadio.Marker] (value [org.apache.felix.gogo.runtime.threadio.Marker@77186f75]) but failed to remove it when the web application was stopped. Threads are going to be renewed over time to try and avoid a probable memory leak.
25-Feb-2022 16:35:01.730 SEVERE [localhost-startStop-2] org.apache.catalina.loader.WebappClassLoaderBase.checkThreadLocalMapForLeaks The web application [pentaho] created a ThreadLocal with key of type [java.lang.InheritableThreadLocal] (value [java.lang.InheritableThreadLocal@7ee6e973]) and a value of type [org.pentaho.platform.engine.core.system.StandaloneSession] (value [org.pentaho.platform.engine.core.system.StandaloneSession@78762876]) but failed to remove it when the web application was stopped. Threads are going to be renewed over time to try and avoid a probable memory leak.
25-Feb-2022 16:35:01.730 SEVERE [localhost-startStop-2] org.apache.catalina.loader.WebappClassLoaderBase.checkThreadLocalMapForLeaks The web application [pentaho] created a ThreadLocal with key of type [java.lang.InheritableThreadLocal] (value [java.lang.InheritableThreadLocal@1784d567]) and a value of type [org.springframework.security.core.context.SecurityContextImpl] (value [org.springframework.security.core.context.SecurityContextImpl@f9baefa4: Authentication: org.springframework.security.authentication.UsernamePasswordAuthenticationToken@f9baefa4: Principal: org.springframework.security.core.userdetails.User@586034f: Username: admin; Password: [PROTECTED]; Enabled: true; AccountNonExpired: true; credentialsNonExpired: true; AccountNonLocked: true; Granted Authorities: Admin; Credentials: [PROTECTED]; Authenticated: true; Details: null; Granted Authorities: Admin]) but failed to remove it when the web application was stopped. Threads are going to be renewed over time to try and avoid a probable memory leak.
25-Feb-2022 16:35:01.730 SEVERE [localhost-startStop-2] org.apache.catalina.loader.WebappClassLoaderBase.checkThreadLocalMapForLeaks The web application [pentaho] created a ThreadLocal with key of type [org.apache.felix.gogo.runtime.threadio.ThreadIOImpl$1] (value [org.apache.felix.gogo.runtime.threadio.ThreadIOImpl$1@58812b49]) and a value of type [org.apache.felix.gogo.runtime.threadio.Marker] (value [org.apache.felix.gogo.runtime.threadio.Marker@77186f75]) but failed to remove it when the web application was stopped. Threads are going to be renewed over time to try and avoid a probable memory leak.
25-Feb-2022 16:35:01.730 SEVERE [localhost-startStop-2] org.apache.catalina.loader.WebappClassLoaderBase.checkThreadLocalMapForLeaks The web application [pentaho] created a ThreadLocal with key of type [java.lang.InheritableThreadLocal] (value [java.lang.InheritableThreadLocal@7ee6e973]) and a value of type [org.pentaho.platform.engine.core.system.StandaloneSession] (value [org.pentaho.platform.engine.core.system.StandaloneSession@78762876]) but failed to remove it when the web application was stopped. Threads are going to be renewed over time to try and avoid a probable memory leak.
25-Feb-2022 16:35:01.730 SEVERE [localhost-startStop-2] org.apache.catalina.loader.WebappClassLoaderBase.checkThreadLocalMapForLeaks The web application [pentaho] created a ThreadLocal with key of type [java.lang.InheritableThreadLocal] (value [java.lang.InheritableThreadLocal@1784d567]) and a value of type [org.springframework.security.core.context.SecurityContextImpl] (value [org.springframework.security.core.context.SecurityContextImpl@f9baefa4: Authentication: org.springframework.security.authentication.UsernamePasswordAuthenticationToken@f9baefa4: Principal: org.springframework.security.core.userdetails.User@586034f: Username: admin; Password: [PROTECTED]; Enabled: true; AccountNonExpired: true; credentialsNonExpired: true; AccountNonLocked: true; Granted Authorities: Admin; Credentials: [PROTECTED]; Authenticated: true; Details: null; Granted Authorities: Admin]) but failed to remove it when the web application was stopped. Threads are going to be renewed over time to try and avoid a probable memory leak.
25-Feb-2022 16:35:01.730 SEVERE [localhost-startStop-2] org.apache.catalina.loader.WebappClassLoaderBase.checkThreadLocalMapForLeaks The web application [pentaho] created a ThreadLocal with key of type [org.apache.felix.gogo.runtime.threadio.ThreadIOImpl$1] (value [org.apache.felix.gogo.runtime.threadio.ThreadIOImpl$1@58812b49]) and a value of type [org.apache.felix.gogo.runtime.threadio.Marker] (value [org.apache.felix.gogo.runtime.threadio.Marker@77186f75]) but failed to remove it when the web application was stopped. Threads are going to be renewed over time to try and avoid a probable memory leak.
25-Feb-2022 16:35:01.730 SEVERE [localhost-startStop-2] org.apache.catalina.loader.WebappClassLoaderBase.checkThreadLocalMapForLeaks The web application [pentaho] created a ThreadLocal with key of type [java.lang.InheritableThreadLocal] (value [java.lang.InheritableThreadLocal@7ee6e973]) and a value of type [org.pentaho.platform.engine.core.system.StandaloneSession] (value [org.pentaho.platform.engine.core.system.StandaloneSession@78762876]) but failed to remove it when the web application was stopped. Threads are going to be renewed over time to try and avoid a probable memory leak.
25-Feb-2022 16:35:01.731 SEVERE [localhost-startStop-2] org.apache.catalina.loader.WebappClassLoaderBase.checkThreadLocalMapForLeaks The web application [pentaho] created a ThreadLocal with key of type [java.lang.InheritableThreadLocal] (value [java.lang.InheritableThreadLocal@1784d567]) and a value of type [org.springframework.security.core.context.SecurityContextImpl] (value [org.springframework.security.core.context.SecurityContextImpl@f9baefa4: Authentication: org.springframework.security.authentication.UsernamePasswordAuthenticationToken@f9baefa4: Principal: org.springframework.security.core.userdetails.User@586034f: Username: admin; Password: [PROTECTED]; Enabled: true; AccountNonExpired: true; credentialsNonExpired: true; AccountNonLocked: true; Granted Authorities: Admin; Credentials: [PROTECTED]; Authenticated: true; Details: null; Granted Authorities: Admin]) but failed to remove it when the web application was stopped. Threads are going to be renewed over time to try and avoid a probable memory leak.
25-Feb-2022 16:35:01.731 SEVERE [localhost-startStop-2] org.apache.catalina.loader.WebappClassLoaderBase.checkThreadLocalMapForLeaks The web application [pentaho] created a ThreadLocal with key of type [org.apache.felix.gogo.runtime.threadio.ThreadIOImpl$1] (value [org.apache.felix.gogo.runtime.threadio.ThreadIOImpl$1@58812b49]) and a value of type [org.apache.felix.gogo.runtime.threadio.Marker] (value [org.apache.felix.gogo.runtime.threadio.Marker@77186f75]) but failed to remove it when the web application was stopped. Threads are going to be renewed over time to try and avoid a probable memory leak.
25-Feb-2022 16:35:01.731 SEVERE [localhost-startStop-2] org.apache.catalina.loader.WebappClassLoaderBase.checkThreadLocalMapForLeaks The web application [pentaho] created a ThreadLocal with key of type [java.lang.InheritableThreadLocal] (value [java.lang.InheritableThreadLocal@7ee6e973]) and a value of type [org.pentaho.platform.engine.core.system.StandaloneSession] (value [org.pentaho.platform.engine.core.system.StandaloneSession@78762876]) but failed to remove it when the web application was stopped. Threads are going to be renewed over time to try and avoid a probable memory leak.
25-Feb-2022 16:35:01.731 SEVERE [localhost-startStop-2] org.apache.catalina.loader.WebappClassLoaderBase.checkThreadLocalMapForLeaks The web application [pentaho] created a ThreadLocal with key of type [java.lang.InheritableThreadLocal] (value [java.lang.InheritableThreadLocal@1784d567]) and a value of type [org.springframework.security.core.context.SecurityContextImpl] (value [org.springframework.security.core.context.SecurityContextImpl@f9baefa4: Authentication: org.springframework.security.authentication.UsernamePasswordAuthenticationToken@f9baefa4: Principal: org.springframework.security.core.userdetails.User@586034f: Username: admin; Password: [PROTECTED]; Enabled: true; AccountNonExpired: true; credentialsNonExpired: true; AccountNonLocked: true; Granted Authorities: Admin; Credentials: [PROTECTED]; Authenticated: true; Details: null; Granted Authorities: Admin]) but failed to remove it when the web application was stopped. Threads are going to be renewed over time to try and avoid a probable memory leak.
25-Feb-2022 16:35:01.731 SEVERE [localhost-startStop-2] org.apache.catalina.loader.WebappClassLoaderBase.checkThreadLocalMapForLeaks The web application [pentaho] created a ThreadLocal with key of type [org.apache.felix.gogo.runtime.threadio.ThreadIOImpl$1] (value [org.apache.felix.gogo.runtime.threadio.ThreadIOImpl$1@58812b49]) and a value of type [org.apache.felix.gogo.runtime.threadio.Marker] (value [org.apache.felix.gogo.runtime.threadio.Marker@77186f75]) but failed to remove it when the web application was stopped. Threads are going to be renewed over time to try and avoid a probable memory leak.
25-Feb-2022 16:35:01.731 SEVERE [localhost-startStop-2] org.apache.catalina.loader.WebappClassLoaderBase.checkThreadLocalMapForLeaks The web application [pentaho] created a ThreadLocal with key of type [java.lang.InheritableThreadLocal] (value [java.lang.InheritableThreadLocal@7ee6e973]) and a value of type [org.pentaho.platform.engine.core.system.StandaloneSession] (value [org.pentaho.platform.engine.core.system.StandaloneSession@78762876]) but failed to remove it when the web application was stopped. Threads are going to be renewed over time to try and avoid a probable memory leak.
25-Feb-2022 16:35:01.731 SEVERE [localhost-startStop-2] org.apache.catalina.loader.WebappClassLoaderBase.checkThreadLocalMapForLeaks The web application [pentaho] created a ThreadLocal with key of type [java.lang.InheritableThreadLocal] (value [java.lang.InheritableThreadLocal@1784d567]) and a value of type [org.springframework.security.core.context.SecurityContextImpl] (value [org.springframework.security.core.context.SecurityContextImpl@f9baefa4: Authentication: org.springframework.security.authentication.UsernamePasswordAuthenticationToken@f9baefa4: Principal: org.springframework.security.core.userdetails.User@586034f: Username: admin; Password: [PROTECTED]; Enabled: true; AccountNonExpired: true; credentialsNonExpired: true; AccountNonLocked: true; Granted Authorities: Admin; Credentials: [PROTECTED]; Authenticated: true; Details: null; Granted Authorities: Admin]) but failed to remove it when the web application was stopped. Threads are going to be renewed over time to try and avoid a probable memory leak.
25-Feb-2022 16:35:01.731 SEVERE [localhost-startStop-2] org.apache.catalina.loader.WebappClassLoaderBase.checkThreadLocalMapForLeaks The web application [pentaho] created a ThreadLocal with key of type [org.apache.felix.gogo.runtime.threadio.ThreadIOImpl$1] (value [org.apache.felix.gogo.runtime.threadio.ThreadIOImpl$1@58812b49]) and a value of type [org.apache.felix.gogo.runtime.threadio.Marker] (value [org.apache.felix.gogo.runtime.threadio.Marker@77186f75]) but failed to remove it when the web application was stopped. Threads are going to be renewed over time to try and avoid a probable memory leak.
25-Feb-2022 16:35:01.731 SEVERE [localhost-startStop-2] org.apache.catalina.loader.WebappClassLoaderBase.checkThreadLocalMapForLeaks The web application [pentaho] created a ThreadLocal with key of type [java.lang.InheritableThreadLocal] (value [java.lang.InheritableThreadLocal@7ee6e973]) and a value of type [org.pentaho.platform.engine.core.system.StandaloneSession] (value [org.pentaho.platform.engine.core.system.StandaloneSession@78762876]) but failed to remove it when the web application was stopped. Threads are going to be renewed over time to try and avoid a probable memory leak.
25-Feb-2022 16:35:01.731 SEVERE [localhost-startStop-2] org.apache.catalina.loader.WebappClassLoaderBase.checkThreadLocalMapForLeaks The web application [pentaho] created a ThreadLocal with key of type [java.lang.InheritableThreadLocal] (value [java.lang.InheritableThreadLocal@1784d567]) and a value of type [org.springframework.security.core.context.SecurityContextImpl] (value [org.springframework.security.core.context.SecurityContextImpl@f9baefa4: Authentication: org.springframework.security.authentication.UsernamePasswordAuthenticationToken@f9baefa4: Principal: org.springframework.security.core.userdetails.User@586034f: Username: admin; Password: [PROTECTED]; Enabled: true; AccountNonExpired: true; credentialsNonExpired: true; AccountNonLocked: true; Granted Authorities: Admin; Credentials: [PROTECTED]; Authenticated: true; Details: null; Granted Authorities: Admin]) but failed to remove it when the web application was stopped. Threads are going to be renewed over time to try and avoid a probable memory leak.
25-Feb-2022 16:35:01.732 SEVERE [localhost-startStop-2] org.apache.catalina.loader.WebappClassLoaderBase.checkThreadLocalMapForLeaks The web application [pentaho] created a ThreadLocal with key of type [org.apache.felix.gogo.runtime.threadio.ThreadIOImpl$1] (value [org.apache.felix.gogo.runtime.threadio.ThreadIOImpl$1@58812b49]) and a value of type [org.apache.felix.gogo.runtime.threadio.Marker] (value [org.apache.felix.gogo.runtime.threadio.Marker@77186f75]) but failed to remove it when the web application was stopped. Threads are going to be renewed over time to try and avoid a probable memory leak.
25-Feb-2022 16:35:01.732 SEVERE [localhost-startStop-2] org.apache.catalina.loader.WebappClassLoaderBase.checkThreadLocalMapForLeaks The web application [pentaho] created a ThreadLocal with key of type [java.lang.InheritableThreadLocal] (value [java.lang.InheritableThreadLocal@7ee6e973]) and a value of type [org.pentaho.platform.engine.core.system.StandaloneSession] (value [org.pentaho.platform.engine.core.system.StandaloneSession@78762876]) but failed to remove it when the web application was stopped. Threads are going to be renewed over time to try and avoid a probable memory leak.
25-Feb-2022 16:35:01.732 SEVERE [localhost-startStop-2] org.apache.catalina.loader.WebappClassLoaderBase.checkThreadLocalMapForLeaks The web application [pentaho] created a ThreadLocal with key of type [java.lang.InheritableThreadLocal] (value [java.lang.InheritableThreadLocal@1784d567]) and a value of type [org.springframework.security.core.context.SecurityContextImpl] (value [org.springframework.security.core.context.SecurityContextImpl@f9baefa4: Authentication: org.springframework.security.authentication.UsernamePasswordAuthenticationToken@f9baefa4: Principal: org.springframework.security.core.userdetails.User@586034f: Username: admin; Password: [PROTECTED]; Enabled: true; AccountNonExpired: true; credentialsNonExpired: true; AccountNonLocked: true; Granted Authorities: Admin; Credentials: [PROTECTED]; Authenticated: true; Details: null; Granted Authorities: Admin]) but failed to remove it when the web application was stopped. Threads are going to be renewed over time to try and avoid a probable memory leak.
25-Feb-2022 16:35:01.732 SEVERE [localhost-startStop-2] org.apache.catalina.loader.WebappClassLoaderBase.checkThreadLocalMapForLeaks The web application [pentaho] created a ThreadLocal with key of type [org.apache.felix.gogo.runtime.threadio.ThreadIOImpl$1] (value [org.apache.felix.gogo.runtime.threadio.ThreadIOImpl$1@58812b49]) and a value of type [org.apache.felix.gogo.runtime.threadio.Marker] (value [org.apache.felix.gogo.runtime.threadio.Marker@77186f75]) but failed to remove it when the web application was stopped. Threads are going to be renewed over time to try and avoid a probable memory leak.
25-Feb-2022 16:35:01.732 SEVERE [localhost-startStop-2] org.apache.catalina.loader.WebappClassLoaderBase.checkThreadLocalMapForLeaks The web application [pentaho] created a ThreadLocal with key of type [java.lang.InheritableThreadLocal] (value [java.lang.InheritableThreadLocal@7ee6e973]) and a value of type [org.pentaho.platform.engine.core.system.StandaloneSession] (value [org.pentaho.platform.engine.core.system.StandaloneSession@78762876]) but failed to remove it when the web application was stopped. Threads are going to be renewed over time to try and avoid a probable memory leak.
25-Feb-2022 16:35:01.732 SEVERE [localhost-startStop-2] org.apache.catalina.loader.WebappClassLoaderBase.checkThreadLocalMapForLeaks The web application [pentaho] created a ThreadLocal with key of type [java.lang.InheritableThreadLocal] (value [java.lang.InheritableThreadLocal@1784d567]) and a value of type [org.springframework.security.core.context.SecurityContextImpl] (value [org.springframework.security.core.context.SecurityContextImpl@f9baefa4: Authentication: org.springframework.security.authentication.UsernamePasswordAuthenticationToken@f9baefa4: Principal: org.springframework.security.core.userdetails.User@586034f: Username: admin; Password: [PROTECTED]; Enabled: true; AccountNonExpired: true; credentialsNonExpired: true; AccountNonLocked: true; Granted Authorities: Admin; Credentials: [PROTECTED]; Authenticated: true; Details: null; Granted Authorities: Admin]) but failed to remove it when the web application was stopped. Threads are going to be renewed over time to try and avoid a probable memory leak.
25-Feb-2022 16:35:01.732 SEVERE [localhost-startStop-2] org.apache.catalina.loader.WebappClassLoaderBase.checkThreadLocalMapForLeaks The web application [pentaho] created a ThreadLocal with key of type [org.apache.felix.gogo.runtime.threadio.ThreadIOImpl$1] (value [org.apache.felix.gogo.runtime.threadio.ThreadIOImpl$1@58812b49]) and a value of type [org.apache.felix.gogo.runtime.threadio.Marker] (value [org.apache.felix.gogo.runtime.threadio.Marker@77186f75]) but failed to remove it when the web application was stopped. Threads are going to be renewed over time to try and avoid a probable memory leak.
25-Feb-2022 16:35:01.732 SEVERE [localhost-startStop-2] org.apache.catalina.loader.WebappClassLoaderBase.checkThreadLocalMapForLeaks The web application [pentaho] created a ThreadLocal with key of type [java.lang.InheritableThreadLocal] (value [java.lang.InheritableThreadLocal@7ee6e973]) and a value of type [org.pentaho.platform.engine.core.system.StandaloneSession] (value [org.pentaho.platform.engine.core.system.StandaloneSession@78762876]) but failed to remove it when the web application was stopped. Threads are going to be renewed over time to try and avoid a probable memory leak.
25-Feb-2022 16:35:01.732 SEVERE [localhost-startStop-2] org.apache.catalina.loader.WebappClassLoaderBase.checkThreadLocalMapForLeaks The web application [pentaho] created a ThreadLocal with key of type [java.lang.InheritableThreadLocal] (value [java.lang.InheritableThreadLocal@1784d567]) and a value of type [org.springframework.security.core.context.SecurityContextImpl] (value [org.springframework.security.core.context.SecurityContextImpl@f9baefa4: Authentication: org.springframework.security.authentication.UsernamePasswordAuthenticationToken@f9baefa4: Principal: org.springframework.security.core.userdetails.User@586034f: Username: admin; Password: [PROTECTED]; Enabled: true; AccountNonExpired: true; credentialsNonExpired: true; AccountNonLocked: true; Granted Authorities: Admin; Credentials: [PROTECTED]; Authenticated: true; Details: null; Granted Authorities: Admin]) but failed to remove it when the web application was stopped. Threads are going to be renewed over time to try and avoid a probable memory leak.
25-Feb-2022 16:35:01.733 SEVERE [localhost-startStop-2] org.apache.catalina.loader.WebappClassLoaderBase.checkThreadLocalMapForLeaks The web application [pentaho] created a ThreadLocal with key of type [org.apache.felix.gogo.runtime.threadio.ThreadIOImpl$1] (value [org.apache.felix.gogo.runtime.threadio.ThreadIOImpl$1@58812b49]) and a value of type [org.apache.felix.gogo.runtime.threadio.Marker] (value [org.apache.felix.gogo.runtime.threadio.Marker@77186f75]) but failed to remove it when the web application was stopped. Threads are going to be renewed over time to try and avoid a probable memory leak.
25-Feb-2022 16:35:01.733 SEVERE [localhost-startStop-2] org.apache.catalina.loader.WebappClassLoaderBase.checkThreadLocalMapForLeaks The web application [pentaho] created a ThreadLocal with key of type [java.lang.InheritableThreadLocal] (value [java.lang.InheritableThreadLocal@1784d567]) and a value of type [org.springframework.security.core.context.SecurityContextImpl] (value [org.springframework.security.core.context.SecurityContextImpl@ffffffff: Null authentication]) but failed to remove it when the web application was stopped. Threads are going to be renewed over time to try and avoid a probable memory leak.
25-Feb-2022 16:35:01.733 SEVERE [localhost-startStop-2] org.apache.catalina.loader.WebappClassLoaderBase.checkThreadLocalMapForLeaks The web application [pentaho] created a ThreadLocal with key of type [org.apache.felix.gogo.runtime.threadio.ThreadIOImpl$1] (value [org.apache.felix.gogo.runtime.threadio.ThreadIOImpl$1@58812b49]) and a value of type [org.apache.felix.gogo.runtime.threadio.Marker] (value [org.apache.felix.gogo.runtime.threadio.Marker@77186f75]) but failed to remove it when the web application was stopped. Threads are going to be renewed over time to try and avoid a probable memory leak.
25-Feb-2022 16:35:01.733 SEVERE [localhost-startStop-2] org.apache.catalina.loader.WebappClassLoaderBase.checkThreadLocalMapForLeaks The web application [pentaho] created a ThreadLocal with key of type [java.lang.InheritableThreadLocal] (value [java.lang.InheritableThreadLocal@7ee6e973]) and a value of type [org.pentaho.platform.engine.core.system.StandaloneSession] (value [org.pentaho.platform.engine.core.system.StandaloneSession@69b8c1c5]) but failed to remove it when the web application was stopped. Threads are going to be renewed over time to try and avoid a probable memory leak.
25-Feb-2022 16:35:01.733 SEVERE [localhost-startStop-2] org.apache.catalina.loader.WebappClassLoaderBase.checkThreadLocalMapForLeaks The web application [pentaho] created a ThreadLocal with key of type [java.lang.InheritableThreadLocal] (value [java.lang.InheritableThreadLocal@1784d567]) and a value of type [org.springframework.security.core.context.SecurityContextImpl] (value [org.springframework.security.core.context.SecurityContextImpl@84794aa1: Authentication: org.springframework.security.authentication.UsernamePasswordAuthenticationToken@84794aa1: Principal: 78cc732b-c33a-4a2b-a689-97d254b31904; Credentials: [PROTECTED]; Authenticated: false; Details: null; Not granted any authorities]) but failed to remove it when the web application was stopped. Threads are going to be renewed over time to try and avoid a probable memory leak.
25-Feb-2022 16:35:01.733 SEVERE [localhost-startStop-2] org.apache.catalina.loader.WebappClassLoaderBase.checkThreadLocalMapForLeaks The web application [pentaho] created a ThreadLocal with key of type [java.lang.InheritableThreadLocal] (value [java.lang.InheritableThreadLocal@7ee6e973]) and a value of type [org.pentaho.platform.engine.core.system.StandaloneSession] (value [org.pentaho.platform.engine.core.system.StandaloneSession@69b8c1c5]) but failed to remove it when the web application was stopped. Threads are going to be renewed over time to try and avoid a probable memory leak.
25-Feb-2022 16:35:01.733 SEVERE [localhost-startStop-2] org.apache.catalina.loader.WebappClassLoaderBase.checkThreadLocalMapForLeaks The web application [pentaho] created a ThreadLocal with key of type [java.lang.InheritableThreadLocal] (value [java.lang.InheritableThreadLocal@1784d567]) and a value of type [org.springframework.security.core.context.SecurityContextImpl] (value [org.springframework.security.core.context.SecurityContextImpl@84794aa1: Authentication: org.springframework.security.authentication.UsernamePasswordAuthenticationToken@84794aa1: Principal: 78cc732b-c33a-4a2b-a689-97d254b31904; Credentials: [PROTECTED]; Authenticated: false; Details: null; Not granted any authorities]) but failed to remove it when the web application was stopped. Threads are going to be renewed over time to try and avoid a probable memory leak.
25-Feb-2022 16:35:01.733 SEVERE [localhost-startStop-2] org.apache.catalina.loader.WebappClassLoaderBase.checkThreadLocalMapForLeaks The web application [pentaho] created a ThreadLocal with key of type [java.lang.InheritableThreadLocal] (value [java.lang.InheritableThreadLocal@7ee6e973]) and a value of type [org.pentaho.platform.engine.core.system.StandaloneSession] (value [org.pentaho.platform.engine.core.system.StandaloneSession@69b8c1c5]) but failed to remove it when the web application was stopped. Threads are going to be renewed over time to try and avoid a probable memory leak.
25-Feb-2022 16:35:01.733 SEVERE [localhost-startStop-2] org.apache.catalina.loader.WebappClassLoaderBase.checkThreadLocalMapForLeaks The web application [pentaho] created a ThreadLocal with key of type [java.lang.InheritableThreadLocal] (value [java.lang.InheritableThreadLocal@1784d567]) and a value of type [org.springframework.security.core.context.SecurityContextImpl] (value [org.springframework.security.core.context.SecurityContextImpl@84794aa1: Authentication: org.springframework.security.authentication.UsernamePasswordAuthenticationToken@84794aa1: Principal: 78cc732b-c33a-4a2b-a689-97d254b31904; Credentials: [PROTECTED]; Authenticated: false; Details: null; Not granted any authorities]) but failed to remove it when the web application was stopped. Threads are going to be renewed over time to try and avoid a probable memory leak.
25-Feb-2022 16:35:01.758 WARNING [localhost-startStop-2] org.apache.catalina.loader.WebappClassLoaderBase.clearReferencesThreads The web application [jamon] appears to have started a thread named [JamonDataPersisterTimerTask-saveJamonData] but has failed to stop it. This is very likely to create a memory leak. Stack trace of thread:
 java.lang.Object.wait(Native Method)
 java.util.TimerThread.mainLoop(Timer.java:552)
 java.util.TimerThread.run(Timer.java:505)
25-Feb-2022 16:35:01.783 INFO [Thread-55] org.apache.coyote.AbstractProtocol.stop Stopping ProtocolHandler ["http-nio-8080"]
25-Feb-2022 16:35:01.878 INFO [Thread-55] org.apache.coyote.AbstractProtocol.stop Stopping ProtocolHandler ["ajp-nio-8009"]
25-Feb-2022 16:35:01.979 INFO [Thread-55] org.apache.coyote.AbstractProtocol.destroy Destroying ProtocolHandler ["http-nio-8080"]
25-Feb-2022 16:35:01.982 INFO [Thread-55] org.apache.coyote.AbstractProtocol.destroy Destroying ProtocolHandler ["ajp-nio-8009"]
