26-Feb-2022 13:19:52.711 WARNING [main] org.apache.catalina.core.AprLifecycleListener.init The APR based Apache Tomcat Native library failed to load. The error reported was [/biserver-ce/tomcat/lib/libtcnative-1.so.0.2.8: libapr-1.so.0: cannot open shared object file: No such file or directory]
 java.lang.UnsatisfiedLinkError: /biserver-ce/tomcat/lib/libtcnative-1.so.0.2.8: libapr-1.so.0: cannot open shared object file: No such file or directory
	at java.lang.ClassLoader$NativeLibrary.load(Native Method)
	at java.lang.ClassLoader.loadLibrary0(ClassLoader.java:1941)
	at java.lang.ClassLoader.loadLibrary(ClassLoader.java:1857)
	at java.lang.Runtime.loadLibrary0(Runtime.java:870)
	at java.lang.System.loadLibrary(System.java:1122)
	at org.apache.tomcat.jni.Library.<init>(Library.java:42)
	at org.apache.tomcat.jni.Library.initialize(Library.java:178)
	at org.apache.catalina.core.AprLifecycleListener.init(AprLifecycleListener.java:197)
	at org.apache.catalina.core.AprLifecycleListener.isAprAvailable(AprLifecycleListener.java:106)
	at org.apache.catalina.connector.Connector.setProtocol(Connector.java:564)
	at org.apache.catalina.connector.Connector.<init>(Connector.java:66)
	at org.apache.catalina.startup.ConnectorCreateRule.begin(ConnectorCreateRule.java:62)
	at org.apache.tomcat.util.digester.Digester.startElement(Digester.java:1193)
	at com.sun.org.apache.xerces.internal.parsers.AbstractSAXParser.startElement(AbstractSAXParser.java:509)
	at com.sun.org.apache.xerces.internal.parsers.AbstractXMLDocumentParser.emptyElement(AbstractXMLDocumentParser.java:182)
	at com.sun.org.apache.xerces.internal.impl.XMLDocumentFragmentScannerImpl.scanStartElement(XMLDocumentFragmentScannerImpl.java:1339)
	at com.sun.org.apache.xerces.internal.impl.XMLDocumentFragmentScannerImpl$FragmentContentDriver.next(XMLDocumentFragmentScannerImpl.java:2784)
	at com.sun.org.apache.xerces.internal.impl.XMLDocumentScannerImpl.next(XMLDocumentScannerImpl.java:602)
	at com.sun.org.apache.xerces.internal.impl.XMLDocumentFragmentScannerImpl.scanDocument(XMLDocumentFragmentScannerImpl.java:505)
	at com.sun.org.apache.xerces.internal.parsers.XML11Configuration.parse(XML11Configuration.java:841)
	at com.sun.org.apache.xerces.internal.parsers.XML11Configuration.parse(XML11Configuration.java:770)
	at com.sun.org.apache.xerces.internal.parsers.XMLParser.parse(XMLParser.java:141)
	at com.sun.org.apache.xerces.internal.parsers.AbstractSAXParser.parse(AbstractSAXParser.java:1213)
	at com.sun.org.apache.xerces.internal.jaxp.SAXParserImpl$JAXPSAXParser.parse(SAXParserImpl.java:643)
	at org.apache.tomcat.util.digester.Digester.parse(Digester.java:1466)
	at org.apache.catalina.startup.Catalina.load(Catalina.java:552)
	at org.apache.catalina.startup.Catalina.load(Catalina.java:603)
	at sun.reflect.NativeMethodAccessorImpl.invoke0(Native Method)
	at sun.reflect.NativeMethodAccessorImpl.invoke(NativeMethodAccessorImpl.java:62)
	at sun.reflect.DelegatingMethodAccessorImpl.invoke(DelegatingMethodAccessorImpl.java:43)
	at java.lang.reflect.Method.invoke(Method.java:498)
	at org.apache.catalina.startup.Bootstrap.load(Bootstrap.java:310)
	at org.apache.catalina.startup.Bootstrap.main(Bootstrap.java:484)

26-Feb-2022 13:19:52.860 INFO [main] org.apache.catalina.startup.VersionLoggerListener.log Server version:        Apache Tomcat/8.0.37
26-Feb-2022 13:19:52.861 INFO [main] org.apache.catalina.startup.VersionLoggerListener.log Server built:          Sep 1 2016 10:01:52 UTC
26-Feb-2022 13:19:52.862 INFO [main] org.apache.catalina.startup.VersionLoggerListener.log Server number:         8.0.37.0
26-Feb-2022 13:19:52.862 INFO [main] org.apache.catalina.startup.VersionLoggerListener.log OS Name:               Linux
26-Feb-2022 13:19:52.862 INFO [main] org.apache.catalina.startup.VersionLoggerListener.log OS Version:            5.4.0-100-generic
26-Feb-2022 13:19:52.863 INFO [main] org.apache.catalina.startup.VersionLoggerListener.log Architecture:          amd64
26-Feb-2022 13:19:52.863 INFO [main] org.apache.catalina.startup.VersionLoggerListener.log Java Home:             /usr/lib/jvm/java-8-oracle/jre
26-Feb-2022 13:19:52.864 INFO [main] org.apache.catalina.startup.VersionLoggerListener.log JVM Version:           1.8.0_131-b11
26-Feb-2022 13:19:52.864 INFO [main] org.apache.catalina.startup.VersionLoggerListener.log JVM Vendor:            Oracle Corporation
26-Feb-2022 13:19:52.865 INFO [main] org.apache.catalina.startup.VersionLoggerListener.log CATALINA_BASE:         /biserver-ce/tomcat
26-Feb-2022 13:19:52.866 INFO [main] org.apache.catalina.startup.VersionLoggerListener.log CATALINA_HOME:         /biserver-ce/tomcat
26-Feb-2022 13:19:52.867 INFO [main] org.apache.catalina.startup.VersionLoggerListener.log Command line argument: -Djava.util.logging.config.file=/biserver-ce/tomcat/conf/logging.properties
26-Feb-2022 13:19:52.867 INFO [main] org.apache.catalina.startup.VersionLoggerListener.log Command line argument: -Djava.util.logging.manager=org.apache.juli.ClassLoaderLogManager
26-Feb-2022 13:19:52.867 INFO [main] org.apache.catalina.startup.VersionLoggerListener.log Command line argument: -Djdk.tls.ephemeralDHKeySize=2048
26-Feb-2022 13:19:52.867 INFO [main] org.apache.catalina.startup.VersionLoggerListener.log Command line argument: -DKETTLE_HOME=/biserver-ce/pentaho-solutions/system/kettle
26-Feb-2022 13:19:52.868 INFO [main] org.apache.catalina.startup.VersionLoggerListener.log Command line argument: -Djava.security.egd=file:/dev/./urandom
26-Feb-2022 13:19:52.868 INFO [main] org.apache.catalina.startup.VersionLoggerListener.log Command line argument: -Xms4096m
26-Feb-2022 13:19:52.868 INFO [main] org.apache.catalina.startup.VersionLoggerListener.log Command line argument: -Xmx4096m
26-Feb-2022 13:19:52.868 INFO [main] org.apache.catalina.startup.VersionLoggerListener.log Command line argument: -XX:+UseG1GC
26-Feb-2022 13:19:52.868 INFO [main] org.apache.catalina.startup.VersionLoggerListener.log Command line argument: -XX:+UseStringDeduplication
26-Feb-2022 13:19:52.869 INFO [main] org.apache.catalina.startup.VersionLoggerListener.log Command line argument: -XX:+PreserveFramePointer
26-Feb-2022 13:19:52.869 INFO [main] org.apache.catalina.startup.VersionLoggerListener.log Command line argument: -Djava.awt.headless=true
26-Feb-2022 13:19:52.869 INFO [main] org.apache.catalina.startup.VersionLoggerListener.log Command line argument: -Dpentaho.karaf.root.copy.dest.folder=../../tmp/osgi/karaf
26-Feb-2022 13:19:52.869 INFO [main] org.apache.catalina.startup.VersionLoggerListener.log Command line argument: -Dpentaho.karaf.root.transient=false
26-Feb-2022 13:19:52.869 INFO [main] org.apache.catalina.startup.VersionLoggerListener.log Command line argument: -XX:ErrorFile=../logs/jvm_error.log
26-Feb-2022 13:19:52.869 INFO [main] org.apache.catalina.startup.VersionLoggerListener.log Command line argument: -verbose:gc
26-Feb-2022 13:19:52.870 INFO [main] org.apache.catalina.startup.VersionLoggerListener.log Command line argument: -Xloggc:../logs/gc.log
26-Feb-2022 13:19:52.870 INFO [main] org.apache.catalina.startup.VersionLoggerListener.log Command line argument: -XX:+PrintGCDetails
26-Feb-2022 13:19:52.870 INFO [main] org.apache.catalina.startup.VersionLoggerListener.log Command line argument: -XX:+PrintGCDateStamps
26-Feb-2022 13:19:52.870 INFO [main] org.apache.catalina.startup.VersionLoggerListener.log Command line argument: -XX:+PrintHeapAtGC
26-Feb-2022 13:19:52.871 INFO [main] org.apache.catalina.startup.VersionLoggerListener.log Command line argument: -XX:+PrintStringDeduplicationStatistics
26-Feb-2022 13:19:52.872 INFO [main] org.apache.catalina.startup.VersionLoggerListener.log Command line argument: -XX:+UseGCLogFileRotation
26-Feb-2022 13:19:52.872 INFO [main] org.apache.catalina.startup.VersionLoggerListener.log Command line argument: -XX:NumberOfGCLogFiles=2
26-Feb-2022 13:19:52.872 INFO [main] org.apache.catalina.startup.VersionLoggerListener.log Command line argument: -XX:GCLogFileSize=64M
26-Feb-2022 13:19:52.872 INFO [main] org.apache.catalina.startup.VersionLoggerListener.log Command line argument: -XX:OnOutOfMemoryError=/usr/bin/oom_killer
26-Feb-2022 13:19:52.872 INFO [main] org.apache.catalina.startup.VersionLoggerListener.log Command line argument: -Dsun.rmi.dgc.client.gcInterval=3600000
26-Feb-2022 13:19:52.873 INFO [main] org.apache.catalina.startup.VersionLoggerListener.log Command line argument: -Dsun.rmi.dgc.server.gcInterval=3600000
26-Feb-2022 13:19:52.873 INFO [main] org.apache.catalina.startup.VersionLoggerListener.log Command line argument: -Dfile.encoding=utf8
26-Feb-2022 13:19:52.873 INFO [main] org.apache.catalina.startup.VersionLoggerListener.log Command line argument: -DDI_HOME=/biserver-ce/pentaho-solutions/system/kettle
26-Feb-2022 13:19:52.873 INFO [main] org.apache.catalina.startup.VersionLoggerListener.log Command line argument: -Djava.endorsed.dirs=/biserver-ce/tomcat/endorsed
26-Feb-2022 13:19:52.873 INFO [main] org.apache.catalina.startup.VersionLoggerListener.log Command line argument: -Dcatalina.base=/biserver-ce/tomcat
26-Feb-2022 13:19:52.874 INFO [main] org.apache.catalina.startup.VersionLoggerListener.log Command line argument: -Dcatalina.home=/biserver-ce/tomcat
26-Feb-2022 13:19:52.874 INFO [main] org.apache.catalina.startup.VersionLoggerListener.log Command line argument: -Djava.io.tmpdir=/biserver-ce/tomcat/temp
26-Feb-2022 13:19:53.124 INFO [main] org.apache.coyote.AbstractProtocol.init Initializing ProtocolHandler ["http-nio-8080"]
26-Feb-2022 13:19:53.155 INFO [main] org.apache.tomcat.util.net.NioSelectorPool.getSharedSelector Using a shared selector for servlet write/read
26-Feb-2022 13:19:53.158 INFO [main] org.apache.coyote.AbstractProtocol.init Initializing ProtocolHandler ["ajp-nio-8009"]
26-Feb-2022 13:19:53.160 INFO [main] org.apache.tomcat.util.net.NioSelectorPool.getSharedSelector Using a shared selector for servlet write/read
26-Feb-2022 13:19:53.161 INFO [main] org.apache.catalina.startup.Catalina.load Initialization processed in 871 ms
26-Feb-2022 13:19:53.188 INFO [main] org.apache.catalina.core.StandardService.startInternal Starting service Catalina
26-Feb-2022 13:19:53.188 INFO [main] org.apache.catalina.core.StandardEngine.startInternal Starting Servlet Engine: Apache Tomcat/8.0.37
26-Feb-2022 13:19:53.218 INFO [localhost-startStop-1] org.apache.catalina.startup.HostConfig.deployDirectory Deploying web application directory /biserver-ce/tomcat/webapps/sw-style
26-Feb-2022 13:19:54.628 INFO [localhost-startStop-1] org.apache.jasper.servlet.TldScanner.scanJars At least one JAR was scanned for TLDs yet contained no TLDs. Enable debug logging for this logger for a complete list of JARs that were scanned but no TLDs were found in them. Skipping unneeded JARs during scanning can improve startup time and JSP compilation time.
26-Feb-2022 13:19:54.692 INFO [localhost-startStop-1] org.apache.catalina.startup.HostConfig.deployDirectory Deployment of web application directory /biserver-ce/tomcat/webapps/sw-style has finished in 1,473 ms
26-Feb-2022 13:19:54.693 INFO [localhost-startStop-1] org.apache.catalina.startup.HostConfig.deployDirectory Deploying web application directory /biserver-ce/tomcat/webapps/pentaho-style
26-Feb-2022 13:19:55.270 INFO [localhost-startStop-1] org.apache.jasper.servlet.TldScanner.scanJars At least one JAR was scanned for TLDs yet contained no TLDs. Enable debug logging for this logger for a complete list of JARs that were scanned but no TLDs were found in them. Skipping unneeded JARs during scanning can improve startup time and JSP compilation time.
26-Feb-2022 13:19:55.275 INFO [localhost-startStop-1] org.apache.catalina.startup.HostConfig.deployDirectory Deployment of web application directory /biserver-ce/tomcat/webapps/pentaho-style has finished in 581 ms
26-Feb-2022 13:19:55.275 INFO [localhost-startStop-1] org.apache.catalina.startup.HostConfig.deployDirectory Deploying web application directory /biserver-ce/tomcat/webapps/ROOT
26-Feb-2022 13:19:55.859 INFO [localhost-startStop-1] org.apache.jasper.servlet.TldScanner.scanJars At least one JAR was scanned for TLDs yet contained no TLDs. Enable debug logging for this logger for a complete list of JARs that were scanned but no TLDs were found in them. Skipping unneeded JARs during scanning can improve startup time and JSP compilation time.
26-Feb-2022 13:19:55.861 INFO [localhost-startStop-1] org.apache.catalina.startup.HostConfig.deployDirectory Deployment of web application directory /biserver-ce/tomcat/webapps/ROOT has finished in 586 ms
26-Feb-2022 13:19:55.862 INFO [localhost-startStop-1] org.apache.catalina.startup.HostConfig.deployDirectory Deploying web application directory /biserver-ce/tomcat/webapps/pentaho
26-Feb-2022 13:19:55.871 WARNING [localhost-startStop-1] org.apache.catalina.startup.SetContextPropertiesRule.begin [SetContextPropertiesRule]{Context} Setting property 'docbase' to 'webapps/pentaho/' did not find a matching property.
26-Feb-2022 13:20:12.477 INFO [localhost-startStop-1] org.apache.jasper.servlet.TldScanner.scanJars At least one JAR was scanned for TLDs yet contained no TLDs. Enable debug logging for this logger for a complete list of JARs that were scanned but no TLDs were found in them. Skipping unneeded JARs during scanning can improve startup time and JSP compilation time.
26-Feb-2022 13:20:13.055 INFO [HSQLDB Server @1409629d] org.hsqldb.persist.Logger.logInfoEvent open start - state modified
26-Feb-2022 13:20:13.092 INFO [HSQLDB Server @1409629d] org.hsqldb.persist.Logger.logInfoEvent checkpointClose start
26-Feb-2022 13:20:13.092 INFO [HSQLDB Server @1409629d] org.hsqldb.persist.Logger.logInfoEvent checkpointClose synched
26-Feb-2022 13:20:13.103 INFO [HSQLDB Server @1409629d] org.hsqldb.persist.Logger.logInfoEvent checkpointClose script done
26-Feb-2022 13:20:13.111 INFO [HSQLDB Server @1409629d] org.hsqldb.persist.Logger.logInfoEvent checkpointClose end
26-Feb-2022 13:20:13.163 INFO [HSQLDB Server @1409629d] org.hsqldb.persist.Logger.logInfoEvent open start - state modified
26-Feb-2022 13:20:13.190 INFO [HSQLDB Server @1409629d] org.hsqldb.persist.Logger.logInfoEvent checkpointClose start
26-Feb-2022 13:20:13.190 INFO [HSQLDB Server @1409629d] org.hsqldb.persist.Logger.logInfoEvent checkpointClose synched
26-Feb-2022 13:20:13.198 INFO [HSQLDB Server @1409629d] org.hsqldb.persist.Logger.logInfoEvent checkpointClose script done
26-Feb-2022 13:20:13.205 INFO [HSQLDB Server @1409629d] org.hsqldb.persist.Logger.logInfoEvent checkpointClose end
26-Feb-2022 13:20:13.246 INFO [HSQLDB Server @1409629d] org.hsqldb.persist.Logger.logInfoEvent open start - state not modified
26-Feb-2022 13:20:13.262 INFO [HSQLDB Server @1409629d] org.hsqldb.persist.Logger.logInfoEvent dataFileCache open start
26-Feb-2022 13:20:13.278 INFO [HSQLDB Server @1409629d] org.hsqldb.persist.Logger.logInfoEvent dataFileCache open end
26-Feb-2022 13:20:17.491 INFO [Thread-8] org.apache.karaf.main.Main$KarafLockCallback.lockAquired Lock acquired. Setting startlevel to 100
26-Feb-2022 13:20:23.001 INFO [FelixStartLevel] org.apache.cxf.bus.blueprint.NamespaceHandlerRegisterer.register Registered blueprint namespace handler for http://cxf.apache.org/blueprint/core
26-Feb-2022 13:20:23.004 INFO [FelixStartLevel] org.apache.cxf.bus.blueprint.NamespaceHandlerRegisterer.register Registered blueprint namespace handler for http://cxf.apache.org/configuration/beans
26-Feb-2022 13:20:23.005 INFO [FelixStartLevel] org.apache.cxf.bus.blueprint.NamespaceHandlerRegisterer.register Registered blueprint namespace handler for http://cxf.apache.org/configuration/parameterized-types
26-Feb-2022 13:20:23.007 INFO [FelixStartLevel] org.apache.cxf.bus.blueprint.NamespaceHandlerRegisterer.register Registered blueprint namespace handler for http://cxf.apache.org/configuration/security
26-Feb-2022 13:20:23.009 INFO [FelixStartLevel] org.apache.cxf.bus.blueprint.NamespaceHandlerRegisterer.register Registered blueprint namespace handler for http://schemas.xmlsoap.org/wsdl/
26-Feb-2022 13:20:23.010 INFO [FelixStartLevel] org.apache.cxf.bus.blueprint.NamespaceHandlerRegisterer.register Registered blueprint namespace handler for http://www.w3.org/2005/08/addressing
26-Feb-2022 13:20:23.011 INFO [FelixStartLevel] org.apache.cxf.bus.blueprint.NamespaceHandlerRegisterer.register Registered blueprint namespace handler for http://schemas.xmlsoap.org/ws/2004/08/addressing
26-Feb-2022 13:20:23.018 INFO [FelixStartLevel] org.apache.cxf.bus.osgi.CXFExtensionBundleListener.addExtensions Adding the extensions from bundle org.apache.cxf.cxf-rt-management (76) [org.apache.cxf.management.InstrumentationManager]
26-Feb-2022 13:20:23.077 INFO [FelixStartLevel] org.apache.cxf.bus.osgi.CXFExtensionBundleListener.addExtensions Adding the extensions from bundle org.apache.cxf.cxf-rt-wsdl (79) [org.apache.cxf.wsdl.WSDLManager]
26-Feb-2022 13:20:23.088 INFO [FelixStartLevel] org.apache.cxf.bus.osgi.CXFExtensionBundleListener.addExtensions Adding the extensions from bundle org.apache.cxf.cxf-rt-bindings-xml (81) [org.apache.cxf.binding.xml.XMLBindingFactory, org.apache.cxf.binding.xml.wsdl11.XMLWSDLExtensionLoader]
26-Feb-2022 13:20:23.093 INFO [FelixStartLevel] org.apache.cxf.bus.osgi.CXFExtensionBundleListener.addExtensions Adding the extensions from bundle org.apache.cxf.cxf-rt-bindings-soap (82) [org.apache.cxf.binding.soap.SoapBindingFactory, org.apache.cxf.binding.soap.SoapTransportFactory]
26-Feb-2022 13:20:23.098 INFO [FelixStartLevel] org.apache.cxf.bus.blueprint.NamespaceHandlerRegisterer.register Registered blueprint namespace handler for http://cxf.apache.org/blueprint/bindings/soap
26-Feb-2022 13:20:23.138 INFO [FelixStartLevel] org.apache.cxf.bus.osgi.CXFExtensionBundleListener.addExtensions Adding the extensions from bundle org.apache.cxf.cxf-rt-ws-policy (103) [org.apache.cxf.ws.policy.PolicyEngine, org.apache.cxf.policy.PolicyDataEngine, org.apache.cxf.ws.policy.AssertionBuilderRegistry, org.apache.cxf.ws.policy.PolicyInterceptorProviderRegistry, org.apache.cxf.ws.policy.PolicyBuilder, org.apache.cxf.ws.policy.PolicyAnnotationListener, org.apache.cxf.ws.policy.attachment.ServiceModelPolicyProvider, org.apache.cxf.ws.policy.attachment.external.DomainExpressionBuilderRegistry, org.apache.cxf.ws.policy.attachment.external.EndpointReferenceDomainExpressionBuilder, org.apache.cxf.ws.policy.attachment.external.URIDomainExpressionBuilder, org.apache.cxf.ws.policy.attachment.wsdl11.Wsdl11AttachmentPolicyProvider, org.apache.cxf.ws.policy.mtom.MTOMAssertionBuilder, org.apache.cxf.ws.policy.mtom.MTOMPolicyInterceptorProvider]
26-Feb-2022 13:20:23.141 INFO [FelixStartLevel] org.apache.cxf.bus.osgi.CXFExtensionBundleListener.addExtensions Adding the extensions from bundle org.apache.cxf.cxf-rt-transports-http (86) [org.apache.cxf.transport.http.HTTPTransportFactory, org.apache.cxf.transport.http.HTTPWSDLExtensionLoader, org.apache.cxf.transport.http.policy.HTTPClientAssertionBuilder, org.apache.cxf.transport.http.policy.HTTPServerAssertionBuilder, org.apache.cxf.transport.http.policy.NoOpPolicyInterceptorProvider]
26-Feb-2022 13:20:23.183 INFO [FelixStartLevel] org.apache.cxf.bus.blueprint.NamespaceHandlerRegisterer.register Registered blueprint namespace handler for http://cxf.apache.org/transports/http/configuration
26-Feb-2022 13:20:23.207 INFO [FelixStartLevel] org.apache.cxf.bus.blueprint.NamespaceHandlerRegisterer.register Registered blueprint namespace handler for http://cxf.apache.org/blueprint/simple
26-Feb-2022 13:20:23.236 INFO [FelixStartLevel] org.apache.cxf.bus.osgi.CXFExtensionBundleListener.addExtensions Adding the extensions from bundle org.apache.cxf.cxf-rt-frontend-jaxws (88) [org.apache.cxf.jaxws.context.WebServiceContextResourceResolver]
26-Feb-2022 13:20:23.240 INFO [FelixStartLevel] org.apache.cxf.bus.blueprint.NamespaceHandlerRegisterer.register Registered blueprint namespace handler for http://cxf.apache.org/blueprint/jaxws
26-Feb-2022 13:20:23.263 INFO [FelixStartLevel] org.apache.cxf.bus.blueprint.NamespaceHandlerRegisterer.register Registered blueprint namespace handler for http://cxf.apache.org/blueprint/jaxrs
26-Feb-2022 13:20:23.272 INFO [FelixStartLevel] org.apache.cxf.bus.blueprint.NamespaceHandlerRegisterer.register Registered blueprint namespace handler for http://cxf.apache.org/blueprint/jaxrs-client
26-Feb-2022 13:20:23.282 INFO [FelixStartLevel] org.apache.cxf.bus.blueprint.NamespaceHandlerRegisterer.register Registered blueprint namespace handler for http://cxf.apache.org/binding/coloc
26-Feb-2022 13:20:23.285 INFO [FelixStartLevel] org.apache.cxf.bus.osgi.CXFExtensionBundleListener.addExtensions Adding the extensions from bundle org.apache.cxf.cxf-rt-transports-local (99) [org.apache.cxf.transport.local.LocalTransportFactory]
26-Feb-2022 13:20:23.289 INFO [FelixStartLevel] org.apache.cxf.bus.osgi.CXFExtensionBundleListener.addExtensions Adding the extensions from bundle org.apache.cxf.cxf-rt-bindings-object (100) [org.apache.cxf.binding.object.ObjectBindingFactory]
26-Feb-2022 13:20:23.291 INFO [FelixStartLevel] org.apache.cxf.bus.blueprint.NamespaceHandlerRegisterer.register Registered blueprint namespace handler for http://cxf.apache.org/blueprint/binding/object
26-Feb-2022 13:20:23.297 INFO [FelixStartLevel] org.apache.cxf.bus.blueprint.NamespaceHandlerRegisterer.register Registered blueprint namespace handler for http://cxf.apache.org/policy
26-Feb-2022 13:20:23.298 INFO [FelixStartLevel] org.apache.cxf.bus.blueprint.NamespaceHandlerRegisterer.register Registered blueprint namespace handler for http://www.w3.org/ns/ws-policy
26-Feb-2022 13:20:23.299 INFO [FelixStartLevel] org.apache.cxf.bus.blueprint.NamespaceHandlerRegisterer.register Registered blueprint namespace handler for http://www.w3.org/2006/07/ws-policy
26-Feb-2022 13:20:23.300 INFO [FelixStartLevel] org.apache.cxf.bus.blueprint.NamespaceHandlerRegisterer.register Registered blueprint namespace handler for http://schemas.xmlsoap.org/ws/2004/09/policy
26-Feb-2022 13:20:23.300 INFO [FelixStartLevel] org.apache.cxf.bus.blueprint.NamespaceHandlerRegisterer.register Registered blueprint namespace handler for http://docs.oasis-open.org/wss/2004/01/oasis-200401-wss-wssecurity-secext-1.0.xsd
26-Feb-2022 13:20:23.301 INFO [FelixStartLevel] org.apache.cxf.bus.blueprint.NamespaceHandlerRegisterer.register Registered blueprint namespace handler for http://docs.oasis-open.org/wss/2004/01/oasis-200401-wss-wssecurity-utility-1.0.xsd
26-Feb-2022 13:20:23.302 INFO [FelixStartLevel] org.apache.cxf.bus.blueprint.NamespaceHandlerRegisterer.register Registered blueprint namespace handler for http://www.w3.org/2000/09/xmldsig#
26-Feb-2022 13:20:23.303 INFO [FelixStartLevel] org.apache.cxf.bus.blueprint.NamespaceHandlerRegisterer.register Registered blueprint namespace handler for http://docs.oasis-open.org/ws-sx/ws-securitypolicy/200702
26-Feb-2022 13:20:23.308 INFO [FelixStartLevel] org.apache.cxf.bus.osgi.CXFExtensionBundleListener.addExtensions Adding the extensions from bundle org.apache.cxf.cxf-rt-ws-addr (120) [org.apache.cxf.ws.addressing.policy.AddressingAssertionBuilder, org.apache.cxf.ws.addressing.policy.UsingAddressingAssertionBuilder, org.apache.cxf.ws.addressing.policy.AddressingPolicyInterceptorProvider, org.apache.cxf.ws.addressing.impl.AddressingWSDLExtensionLoader, org.apache.cxf.ws.addressing.WSAddressingFeature$WSAddressingFeatureApplier, org.apache.cxf.ws.addressing.MAPAggregator$MAPAggregatorLoader]
26-Feb-2022 13:20:23.311 INFO [FelixStartLevel] org.apache.cxf.bus.blueprint.NamespaceHandlerRegisterer.register Registered blueprint namespace handler for http://cxf.apache.org/ws/addressing
26-Feb-2022 13:20:23.336 INFO [FelixStartLevel] org.apache.cxf.bus.osgi.CXFExtensionBundleListener.addExtensions Adding the extensions from bundle org.apache.cxf.cxf-rt-ws-security (122) [org.apache.cxf.ws.security.policy.WSSecurityPolicyLoader, org.apache.cxf.ws.security.cache.CacheCleanupListener]
26-Feb-2022 13:20:23.347 INFO [FelixStartLevel] org.apache.cxf.bus.osgi.CXFExtensionBundleListener.addExtensions Adding the extensions from bundle org.apache.cxf.cxf-rt-ws-rm (124) [org.apache.cxf.ws.rm.RMManager, org.apache.cxf.ws.rm.policy.RMPolicyInterceptorProvider, org.apache.cxf.ws.rm.policy.RM10AssertionBuilder, org.apache.cxf.ws.rm.policy.RM12AssertionBuilder, org.apache.cxf.ws.rm.policy.WSRMP12PolicyLoader, org.apache.cxf.ws.rm.policy.MC11PolicyLoader, org.apache.cxf.ws.rm.policy.RSPPolicyLoader]
26-Feb-2022 13:20:23.351 INFO [FelixStartLevel] org.apache.cxf.bus.blueprint.NamespaceHandlerRegisterer.register Registered blueprint namespace handler for http://cxf.apache.org/ws/rm/manager
26-Feb-2022 13:20:23.352 INFO [FelixStartLevel] org.apache.cxf.bus.blueprint.NamespaceHandlerRegisterer.register Registered blueprint namespace handler for http://schemas.xmlsoap.org/ws/2005/02/rm/policy
26-Feb-2022 13:20:23.356 INFO [FelixStartLevel] org.apache.cxf.bus.osgi.CXFExtensionBundleListener.addExtensions Adding the extensions from bundle org.apache.cxf.cxf-rt-javascript (125) [org.apache.cxf.javascript.JavascriptServerListener]
26-Feb-2022 13:20:26.623 INFO [FelixStartLevel] org.pentaho.caching.impl.PentahoCacheManagerFactory$RegistrationHandler$1.onSuccess New Caching Service registered
26-Feb-2022 13:20:30.315 INFO [FelixStartLevel] org.apache.cxf.management.jmx.InstrumentationManagerImpl.registerMBeanWithServer registering MBean org.apache.cxf:bus.id=marketplaceImplBus,type=Bus,instance.id=42414233: org.apache.cxf.bus.ManagedBus@58d3eda5
26-Feb-2022 13:20:30.348 INFO [FelixStartLevel] org.apache.cxf.management.jmx.InstrumentationManagerImpl.registerMBeanWithServer registering MBean org.apache.cxf:bus.id=marketplaceImplBus,type=Bus,instance.id=42414233: javax.management.modelmbean.RequiredModelMBean@9dca5dd
26-Feb-2022 13:20:30.351 INFO [FelixStartLevel] org.apache.cxf.management.jmx.InstrumentationManagerImpl.init registered org.apache.cxf:bus.id=marketplaceImplBus,type=Bus,instance.id=42414233
26-Feb-2022 13:20:30.355 INFO [FelixStartLevel] org.apache.cxf.management.jmx.InstrumentationManagerImpl.registerMBeanWithServer registering MBean org.apache.cxf:bus.id=marketplaceImplBus,WorkQueueManager=Bus.WorkQueueManager,type=WorkQueueManager,instance.id=2039508493: org.apache.cxf.bus.managers.WorkQueueManagerImplMBeanWrapper@3a38936c
26-Feb-2022 13:20:30.358 INFO [FelixStartLevel] org.apache.cxf.management.jmx.InstrumentationManagerImpl.registerMBeanWithServer registering MBean org.apache.cxf:bus.id=marketplaceImplBus,WorkQueueManager=Bus.WorkQueueManager,type=WorkQueueManager,instance.id=2039508493: javax.management.modelmbean.RequiredModelMBean@16898ed4
26-Feb-2022 13:20:30.905 INFO [FelixStartLevel] org.apache.cxf.endpoint.ServerImpl.initDestination Setting the server's publish address to be /marketplace
26-Feb-2022 13:20:30.907 INFO [FelixStartLevel] org.apache.cxf.management.jmx.InstrumentationManagerImpl.registerMBeanWithServer registering MBean org.apache.cxf:bus.id=marketplaceImplBus,type=Bus.Service.Endpoint,service="{http://endpoints.marketplace.pentaho.org/}MarketplaceService",port="MarketplaceService",instance.id=177881463: org.apache.cxf.endpoint.ManagedEndpoint@c9cc42a
26-Feb-2022 13:20:30.917 INFO [FelixStartLevel] org.apache.cxf.management.jmx.InstrumentationManagerImpl.registerMBeanWithServer registering MBean org.apache.cxf:bus.id=marketplaceImplBus,type=Bus.Service.Endpoint,service="{http://endpoints.marketplace.pentaho.org/}MarketplaceService",port="MarketplaceService",instance.id=177881463: javax.management.modelmbean.RequiredModelMBean@54ee8c2
26-Feb-2022 13:20:31.127 INFO [FelixStartLevel] org.apache.cxf.management.jmx.InstrumentationManagerImpl.registerMBeanWithServer registering MBean org.apache.cxf:bus.id=pentaho-metaverse-web-cxf1354349697,type=Bus,instance.id=1354349697: org.apache.cxf.bus.ManagedBus@248ac33
26-Feb-2022 13:20:31.128 INFO [FelixStartLevel] org.apache.cxf.management.jmx.InstrumentationManagerImpl.registerMBeanWithServer registering MBean org.apache.cxf:bus.id=pentaho-metaverse-web-cxf1354349697,type=Bus,instance.id=1354349697: javax.management.modelmbean.RequiredModelMBean@4466ea25
26-Feb-2022 13:20:31.130 INFO [FelixStartLevel] org.apache.cxf.management.jmx.InstrumentationManagerImpl.init registered org.apache.cxf:bus.id=pentaho-metaverse-web-cxf1354349697,type=Bus,instance.id=1354349697
26-Feb-2022 13:20:31.131 INFO [FelixStartLevel] org.apache.cxf.management.jmx.InstrumentationManagerImpl.registerMBeanWithServer registering MBean org.apache.cxf:bus.id=pentaho-metaverse-web-cxf1354349697,WorkQueueManager=Bus.WorkQueueManager,type=WorkQueueManager,instance.id=1882413799: org.apache.cxf.bus.managers.WorkQueueManagerImplMBeanWrapper@6d73add4
26-Feb-2022 13:20:31.131 INFO [FelixStartLevel] org.apache.cxf.management.jmx.InstrumentationManagerImpl.registerMBeanWithServer registering MBean org.apache.cxf:bus.id=pentaho-metaverse-web-cxf1354349697,WorkQueueManager=Bus.WorkQueueManager,type=WorkQueueManager,instance.id=1882413799: javax.management.modelmbean.RequiredModelMBean@2a1dad7d
26-Feb-2022 13:20:31.203 INFO [FelixStartLevel] org.apache.cxf.endpoint.ServerImpl.initDestination Setting the server's publish address to be /lineage
26-Feb-2022 13:20:31.204 INFO [FelixStartLevel] org.apache.cxf.management.jmx.InstrumentationManagerImpl.registerMBeanWithServer registering MBean org.apache.cxf:bus.id=pentaho-metaverse-web-cxf1354349697,type=Bus.Service.Endpoint,service="{http://service.metaverse.pentaho.org/}MetaverseService",port="MetaverseService",instance.id=385392048: org.apache.cxf.endpoint.ManagedEndpoint@17962f64
26-Feb-2022 13:20:31.209 INFO [FelixStartLevel] org.apache.cxf.management.jmx.InstrumentationManagerImpl.registerMBeanWithServer registering MBean org.apache.cxf:bus.id=pentaho-metaverse-web-cxf1354349697,type=Bus.Service.Endpoint,service="{http://service.metaverse.pentaho.org/}MetaverseService",port="MetaverseService",instance.id=385392048: javax.management.modelmbean.RequiredModelMBean@e0862c1
26-Feb-2022 13:20:31.272 INFO [FelixStartLevel] org.apache.cxf.management.jmx.InstrumentationManagerImpl.registerMBeanWithServer registering MBean org.apache.cxf:bus.id=i18nWebServiceBus,type=Bus,instance.id=1715368047: org.apache.cxf.bus.ManagedBus@6fbe9b66
26-Feb-2022 13:20:31.282 INFO [FelixStartLevel] org.apache.cxf.management.jmx.InstrumentationManagerImpl.registerMBeanWithServer registering MBean org.apache.cxf:bus.id=i18nWebServiceBus,type=Bus,instance.id=1715368047: javax.management.modelmbean.RequiredModelMBean@553ea3da
26-Feb-2022 13:20:31.285 INFO [FelixStartLevel] org.apache.cxf.management.jmx.InstrumentationManagerImpl.init registered org.apache.cxf:bus.id=i18nWebServiceBus,type=Bus,instance.id=1715368047
26-Feb-2022 13:20:31.286 INFO [FelixStartLevel] org.apache.cxf.management.jmx.InstrumentationManagerImpl.registerMBeanWithServer registering MBean org.apache.cxf:bus.id=i18nWebServiceBus,WorkQueueManager=Bus.WorkQueueManager,type=WorkQueueManager,instance.id=363343619: org.apache.cxf.bus.managers.WorkQueueManagerImplMBeanWrapper@88d1
26-Feb-2022 13:20:31.286 INFO [FelixStartLevel] org.apache.cxf.management.jmx.InstrumentationManagerImpl.registerMBeanWithServer registering MBean org.apache.cxf:bus.id=i18nWebServiceBus,WorkQueueManager=Bus.WorkQueueManager,type=WorkQueueManager,instance.id=363343619: javax.management.modelmbean.RequiredModelMBean@1b7e561c
26-Feb-2022 13:20:31.300 INFO [FelixStartLevel] org.apache.cxf.endpoint.ServerImpl.initDestination Setting the server's publish address to be /i18n
26-Feb-2022 13:20:31.302 INFO [FelixStartLevel] org.apache.cxf.management.jmx.InstrumentationManagerImpl.registerMBeanWithServer registering MBean org.apache.cxf:bus.id=i18nWebServiceBus,type=Bus.Service.Endpoint,service="{http://webservice.i18n.osgi.pentaho.org/}LocalizationWebservice",port="LocalizationWebservice",instance.id=713034251: org.apache.cxf.endpoint.ManagedEndpoint@7ecc46bc
26-Feb-2022 13:20:31.303 INFO [FelixStartLevel] org.apache.cxf.management.jmx.InstrumentationManagerImpl.registerMBeanWithServer registering MBean org.apache.cxf:bus.id=i18nWebServiceBus,type=Bus.Service.Endpoint,service="{http://webservice.i18n.osgi.pentaho.org/}LocalizationWebservice",port="LocalizationWebservice",instance.id=713034251: javax.management.modelmbean.RequiredModelMBean@56221115
26-Feb-2022 13:20:49.151 INFO [localhost-startStop-1] org.apache.catalina.startup.HostConfig.deployDirectory Deployment of web application directory /biserver-ce/tomcat/webapps/pentaho has finished in 53,288 ms
26-Feb-2022 13:20:49.151 INFO [localhost-startStop-1] org.apache.catalina.startup.HostConfig.deployDirectory Deploying web application directory /biserver-ce/tomcat/webapps/jamon
26-Feb-2022 13:20:49.942 INFO [localhost-startStop-1] org.apache.jasper.servlet.TldScanner.scanJars At least one JAR was scanned for TLDs yet contained no TLDs. Enable debug logging for this logger for a complete list of JARs that were scanned but no TLDs were found in them. Skipping unneeded JARs during scanning can improve startup time and JSP compilation time.
26-Feb-2022 13:20:50.017 INFO [localhost-startStop-1] org.apache.catalina.startup.HostConfig.deployDirectory Deployment of web application directory /biserver-ce/tomcat/webapps/jamon has finished in 866 ms
26-Feb-2022 13:20:50.040 INFO [main] org.apache.coyote.AbstractProtocol.start Starting ProtocolHandler ["http-nio-8080"]
26-Feb-2022 13:20:50.051 INFO [main] org.apache.coyote.AbstractProtocol.start Starting ProtocolHandler ["ajp-nio-8009"]
26-Feb-2022 13:20:50.054 INFO [main] org.apache.catalina.startup.Catalina.start Server startup in 54003 ms
