2022-02-13 20:28:49,741 DEBUG [org.pentaho.di.osgi.OSGIPluginTracker] BeanFactoryLookup is currently not set, returning null
2022-02-13 20:28:49,752 DEBUG [org.pentaho.di.osgi.OSGIPluginTracker] BeanFactoryLookup is currently not set, returning null
2022-02-13 20:28:49,758 DEBUG [org.pentaho.di.osgi.OSGIPluginTracker] BeanFactoryLookup is currently not set, returning null
2022-02-13 20:28:49,758 DEBUG [org.pentaho.di.osgi.OSGIPluginTracker] BeanFactoryLookup is currently not set, returning null
2022-02-13 20:28:49,784 DEBUG [org.pentaho.di.osgi.AnnotationBasedOsgiPlugin] Error getting Constructor for BasePluginType of [ org.pentaho.di.core.extension.ExtensionPointPluginType ]
2022-02-13 20:28:49,789 DEBUG [org.pentaho.di.osgi.AnnotationBasedOsgiPlugin] Error getting Constructor for BasePluginType of [ org.pentaho.di.core.extension.ExtensionPointPluginType ]
2022-02-13 20:28:49,829 DEBUG [org.pentaho.di.osgi.AnnotationBasedOsgiPlugin] Error getting Constructor for BasePluginType of [ org.pentaho.di.core.extension.ExtensionPointPluginType ]
2022-02-13 20:28:50,012 DEBUG [org.pentaho.di.osgi.AnnotationBasedOsgiPlugin] Error getting Constructor for BasePluginType of [ org.pentaho.di.core.extension.ExtensionPointPluginType ]
2022-02-13 20:28:50,064 DEBUG [org.pentaho.di.osgi.AnnotationBasedOsgiPlugin] Error getting Constructor for BasePluginType of [ org.pentaho.di.core.plugins.JobEntryPluginType ]
2022-02-13 20:28:50,081 DEBUG [org.pentaho.di.osgi.AnnotationBasedOsgiPlugin] Error getting Constructor for BasePluginType of [ org.pentaho.di.core.plugins.StepPluginType ]
2022-02-13 20:28:50,084 DEBUG [org.pentaho.di.osgi.AnnotationBasedOsgiPlugin] Error getting Constructor for BasePluginType of [ org.pentaho.di.core.plugins.StepPluginType ]
2022-02-13 20:28:50,085 DEBUG [org.pentaho.di.osgi.AnnotationBasedOsgiPlugin] Error getting Constructor for BasePluginType of [ org.pentaho.di.core.plugins.LifecyclePluginType ]
2022-02-13 20:28:50,109 DEBUG [org.pentaho.di.osgi.AnnotationBasedOsgiPlugin] Error getting Constructor for BasePluginType of [ org.pentaho.di.core.plugins.StepPluginType ]
2022-02-13 20:28:50,111 DEBUG [org.pentaho.di.osgi.AnnotationBasedOsgiPlugin] Error getting Constructor for BasePluginType of [ org.pentaho.di.core.plugins.StepPluginType ]
2022-02-13 20:28:50,114 DEBUG [org.pentaho.di.osgi.AnnotationBasedOsgiPlugin] Error getting Constructor for BasePluginType of [ org.pentaho.di.core.plugins.StepPluginType ]
2022-02-13 20:28:50,147 DEBUG [org.pentaho.di.osgi.AnnotationBasedOsgiPlugin] Error getting Constructor for BasePluginType of [ org.pentaho.di.core.plugins.JobEntryPluginType ]
2022-02-13 20:28:50,151 DEBUG [org.pentaho.di.osgi.AnnotationBasedOsgiPlugin] Error getting Constructor for BasePluginType of [ org.pentaho.di.core.plugins.JobEntryPluginType ]
2022-02-13 20:28:50,155 DEBUG [org.pentaho.di.osgi.AnnotationBasedOsgiPlugin] Error getting Constructor for BasePluginType of [ org.pentaho.di.core.plugins.StepPluginType ]
2022-02-13 20:28:50,166 DEBUG [org.pentaho.di.osgi.AnnotationBasedOsgiPlugin] Error getting Constructor for BasePluginType of [ org.pentaho.di.core.plugins.StepPluginType ]
2022-02-13 20:28:50,244 DEBUG [org.pentaho.di.osgi.AnnotationBasedOsgiPlugin] Error getting Constructor for BasePluginType of [ org.pentaho.di.core.plugins.JobEntryPluginType ]
2022-02-13 20:28:50,299 DEBUG [org.pentaho.di.osgi.AnnotationBasedOsgiPlugin] Error getting Constructor for BasePluginType of [ org.pentaho.di.core.plugins.JobEntryPluginType ]
2022-02-13 20:28:50,344 DEBUG [org.pentaho.di.osgi.AnnotationBasedOsgiPlugin] Error getting Constructor for BasePluginType of [ org.pentaho.di.core.plugins.JobEntryPluginType ]
2022-02-13 20:28:50,356 DEBUG [org.pentaho.di.osgi.AnnotationBasedOsgiPlugin] Error getting Constructor for BasePluginType of [ org.pentaho.di.core.plugins.JobEntryPluginType ]
2022-02-13 20:28:50,461 DEBUG [org.pentaho.di.osgi.AnnotationBasedOsgiPlugin] Error getting Constructor for BasePluginType of [ org.pentaho.di.core.plugins.DatabasePluginType ]
2022-02-13 20:28:50,463 DEBUG [org.pentaho.di.osgi.AnnotationBasedOsgiPlugin] Error getting Constructor for BasePluginType of [ org.pentaho.di.core.plugins.DatabasePluginType ]
2022-02-13 20:28:50,463 DEBUG [org.pentaho.di.osgi.AnnotationBasedOsgiPlugin] Error getting Constructor for BasePluginType of [ org.pentaho.di.core.plugins.DatabasePluginType ]
2022-02-13 20:28:50,464 DEBUG [org.pentaho.di.osgi.AnnotationBasedOsgiPlugin] Error getting Constructor for BasePluginType of [ org.pentaho.di.core.plugins.DatabasePluginType ]
2022-02-13 20:28:50,465 DEBUG [org.pentaho.di.osgi.AnnotationBasedOsgiPlugin] Error getting Constructor for BasePluginType of [ org.pentaho.di.core.plugins.DatabasePluginType ]
2022-02-13 20:28:50,498 DEBUG [org.pentaho.di.osgi.AnnotationBasedOsgiPlugin] Error getting Constructor for BasePluginType of [ org.pentaho.di.core.plugins.JobEntryPluginType ]
2022-02-13 20:28:53,606 DEBUG [org.pentaho.di.osgi.AnnotationBasedOsgiPlugin] Error getting Constructor for BasePluginType of [ org.pentaho.di.core.plugins.DatabasePluginType ]
2022-02-13 20:28:53,618 DEBUG [org.pentaho.di.osgi.AnnotationBasedOsgiPlugin] Error getting Constructor for BasePluginType of [ org.pentaho.di.core.plugins.LifecyclePluginType ]
2022-02-13 20:28:53,934 DEBUG [org.pentaho.di.osgi.AnnotationBasedOsgiPlugin] Error getting Constructor for BasePluginType of [ org.pentaho.di.core.extension.ExtensionPointPluginType ]
2022-02-13 20:28:53,935 DEBUG [org.pentaho.di.osgi.AnnotationBasedOsgiPlugin] Error getting Constructor for BasePluginType of [ org.pentaho.di.core.extension.ExtensionPointPluginType ]
2022-02-13 20:28:54,108 DEBUG [org.pentaho.di.osgi.AnnotationBasedOsgiPlugin] Error getting Constructor for BasePluginType of [ org.pentaho.di.core.plugins.CartePluginType ]
2022-02-13 20:28:54,114 DEBUG [org.pentaho.di.osgi.AnnotationBasedOsgiPlugin] Error getting Constructor for BasePluginType of [ org.pentaho.di.core.plugins.CartePluginType ]
2022-02-13 20:28:54,115 DEBUG [org.pentaho.di.osgi.AnnotationBasedOsgiPlugin] Error getting Constructor for BasePluginType of [ org.pentaho.di.core.plugins.CartePluginType ]
2022-02-13 20:28:54,121 DEBUG [org.pentaho.di.osgi.AnnotationBasedOsgiPlugin] Error getting Constructor for BasePluginType of [ org.pentaho.di.ui.spoon.SpoonPluginType ]
2022-02-13 20:28:54,126 DEBUG [org.pentaho.di.osgi.AnnotationBasedOsgiPlugin] Error getting Constructor for BasePluginType of [ org.pentaho.di.core.extension.ExtensionPointPluginType ]
2022-02-13 20:28:54,129 DEBUG [org.pentaho.di.osgi.AnnotationBasedOsgiPlugin] Error getting Constructor for BasePluginType of [ org.pentaho.di.core.extension.ExtensionPointPluginType ]
2022-02-13 20:28:54,129 DEBUG [org.pentaho.di.osgi.AnnotationBasedOsgiPlugin] Error getting Constructor for BasePluginType of [ org.pentaho.di.core.extension.ExtensionPointPluginType ]
2022-02-13 20:28:54,129 DEBUG [org.pentaho.di.osgi.AnnotationBasedOsgiPlugin] Error getting Constructor for BasePluginType of [ org.pentaho.di.core.extension.ExtensionPointPluginType ]
2022-02-13 20:28:54,130 DEBUG [org.pentaho.di.osgi.AnnotationBasedOsgiPlugin] Error getting Constructor for BasePluginType of [ org.pentaho.di.core.extension.ExtensionPointPluginType ]
2022-02-13 20:28:54,133 DEBUG [org.pentaho.di.osgi.AnnotationBasedOsgiPlugin] Error getting Constructor for BasePluginType of [ org.pentaho.di.core.extension.ExtensionPointPluginType ]
2022-02-13 20:28:54,135 DEBUG [org.pentaho.di.osgi.AnnotationBasedOsgiPlugin] Error getting Constructor for BasePluginType of [ org.pentaho.di.core.extension.ExtensionPointPluginType ]
2022-02-13 20:28:54,135 DEBUG [org.pentaho.di.osgi.AnnotationBasedOsgiPlugin] Error getting Constructor for BasePluginType of [ org.pentaho.di.core.extension.ExtensionPointPluginType ]
2022-02-13 20:28:54,148 DEBUG [org.pentaho.di.osgi.AnnotationBasedOsgiPlugin] Error getting Constructor for BasePluginType of [ org.pentaho.di.core.plugins.CartePluginType ]
2022-02-13 20:28:57,744 DEBUG [org.pentaho.di.osgi.KarafLifecycleListener] About to start waiting on delayed service notifiers
2022-02-13 20:28:57,744 DEBUG [org.pentaho.di.osgi.KarafLifecycleListener] Done waiting on delayed service notifiers
2022-02-15 10:40:40,570 DEBUG [org.pentaho.di.osgi.OSGIPluginTracker] BeanFactoryLookup is currently not set, returning null
2022-02-15 10:40:40,574 DEBUG [org.pentaho.di.osgi.OSGIPluginTracker] BeanFactoryLookup is currently not set, returning null
2022-02-15 10:40:40,589 DEBUG [org.pentaho.di.osgi.OSGIPluginTracker] BeanFactoryLookup is currently not set, returning null
2022-02-15 10:40:40,589 DEBUG [org.pentaho.di.osgi.OSGIPluginTracker] BeanFactoryLookup is currently not set, returning null
2022-02-15 10:40:40,707 DEBUG [org.pentaho.di.osgi.AnnotationBasedOsgiPlugin] Error getting Constructor for BasePluginType of [ org.pentaho.di.core.extension.ExtensionPointPluginType ]
2022-02-15 10:40:40,737 DEBUG [org.pentaho.di.osgi.AnnotationBasedOsgiPlugin] Error getting Constructor for BasePluginType of [ org.pentaho.di.core.extension.ExtensionPointPluginType ]
2022-02-15 10:40:40,841 DEBUG [org.pentaho.di.osgi.AnnotationBasedOsgiPlugin] Error getting Constructor for BasePluginType of [ org.pentaho.di.core.extension.ExtensionPointPluginType ]
2022-02-15 10:40:41,669 DEBUG [org.pentaho.di.osgi.AnnotationBasedOsgiPlugin] Error getting Constructor for BasePluginType of [ org.pentaho.di.core.extension.ExtensionPointPluginType ]
2022-02-15 10:40:41,921 DEBUG [org.pentaho.di.osgi.AnnotationBasedOsgiPlugin] Error getting Constructor for BasePluginType of [ org.pentaho.di.core.plugins.JobEntryPluginType ]
2022-02-15 10:40:41,942 DEBUG [org.pentaho.di.osgi.KarafLifecycleListener] About to start waiting on delayed service notifiers
2022-02-15 10:40:41,943 DEBUG [org.pentaho.di.osgi.KarafLifecycleListener] Done waiting on delayed service notifiers
2022-02-15 10:40:42,004 DEBUG [org.pentaho.di.osgi.AnnotationBasedOsgiPlugin] Error getting Constructor for BasePluginType of [ org.pentaho.di.core.plugins.StepPluginType ]
2022-02-15 10:40:42,008 DEBUG [org.pentaho.di.osgi.AnnotationBasedOsgiPlugin] Error getting Constructor for BasePluginType of [ org.pentaho.di.core.plugins.StepPluginType ]
2022-02-15 10:40:42,009 DEBUG [org.pentaho.di.osgi.AnnotationBasedOsgiPlugin] Error getting Constructor for BasePluginType of [ org.pentaho.di.core.plugins.LifecyclePluginType ]
2022-02-15 10:40:42,168 DEBUG [org.pentaho.di.osgi.AnnotationBasedOsgiPlugin] Error getting Constructor for BasePluginType of [ org.pentaho.di.core.plugins.StepPluginType ]
2022-02-15 10:40:42,170 DEBUG [org.pentaho.di.osgi.AnnotationBasedOsgiPlugin] Error getting Constructor for BasePluginType of [ org.pentaho.di.core.plugins.StepPluginType ]
2022-02-15 10:40:42,178 DEBUG [org.pentaho.di.osgi.AnnotationBasedOsgiPlugin] Error getting Constructor for BasePluginType of [ org.pentaho.di.core.plugins.StepPluginType ]
2022-02-15 10:40:42,368 DEBUG [org.pentaho.di.osgi.AnnotationBasedOsgiPlugin] Error getting Constructor for BasePluginType of [ org.pentaho.di.core.plugins.JobEntryPluginType ]
2022-02-15 10:40:42,381 DEBUG [org.pentaho.di.osgi.AnnotationBasedOsgiPlugin] Error getting Constructor for BasePluginType of [ org.pentaho.di.core.plugins.JobEntryPluginType ]
2022-02-15 10:40:42,417 DEBUG [org.pentaho.di.osgi.AnnotationBasedOsgiPlugin] Error getting Constructor for BasePluginType of [ org.pentaho.di.core.plugins.StepPluginType ]
2022-02-15 10:40:42,435 DEBUG [org.pentaho.di.osgi.AnnotationBasedOsgiPlugin] Error getting Constructor for BasePluginType of [ org.pentaho.di.core.plugins.StepPluginType ]
2022-02-15 10:40:42,608 DEBUG [org.pentaho.di.osgi.AnnotationBasedOsgiPlugin] Error getting Constructor for BasePluginType of [ org.pentaho.di.core.plugins.JobEntryPluginType ]
2022-02-15 10:40:42,777 DEBUG [org.pentaho.di.osgi.AnnotationBasedOsgiPlugin] Error getting Constructor for BasePluginType of [ org.pentaho.di.core.plugins.JobEntryPluginType ]
2022-02-15 10:40:42,900 DEBUG [org.pentaho.di.osgi.AnnotationBasedOsgiPlugin] Error getting Constructor for BasePluginType of [ org.pentaho.di.core.plugins.JobEntryPluginType ]
2022-02-15 10:40:42,903 DEBUG [org.pentaho.di.osgi.AnnotationBasedOsgiPlugin] Error getting Constructor for BasePluginType of [ org.pentaho.di.core.plugins.JobEntryPluginType ]
2022-02-15 10:40:43,314 DEBUG [org.pentaho.di.osgi.AnnotationBasedOsgiPlugin] Error getting Constructor for BasePluginType of [ org.pentaho.di.core.plugins.DatabasePluginType ]
2022-02-15 10:40:43,315 DEBUG [org.pentaho.di.osgi.AnnotationBasedOsgiPlugin] Error getting Constructor for BasePluginType of [ org.pentaho.di.core.plugins.DatabasePluginType ]
2022-02-15 10:40:43,316 DEBUG [org.pentaho.di.osgi.AnnotationBasedOsgiPlugin] Error getting Constructor for BasePluginType of [ org.pentaho.di.core.plugins.DatabasePluginType ]
2022-02-15 10:40:43,318 DEBUG [org.pentaho.di.osgi.AnnotationBasedOsgiPlugin] Error getting Constructor for BasePluginType of [ org.pentaho.di.core.plugins.DatabasePluginType ]
2022-02-15 10:40:43,341 DEBUG [org.pentaho.di.osgi.AnnotationBasedOsgiPlugin] Error getting Constructor for BasePluginType of [ org.pentaho.di.core.plugins.DatabasePluginType ]
2022-02-15 10:40:43,447 DEBUG [org.pentaho.di.osgi.AnnotationBasedOsgiPlugin] Error getting Constructor for BasePluginType of [ org.pentaho.di.core.plugins.JobEntryPluginType ]
2022-02-15 10:40:47,099 DEBUG [org.pentaho.di.osgi.AnnotationBasedOsgiPlugin] Error getting Constructor for BasePluginType of [ org.pentaho.di.core.plugins.DatabasePluginType ]
2022-02-15 10:40:47,195 DEBUG [org.pentaho.di.osgi.AnnotationBasedOsgiPlugin] Error getting Constructor for BasePluginType of [ org.pentaho.di.core.plugins.LifecyclePluginType ]
2022-02-15 10:40:48,645 DEBUG [org.pentaho.di.osgi.AnnotationBasedOsgiPlugin] Error getting Constructor for BasePluginType of [ org.pentaho.di.core.extension.ExtensionPointPluginType ]
2022-02-15 10:40:48,646 DEBUG [org.pentaho.di.osgi.AnnotationBasedOsgiPlugin] Error getting Constructor for BasePluginType of [ org.pentaho.di.core.extension.ExtensionPointPluginType ]
2022-02-15 10:40:49,238 DEBUG [org.pentaho.di.osgi.AnnotationBasedOsgiPlugin] Error getting Constructor for BasePluginType of [ org.pentaho.di.core.plugins.CartePluginType ]
2022-02-15 10:40:49,270 DEBUG [org.pentaho.di.osgi.AnnotationBasedOsgiPlugin] Error getting Constructor for BasePluginType of [ org.pentaho.di.core.plugins.CartePluginType ]
2022-02-15 10:40:49,274 DEBUG [org.pentaho.di.osgi.AnnotationBasedOsgiPlugin] Error getting Constructor for BasePluginType of [ org.pentaho.di.core.plugins.CartePluginType ]
2022-02-15 10:40:49,327 DEBUG [org.pentaho.di.osgi.AnnotationBasedOsgiPlugin] Error getting Constructor for BasePluginType of [ org.pentaho.di.ui.spoon.SpoonPluginType ]
2022-02-15 10:40:49,371 DEBUG [org.pentaho.di.osgi.AnnotationBasedOsgiPlugin] Error getting Constructor for BasePluginType of [ org.pentaho.di.core.extension.ExtensionPointPluginType ]
2022-02-15 10:40:49,376 DEBUG [org.pentaho.di.osgi.AnnotationBasedOsgiPlugin] Error getting Constructor for BasePluginType of [ org.pentaho.di.core.extension.ExtensionPointPluginType ]
2022-02-15 10:40:49,376 DEBUG [org.pentaho.di.osgi.AnnotationBasedOsgiPlugin] Error getting Constructor for BasePluginType of [ org.pentaho.di.core.extension.ExtensionPointPluginType ]
2022-02-15 10:40:49,377 DEBUG [org.pentaho.di.osgi.AnnotationBasedOsgiPlugin] Error getting Constructor for BasePluginType of [ org.pentaho.di.core.extension.ExtensionPointPluginType ]
2022-02-15 10:40:49,378 DEBUG [org.pentaho.di.osgi.AnnotationBasedOsgiPlugin] Error getting Constructor for BasePluginType of [ org.pentaho.di.core.extension.ExtensionPointPluginType ]
2022-02-15 10:40:49,391 DEBUG [org.pentaho.di.osgi.AnnotationBasedOsgiPlugin] Error getting Constructor for BasePluginType of [ org.pentaho.di.core.extension.ExtensionPointPluginType ]
2022-02-15 10:40:49,393 DEBUG [org.pentaho.di.osgi.AnnotationBasedOsgiPlugin] Error getting Constructor for BasePluginType of [ org.pentaho.di.core.extension.ExtensionPointPluginType ]
2022-02-15 10:40:49,394 DEBUG [org.pentaho.di.osgi.AnnotationBasedOsgiPlugin] Error getting Constructor for BasePluginType of [ org.pentaho.di.core.extension.ExtensionPointPluginType ]
2022-02-15 10:40:49,448 DEBUG [org.pentaho.di.osgi.AnnotationBasedOsgiPlugin] Error getting Constructor for BasePluginType of [ org.pentaho.di.core.plugins.CartePluginType ]
2022-02-20 11:37:45,361 DEBUG [org.pentaho.di.osgi.OSGIPluginTracker] BeanFactoryLookup is currently not set, returning null
2022-02-20 11:37:45,371 DEBUG [org.pentaho.di.osgi.OSGIPluginTracker] BeanFactoryLookup is currently not set, returning null
2022-02-20 11:37:45,386 DEBUG [org.pentaho.di.osgi.OSGIPluginTracker] BeanFactoryLookup is currently not set, returning null
2022-02-20 11:37:45,386 DEBUG [org.pentaho.di.osgi.OSGIPluginTracker] BeanFactoryLookup is currently not set, returning null
2022-02-20 11:37:45,457 DEBUG [org.pentaho.di.osgi.AnnotationBasedOsgiPlugin] Error getting Constructor for BasePluginType of [ org.pentaho.di.core.extension.ExtensionPointPluginType ]
2022-02-20 11:37:45,527 DEBUG [org.pentaho.di.osgi.AnnotationBasedOsgiPlugin] Error getting Constructor for BasePluginType of [ org.pentaho.di.core.extension.ExtensionPointPluginType ]
2022-02-20 11:37:45,609 DEBUG [org.pentaho.di.osgi.AnnotationBasedOsgiPlugin] Error getting Constructor for BasePluginType of [ org.pentaho.di.core.extension.ExtensionPointPluginType ]
2022-02-20 11:37:46,249 DEBUG [org.pentaho.di.osgi.AnnotationBasedOsgiPlugin] Error getting Constructor for BasePluginType of [ org.pentaho.di.core.extension.ExtensionPointPluginType ]
2022-02-20 11:37:46,390 DEBUG [org.pentaho.di.osgi.AnnotationBasedOsgiPlugin] Error getting Constructor for BasePluginType of [ org.pentaho.di.core.plugins.JobEntryPluginType ]
2022-02-20 11:37:46,492 DEBUG [org.pentaho.di.osgi.AnnotationBasedOsgiPlugin] Error getting Constructor for BasePluginType of [ org.pentaho.di.core.plugins.StepPluginType ]
2022-02-20 11:37:46,497 DEBUG [org.pentaho.di.osgi.AnnotationBasedOsgiPlugin] Error getting Constructor for BasePluginType of [ org.pentaho.di.core.plugins.StepPluginType ]
2022-02-20 11:37:46,498 DEBUG [org.pentaho.di.osgi.AnnotationBasedOsgiPlugin] Error getting Constructor for BasePluginType of [ org.pentaho.di.core.plugins.LifecyclePluginType ]
2022-02-20 11:37:46,590 DEBUG [org.pentaho.di.osgi.KarafLifecycleListener] About to start waiting on delayed service notifiers
2022-02-20 11:37:46,595 DEBUG [org.pentaho.di.osgi.AnnotationBasedOsgiPlugin] Error getting Constructor for BasePluginType of [ org.pentaho.di.core.plugins.StepPluginType ]
2022-02-20 11:37:46,597 DEBUG [org.pentaho.di.osgi.AnnotationBasedOsgiPlugin] Error getting Constructor for BasePluginType of [ org.pentaho.di.core.plugins.StepPluginType ]
2022-02-20 11:37:46,600 DEBUG [org.pentaho.di.osgi.AnnotationBasedOsgiPlugin] Error getting Constructor for BasePluginType of [ org.pentaho.di.core.plugins.StepPluginType ]
2022-02-20 11:37:46,662 DEBUG [org.pentaho.di.osgi.AnnotationBasedOsgiPlugin] Error getting Constructor for BasePluginType of [ org.pentaho.di.core.plugins.JobEntryPluginType ]
2022-02-20 11:37:46,672 DEBUG [org.pentaho.di.osgi.AnnotationBasedOsgiPlugin] Error getting Constructor for BasePluginType of [ org.pentaho.di.core.plugins.JobEntryPluginType ]
2022-02-20 11:37:46,698 DEBUG [org.pentaho.di.osgi.AnnotationBasedOsgiPlugin] Error getting Constructor for BasePluginType of [ org.pentaho.di.core.plugins.StepPluginType ]
2022-02-20 11:37:46,724 DEBUG [org.pentaho.di.osgi.AnnotationBasedOsgiPlugin] Error getting Constructor for BasePluginType of [ org.pentaho.di.core.plugins.StepPluginType ]
2022-02-20 11:37:46,829 DEBUG [org.pentaho.di.osgi.AnnotationBasedOsgiPlugin] Error getting Constructor for BasePluginType of [ org.pentaho.di.core.plugins.JobEntryPluginType ]
2022-02-20 11:37:46,907 DEBUG [org.pentaho.di.osgi.AnnotationBasedOsgiPlugin] Error getting Constructor for BasePluginType of [ org.pentaho.di.core.plugins.JobEntryPluginType ]
2022-02-20 11:37:46,985 DEBUG [org.pentaho.di.osgi.AnnotationBasedOsgiPlugin] Error getting Constructor for BasePluginType of [ org.pentaho.di.core.plugins.JobEntryPluginType ]
2022-02-20 11:37:47,006 DEBUG [org.pentaho.di.osgi.AnnotationBasedOsgiPlugin] Error getting Constructor for BasePluginType of [ org.pentaho.di.core.plugins.JobEntryPluginType ]
2022-02-20 11:37:47,242 DEBUG [org.pentaho.di.osgi.AnnotationBasedOsgiPlugin] Error getting Constructor for BasePluginType of [ org.pentaho.di.core.plugins.DatabasePluginType ]
2022-02-20 11:37:47,243 DEBUG [org.pentaho.di.osgi.AnnotationBasedOsgiPlugin] Error getting Constructor for BasePluginType of [ org.pentaho.di.core.plugins.DatabasePluginType ]
2022-02-20 11:37:47,244 DEBUG [org.pentaho.di.osgi.AnnotationBasedOsgiPlugin] Error getting Constructor for BasePluginType of [ org.pentaho.di.core.plugins.DatabasePluginType ]
2022-02-20 11:37:47,245 DEBUG [org.pentaho.di.osgi.AnnotationBasedOsgiPlugin] Error getting Constructor for BasePluginType of [ org.pentaho.di.core.plugins.DatabasePluginType ]
2022-02-20 11:37:47,258 DEBUG [org.pentaho.di.osgi.AnnotationBasedOsgiPlugin] Error getting Constructor for BasePluginType of [ org.pentaho.di.core.plugins.DatabasePluginType ]
2022-02-20 11:37:47,317 DEBUG [org.pentaho.di.osgi.AnnotationBasedOsgiPlugin] Error getting Constructor for BasePluginType of [ org.pentaho.di.core.plugins.JobEntryPluginType ]
2022-02-20 11:37:49,569 DEBUG [org.pentaho.di.osgi.AnnotationBasedOsgiPlugin] Error getting Constructor for BasePluginType of [ org.pentaho.di.core.plugins.DatabasePluginType ]
2022-02-20 11:37:49,590 DEBUG [org.pentaho.di.osgi.AnnotationBasedOsgiPlugin] Error getting Constructor for BasePluginType of [ org.pentaho.di.core.plugins.LifecyclePluginType ]
2022-02-20 11:37:50,444 DEBUG [org.pentaho.di.osgi.AnnotationBasedOsgiPlugin] Error getting Constructor for BasePluginType of [ org.pentaho.di.core.extension.ExtensionPointPluginType ]
2022-02-20 11:37:50,445 DEBUG [org.pentaho.di.osgi.AnnotationBasedOsgiPlugin] Error getting Constructor for BasePluginType of [ org.pentaho.di.core.extension.ExtensionPointPluginType ]
2022-02-20 11:37:50,652 DEBUG [org.pentaho.di.osgi.AnnotationBasedOsgiPlugin] Error getting Constructor for BasePluginType of [ org.pentaho.di.core.plugins.CartePluginType ]
2022-02-20 11:37:50,670 DEBUG [org.pentaho.di.osgi.AnnotationBasedOsgiPlugin] Error getting Constructor for BasePluginType of [ org.pentaho.di.core.plugins.CartePluginType ]
2022-02-20 11:37:50,680 DEBUG [org.pentaho.di.osgi.AnnotationBasedOsgiPlugin] Error getting Constructor for BasePluginType of [ org.pentaho.di.core.plugins.CartePluginType ]
2022-02-20 11:37:50,687 DEBUG [org.pentaho.di.osgi.AnnotationBasedOsgiPlugin] Error getting Constructor for BasePluginType of [ org.pentaho.di.ui.spoon.SpoonPluginType ]
2022-02-20 11:37:50,712 DEBUG [org.pentaho.di.osgi.AnnotationBasedOsgiPlugin] Error getting Constructor for BasePluginType of [ org.pentaho.di.core.extension.ExtensionPointPluginType ]
2022-02-20 11:37:50,719 DEBUG [org.pentaho.di.osgi.AnnotationBasedOsgiPlugin] Error getting Constructor for BasePluginType of [ org.pentaho.di.core.extension.ExtensionPointPluginType ]
2022-02-20 11:37:50,719 DEBUG [org.pentaho.di.osgi.AnnotationBasedOsgiPlugin] Error getting Constructor for BasePluginType of [ org.pentaho.di.core.extension.ExtensionPointPluginType ]
2022-02-20 11:37:50,720 DEBUG [org.pentaho.di.osgi.AnnotationBasedOsgiPlugin] Error getting Constructor for BasePluginType of [ org.pentaho.di.core.extension.ExtensionPointPluginType ]
2022-02-20 11:37:50,721 DEBUG [org.pentaho.di.osgi.AnnotationBasedOsgiPlugin] Error getting Constructor for BasePluginType of [ org.pentaho.di.core.extension.ExtensionPointPluginType ]
2022-02-20 11:37:50,723 DEBUG [org.pentaho.di.osgi.AnnotationBasedOsgiPlugin] Error getting Constructor for BasePluginType of [ org.pentaho.di.core.extension.ExtensionPointPluginType ]
2022-02-20 11:37:50,742 DEBUG [org.pentaho.di.osgi.AnnotationBasedOsgiPlugin] Error getting Constructor for BasePluginType of [ org.pentaho.di.core.extension.ExtensionPointPluginType ]
2022-02-20 11:37:50,743 DEBUG [org.pentaho.di.osgi.AnnotationBasedOsgiPlugin] Error getting Constructor for BasePluginType of [ org.pentaho.di.core.extension.ExtensionPointPluginType ]
2022-02-20 11:37:50,788 DEBUG [org.pentaho.di.osgi.AnnotationBasedOsgiPlugin] Error getting Constructor for BasePluginType of [ org.pentaho.di.core.plugins.CartePluginType ]
2022-02-20 11:37:51,453 DEBUG [org.pentaho.di.osgi.KarafLifecycleListener] Done waiting on delayed service notifiers
2022-02-22 03:56:39,766 DEBUG [org.pentaho.di.osgi.OSGIPluginTracker] BeanFactoryLookup is currently not set, returning null
2022-02-22 03:56:39,791 DEBUG [org.pentaho.di.osgi.OSGIPluginTracker] BeanFactoryLookup is currently not set, returning null
2022-02-22 03:56:39,809 DEBUG [org.pentaho.di.osgi.OSGIPluginTracker] BeanFactoryLookup is currently not set, returning null
2022-02-22 03:56:39,809 DEBUG [org.pentaho.di.osgi.OSGIPluginTracker] BeanFactoryLookup is currently not set, returning null
2022-02-22 03:56:39,849 DEBUG [org.pentaho.di.osgi.AnnotationBasedOsgiPlugin] Error getting Constructor for BasePluginType of [ org.pentaho.di.core.extension.ExtensionPointPluginType ]
2022-02-22 03:56:39,899 DEBUG [org.pentaho.di.osgi.AnnotationBasedOsgiPlugin] Error getting Constructor for BasePluginType of [ org.pentaho.di.core.extension.ExtensionPointPluginType ]
2022-02-22 03:56:40,025 DEBUG [org.pentaho.di.osgi.AnnotationBasedOsgiPlugin] Error getting Constructor for BasePluginType of [ org.pentaho.di.core.extension.ExtensionPointPluginType ]
2022-02-22 03:56:40,633 DEBUG [org.pentaho.di.osgi.AnnotationBasedOsgiPlugin] Error getting Constructor for BasePluginType of [ org.pentaho.di.core.extension.ExtensionPointPluginType ]
2022-02-22 03:56:40,758 DEBUG [org.pentaho.di.osgi.AnnotationBasedOsgiPlugin] Error getting Constructor for BasePluginType of [ org.pentaho.di.core.plugins.JobEntryPluginType ]
2022-02-22 03:56:40,811 DEBUG [org.pentaho.di.osgi.KarafLifecycleListener] About to start waiting on delayed service notifiers
2022-02-22 03:56:40,811 DEBUG [org.pentaho.di.osgi.KarafLifecycleListener] Done waiting on delayed service notifiers
2022-02-22 03:56:40,853 DEBUG [org.pentaho.di.osgi.AnnotationBasedOsgiPlugin] Error getting Constructor for BasePluginType of [ org.pentaho.di.core.plugins.StepPluginType ]
2022-02-22 03:56:40,856 DEBUG [org.pentaho.di.osgi.AnnotationBasedOsgiPlugin] Error getting Constructor for BasePluginType of [ org.pentaho.di.core.plugins.StepPluginType ]
2022-02-22 03:56:40,865 DEBUG [org.pentaho.di.osgi.AnnotationBasedOsgiPlugin] Error getting Constructor for BasePluginType of [ org.pentaho.di.core.plugins.LifecyclePluginType ]
2022-02-22 03:56:41,093 DEBUG [org.pentaho.di.osgi.AnnotationBasedOsgiPlugin] Error getting Constructor for BasePluginType of [ org.pentaho.di.core.plugins.StepPluginType ]
2022-02-22 03:56:41,128 DEBUG [org.pentaho.di.osgi.AnnotationBasedOsgiPlugin] Error getting Constructor for BasePluginType of [ org.pentaho.di.core.plugins.StepPluginType ]
2022-02-22 03:56:41,146 DEBUG [org.pentaho.di.osgi.AnnotationBasedOsgiPlugin] Error getting Constructor for BasePluginType of [ org.pentaho.di.core.plugins.StepPluginType ]
2022-02-22 03:56:41,314 DEBUG [org.pentaho.di.osgi.AnnotationBasedOsgiPlugin] Error getting Constructor for BasePluginType of [ org.pentaho.di.core.plugins.JobEntryPluginType ]
2022-02-22 03:56:41,335 DEBUG [org.pentaho.di.osgi.AnnotationBasedOsgiPlugin] Error getting Constructor for BasePluginType of [ org.pentaho.di.core.plugins.JobEntryPluginType ]
2022-02-22 03:56:41,348 DEBUG [org.pentaho.di.osgi.AnnotationBasedOsgiPlugin] Error getting Constructor for BasePluginType of [ org.pentaho.di.core.plugins.StepPluginType ]
2022-02-22 03:56:41,372 DEBUG [org.pentaho.di.osgi.AnnotationBasedOsgiPlugin] Error getting Constructor for BasePluginType of [ org.pentaho.di.core.plugins.StepPluginType ]
2022-02-22 03:56:41,517 DEBUG [org.pentaho.di.osgi.AnnotationBasedOsgiPlugin] Error getting Constructor for BasePluginType of [ org.pentaho.di.core.plugins.JobEntryPluginType ]
2022-02-22 03:56:41,577 DEBUG [org.pentaho.di.osgi.AnnotationBasedOsgiPlugin] Error getting Constructor for BasePluginType of [ org.pentaho.di.core.plugins.JobEntryPluginType ]
2022-02-22 03:56:41,642 DEBUG [org.pentaho.di.osgi.AnnotationBasedOsgiPlugin] Error getting Constructor for BasePluginType of [ org.pentaho.di.core.plugins.JobEntryPluginType ]
2022-02-22 03:56:41,654 DEBUG [org.pentaho.di.osgi.AnnotationBasedOsgiPlugin] Error getting Constructor for BasePluginType of [ org.pentaho.di.core.plugins.JobEntryPluginType ]
2022-02-22 03:56:41,897 DEBUG [org.pentaho.di.osgi.AnnotationBasedOsgiPlugin] Error getting Constructor for BasePluginType of [ org.pentaho.di.core.plugins.DatabasePluginType ]
2022-02-22 03:56:41,903 DEBUG [org.pentaho.di.osgi.AnnotationBasedOsgiPlugin] Error getting Constructor for BasePluginType of [ org.pentaho.di.core.plugins.DatabasePluginType ]
2022-02-22 03:56:41,910 DEBUG [org.pentaho.di.osgi.AnnotationBasedOsgiPlugin] Error getting Constructor for BasePluginType of [ org.pentaho.di.core.plugins.DatabasePluginType ]
2022-02-22 03:56:41,919 DEBUG [org.pentaho.di.osgi.AnnotationBasedOsgiPlugin] Error getting Constructor for BasePluginType of [ org.pentaho.di.core.plugins.DatabasePluginType ]
2022-02-22 03:56:41,932 DEBUG [org.pentaho.di.osgi.AnnotationBasedOsgiPlugin] Error getting Constructor for BasePluginType of [ org.pentaho.di.core.plugins.DatabasePluginType ]
2022-02-22 03:56:42,027 DEBUG [org.pentaho.di.osgi.AnnotationBasedOsgiPlugin] Error getting Constructor for BasePluginType of [ org.pentaho.di.core.plugins.JobEntryPluginType ]
2022-02-22 03:56:45,040 DEBUG [org.pentaho.di.osgi.AnnotationBasedOsgiPlugin] Error getting Constructor for BasePluginType of [ org.pentaho.di.core.plugins.DatabasePluginType ]
2022-02-22 03:56:45,115 DEBUG [org.pentaho.di.osgi.AnnotationBasedOsgiPlugin] Error getting Constructor for BasePluginType of [ org.pentaho.di.core.plugins.LifecyclePluginType ]
2022-02-22 03:56:45,840 DEBUG [org.pentaho.di.osgi.AnnotationBasedOsgiPlugin] Error getting Constructor for BasePluginType of [ org.pentaho.di.core.extension.ExtensionPointPluginType ]
2022-02-22 03:56:45,841 DEBUG [org.pentaho.di.osgi.AnnotationBasedOsgiPlugin] Error getting Constructor for BasePluginType of [ org.pentaho.di.core.extension.ExtensionPointPluginType ]
2022-02-22 03:56:46,133 DEBUG [org.pentaho.di.osgi.AnnotationBasedOsgiPlugin] Error getting Constructor for BasePluginType of [ org.pentaho.di.core.plugins.CartePluginType ]
2022-02-22 03:56:46,150 DEBUG [org.pentaho.di.osgi.AnnotationBasedOsgiPlugin] Error getting Constructor for BasePluginType of [ org.pentaho.di.core.plugins.CartePluginType ]
2022-02-22 03:56:46,164 DEBUG [org.pentaho.di.osgi.AnnotationBasedOsgiPlugin] Error getting Constructor for BasePluginType of [ org.pentaho.di.core.plugins.CartePluginType ]
2022-02-22 03:56:46,177 DEBUG [org.pentaho.di.osgi.AnnotationBasedOsgiPlugin] Error getting Constructor for BasePluginType of [ org.pentaho.di.ui.spoon.SpoonPluginType ]
2022-02-22 03:56:46,196 DEBUG [org.pentaho.di.osgi.AnnotationBasedOsgiPlugin] Error getting Constructor for BasePluginType of [ org.pentaho.di.core.extension.ExtensionPointPluginType ]
2022-02-22 03:56:46,208 DEBUG [org.pentaho.di.osgi.AnnotationBasedOsgiPlugin] Error getting Constructor for BasePluginType of [ org.pentaho.di.core.extension.ExtensionPointPluginType ]
2022-02-22 03:56:46,209 DEBUG [org.pentaho.di.osgi.AnnotationBasedOsgiPlugin] Error getting Constructor for BasePluginType of [ org.pentaho.di.core.extension.ExtensionPointPluginType ]
2022-02-22 03:56:46,209 DEBUG [org.pentaho.di.osgi.AnnotationBasedOsgiPlugin] Error getting Constructor for BasePluginType of [ org.pentaho.di.core.extension.ExtensionPointPluginType ]
2022-02-22 03:56:46,210 DEBUG [org.pentaho.di.osgi.AnnotationBasedOsgiPlugin] Error getting Constructor for BasePluginType of [ org.pentaho.di.core.extension.ExtensionPointPluginType ]
2022-02-22 03:56:46,213 DEBUG [org.pentaho.di.osgi.AnnotationBasedOsgiPlugin] Error getting Constructor for BasePluginType of [ org.pentaho.di.core.extension.ExtensionPointPluginType ]
2022-02-22 03:56:46,217 DEBUG [org.pentaho.di.osgi.AnnotationBasedOsgiPlugin] Error getting Constructor for BasePluginType of [ org.pentaho.di.core.extension.ExtensionPointPluginType ]
2022-02-22 03:56:46,217 DEBUG [org.pentaho.di.osgi.AnnotationBasedOsgiPlugin] Error getting Constructor for BasePluginType of [ org.pentaho.di.core.extension.ExtensionPointPluginType ]
2022-02-22 03:56:46,266 DEBUG [org.pentaho.di.osgi.AnnotationBasedOsgiPlugin] Error getting Constructor for BasePluginType of [ org.pentaho.di.core.plugins.CartePluginType ]
2022-02-24 11:36:08,585 DEBUG [org.pentaho.di.osgi.OSGIPluginTracker] BeanFactoryLookup is currently not set, returning null
2022-02-24 11:36:08,593 DEBUG [org.pentaho.di.osgi.OSGIPluginTracker] BeanFactoryLookup is currently not set, returning null
2022-02-24 11:36:08,601 DEBUG [org.pentaho.di.osgi.OSGIPluginTracker] BeanFactoryLookup is currently not set, returning null
2022-02-24 11:36:08,601 DEBUG [org.pentaho.di.osgi.OSGIPluginTracker] BeanFactoryLookup is currently not set, returning null
2022-02-24 11:36:08,671 DEBUG [org.pentaho.di.osgi.AnnotationBasedOsgiPlugin] Error getting Constructor for BasePluginType of [ org.pentaho.di.core.extension.ExtensionPointPluginType ]
2022-02-24 11:36:08,681 DEBUG [org.pentaho.di.osgi.AnnotationBasedOsgiPlugin] Error getting Constructor for BasePluginType of [ org.pentaho.di.core.extension.ExtensionPointPluginType ]
2022-02-24 11:36:08,787 DEBUG [org.pentaho.di.osgi.AnnotationBasedOsgiPlugin] Error getting Constructor for BasePluginType of [ org.pentaho.di.core.extension.ExtensionPointPluginType ]
2022-02-24 11:36:09,463 DEBUG [org.pentaho.di.osgi.AnnotationBasedOsgiPlugin] Error getting Constructor for BasePluginType of [ org.pentaho.di.core.extension.ExtensionPointPluginType ]
2022-02-24 11:36:09,585 DEBUG [org.pentaho.di.osgi.AnnotationBasedOsgiPlugin] Error getting Constructor for BasePluginType of [ org.pentaho.di.core.plugins.JobEntryPluginType ]
2022-02-24 11:36:09,649 DEBUG [org.pentaho.di.osgi.AnnotationBasedOsgiPlugin] Error getting Constructor for BasePluginType of [ org.pentaho.di.core.plugins.StepPluginType ]
2022-02-24 11:36:09,652 DEBUG [org.pentaho.di.osgi.AnnotationBasedOsgiPlugin] Error getting Constructor for BasePluginType of [ org.pentaho.di.core.plugins.StepPluginType ]
2022-02-24 11:36:09,653 DEBUG [org.pentaho.di.osgi.AnnotationBasedOsgiPlugin] Error getting Constructor for BasePluginType of [ org.pentaho.di.core.plugins.LifecyclePluginType ]
2022-02-24 11:36:09,728 DEBUG [org.pentaho.di.osgi.KarafLifecycleListener] About to start waiting on delayed service notifiers
2022-02-24 11:36:09,745 DEBUG [org.pentaho.di.osgi.AnnotationBasedOsgiPlugin] Error getting Constructor for BasePluginType of [ org.pentaho.di.core.plugins.StepPluginType ]
2022-02-24 11:36:09,750 DEBUG [org.pentaho.di.osgi.AnnotationBasedOsgiPlugin] Error getting Constructor for BasePluginType of [ org.pentaho.di.core.plugins.StepPluginType ]
2022-02-24 11:36:09,753 DEBUG [org.pentaho.di.osgi.AnnotationBasedOsgiPlugin] Error getting Constructor for BasePluginType of [ org.pentaho.di.core.plugins.StepPluginType ]
2022-02-24 11:36:09,834 DEBUG [org.pentaho.di.osgi.AnnotationBasedOsgiPlugin] Error getting Constructor for BasePluginType of [ org.pentaho.di.core.plugins.JobEntryPluginType ]
2022-02-24 11:36:09,858 DEBUG [org.pentaho.di.osgi.AnnotationBasedOsgiPlugin] Error getting Constructor for BasePluginType of [ org.pentaho.di.core.plugins.JobEntryPluginType ]
2022-02-24 11:36:09,863 DEBUG [org.pentaho.di.osgi.AnnotationBasedOsgiPlugin] Error getting Constructor for BasePluginType of [ org.pentaho.di.core.plugins.StepPluginType ]
2022-02-24 11:36:09,872 DEBUG [org.pentaho.di.osgi.AnnotationBasedOsgiPlugin] Error getting Constructor for BasePluginType of [ org.pentaho.di.core.plugins.StepPluginType ]
2022-02-24 11:36:09,983 DEBUG [org.pentaho.di.osgi.AnnotationBasedOsgiPlugin] Error getting Constructor for BasePluginType of [ org.pentaho.di.core.plugins.JobEntryPluginType ]
2022-02-24 11:36:10,062 DEBUG [org.pentaho.di.osgi.AnnotationBasedOsgiPlugin] Error getting Constructor for BasePluginType of [ org.pentaho.di.core.plugins.JobEntryPluginType ]
2022-02-24 11:36:10,147 DEBUG [org.pentaho.di.osgi.AnnotationBasedOsgiPlugin] Error getting Constructor for BasePluginType of [ org.pentaho.di.core.plugins.JobEntryPluginType ]
2022-02-24 11:36:10,150 DEBUG [org.pentaho.di.osgi.AnnotationBasedOsgiPlugin] Error getting Constructor for BasePluginType of [ org.pentaho.di.core.plugins.JobEntryPluginType ]
2022-02-24 11:36:10,339 DEBUG [org.pentaho.di.osgi.AnnotationBasedOsgiPlugin] Error getting Constructor for BasePluginType of [ org.pentaho.di.core.plugins.DatabasePluginType ]
2022-02-24 11:36:10,340 DEBUG [org.pentaho.di.osgi.AnnotationBasedOsgiPlugin] Error getting Constructor for BasePluginType of [ org.pentaho.di.core.plugins.DatabasePluginType ]
2022-02-24 11:36:10,340 DEBUG [org.pentaho.di.osgi.AnnotationBasedOsgiPlugin] Error getting Constructor for BasePluginType of [ org.pentaho.di.core.plugins.DatabasePluginType ]
2022-02-24 11:36:10,341 DEBUG [org.pentaho.di.osgi.AnnotationBasedOsgiPlugin] Error getting Constructor for BasePluginType of [ org.pentaho.di.core.plugins.DatabasePluginType ]
2022-02-24 11:36:10,362 DEBUG [org.pentaho.di.osgi.AnnotationBasedOsgiPlugin] Error getting Constructor for BasePluginType of [ org.pentaho.di.core.plugins.DatabasePluginType ]
2022-02-24 11:36:10,423 DEBUG [org.pentaho.di.osgi.AnnotationBasedOsgiPlugin] Error getting Constructor for BasePluginType of [ org.pentaho.di.core.plugins.JobEntryPluginType ]
2022-02-24 11:36:13,927 DEBUG [org.pentaho.di.osgi.AnnotationBasedOsgiPlugin] Error getting Constructor for BasePluginType of [ org.pentaho.di.core.plugins.DatabasePluginType ]
2022-02-24 11:36:13,976 DEBUG [org.pentaho.di.osgi.AnnotationBasedOsgiPlugin] Error getting Constructor for BasePluginType of [ org.pentaho.di.core.plugins.LifecyclePluginType ]
2022-02-24 11:36:15,294 DEBUG [org.pentaho.di.osgi.AnnotationBasedOsgiPlugin] Error getting Constructor for BasePluginType of [ org.pentaho.di.core.extension.ExtensionPointPluginType ]
2022-02-24 11:36:15,295 DEBUG [org.pentaho.di.osgi.AnnotationBasedOsgiPlugin] Error getting Constructor for BasePluginType of [ org.pentaho.di.core.extension.ExtensionPointPluginType ]
2022-02-24 11:36:15,673 DEBUG [org.pentaho.di.osgi.AnnotationBasedOsgiPlugin] Error getting Constructor for BasePluginType of [ org.pentaho.di.core.plugins.CartePluginType ]
2022-02-24 11:36:15,688 DEBUG [org.pentaho.di.osgi.AnnotationBasedOsgiPlugin] Error getting Constructor for BasePluginType of [ org.pentaho.di.core.plugins.CartePluginType ]
2022-02-24 11:36:15,690 DEBUG [org.pentaho.di.osgi.AnnotationBasedOsgiPlugin] Error getting Constructor for BasePluginType of [ org.pentaho.di.core.plugins.CartePluginType ]
2022-02-24 11:36:15,700 DEBUG [org.pentaho.di.osgi.AnnotationBasedOsgiPlugin] Error getting Constructor for BasePluginType of [ org.pentaho.di.ui.spoon.SpoonPluginType ]
2022-02-24 11:36:15,720 DEBUG [org.pentaho.di.osgi.AnnotationBasedOsgiPlugin] Error getting Constructor for BasePluginType of [ org.pentaho.di.core.extension.ExtensionPointPluginType ]
2022-02-24 11:36:15,725 DEBUG [org.pentaho.di.osgi.AnnotationBasedOsgiPlugin] Error getting Constructor for BasePluginType of [ org.pentaho.di.core.extension.ExtensionPointPluginType ]
2022-02-24 11:36:15,728 DEBUG [org.pentaho.di.osgi.AnnotationBasedOsgiPlugin] Error getting Constructor for BasePluginType of [ org.pentaho.di.core.extension.ExtensionPointPluginType ]
2022-02-24 11:36:15,734 DEBUG [org.pentaho.di.osgi.AnnotationBasedOsgiPlugin] Error getting Constructor for BasePluginType of [ org.pentaho.di.core.extension.ExtensionPointPluginType ]
2022-02-24 11:36:15,737 DEBUG [org.pentaho.di.osgi.AnnotationBasedOsgiPlugin] Error getting Constructor for BasePluginType of [ org.pentaho.di.core.extension.ExtensionPointPluginType ]
2022-02-24 11:36:15,745 DEBUG [org.pentaho.di.osgi.AnnotationBasedOsgiPlugin] Error getting Constructor for BasePluginType of [ org.pentaho.di.core.extension.ExtensionPointPluginType ]
2022-02-24 11:36:15,778 DEBUG [org.pentaho.di.osgi.AnnotationBasedOsgiPlugin] Error getting Constructor for BasePluginType of [ org.pentaho.di.core.extension.ExtensionPointPluginType ]
2022-02-24 11:36:15,779 DEBUG [org.pentaho.di.osgi.AnnotationBasedOsgiPlugin] Error getting Constructor for BasePluginType of [ org.pentaho.di.core.extension.ExtensionPointPluginType ]
2022-02-24 11:36:15,830 DEBUG [org.pentaho.di.osgi.AnnotationBasedOsgiPlugin] Error getting Constructor for BasePluginType of [ org.pentaho.di.core.plugins.CartePluginType ]
2022-02-24 11:36:17,271 DEBUG [org.pentaho.di.osgi.KarafLifecycleListener] Done waiting on delayed service notifiers
2022-02-24 11:43:28,327 DEBUG [org.pentaho.di.osgi.OSGIPluginTracker] BeanFactoryLookup is currently not set, returning null
2022-02-24 11:43:28,330 DEBUG [org.pentaho.di.osgi.OSGIPluginTracker] BeanFactoryLookup is currently not set, returning null
2022-02-24 11:43:28,336 DEBUG [org.pentaho.di.osgi.OSGIPluginTracker] BeanFactoryLookup is currently not set, returning null
2022-02-24 11:43:28,342 DEBUG [org.pentaho.di.osgi.OSGIPluginTracker] BeanFactoryLookup is currently not set, returning null
2022-02-24 11:43:28,415 DEBUG [org.pentaho.di.osgi.AnnotationBasedOsgiPlugin] Error getting Constructor for BasePluginType of [ org.pentaho.di.core.extension.ExtensionPointPluginType ]
2022-02-24 11:43:28,453 DEBUG [org.pentaho.di.osgi.AnnotationBasedOsgiPlugin] Error getting Constructor for BasePluginType of [ org.pentaho.di.core.extension.ExtensionPointPluginType ]
2022-02-24 11:43:28,551 DEBUG [org.pentaho.di.osgi.AnnotationBasedOsgiPlugin] Error getting Constructor for BasePluginType of [ org.pentaho.di.core.extension.ExtensionPointPluginType ]
2022-02-24 11:43:29,305 DEBUG [org.pentaho.di.osgi.KarafLifecycleListener] About to start waiting on delayed service notifiers
2022-02-24 11:43:29,305 DEBUG [org.pentaho.di.osgi.KarafLifecycleListener] Done waiting on delayed service notifiers
2022-02-24 11:43:29,328 DEBUG [org.pentaho.di.osgi.AnnotationBasedOsgiPlugin] Error getting Constructor for BasePluginType of [ org.pentaho.di.core.extension.ExtensionPointPluginType ]
2022-02-24 11:43:29,517 DEBUG [org.pentaho.di.osgi.AnnotationBasedOsgiPlugin] Error getting Constructor for BasePluginType of [ org.pentaho.di.core.plugins.JobEntryPluginType ]
2022-02-24 11:43:29,627 DEBUG [org.pentaho.di.osgi.AnnotationBasedOsgiPlugin] Error getting Constructor for BasePluginType of [ org.pentaho.di.core.plugins.StepPluginType ]
2022-02-24 11:43:29,640 DEBUG [org.pentaho.di.osgi.AnnotationBasedOsgiPlugin] Error getting Constructor for BasePluginType of [ org.pentaho.di.core.plugins.StepPluginType ]
2022-02-24 11:43:29,643 DEBUG [org.pentaho.di.osgi.AnnotationBasedOsgiPlugin] Error getting Constructor for BasePluginType of [ org.pentaho.di.core.plugins.LifecyclePluginType ]
2022-02-24 11:43:29,767 DEBUG [org.pentaho.di.osgi.AnnotationBasedOsgiPlugin] Error getting Constructor for BasePluginType of [ org.pentaho.di.core.plugins.StepPluginType ]
2022-02-24 11:43:29,799 DEBUG [org.pentaho.di.osgi.AnnotationBasedOsgiPlugin] Error getting Constructor for BasePluginType of [ org.pentaho.di.core.plugins.StepPluginType ]
2022-02-24 11:43:29,834 DEBUG [org.pentaho.di.osgi.AnnotationBasedOsgiPlugin] Error getting Constructor for BasePluginType of [ org.pentaho.di.core.plugins.StepPluginType ]
2022-02-24 11:43:29,987 DEBUG [org.pentaho.di.osgi.AnnotationBasedOsgiPlugin] Error getting Constructor for BasePluginType of [ org.pentaho.di.core.plugins.JobEntryPluginType ]
2022-02-24 11:43:30,004 DEBUG [org.pentaho.di.osgi.AnnotationBasedOsgiPlugin] Error getting Constructor for BasePluginType of [ org.pentaho.di.core.plugins.JobEntryPluginType ]
2022-02-24 11:43:30,037 DEBUG [org.pentaho.di.osgi.AnnotationBasedOsgiPlugin] Error getting Constructor for BasePluginType of [ org.pentaho.di.core.plugins.StepPluginType ]
2022-02-24 11:43:30,077 DEBUG [org.pentaho.di.osgi.AnnotationBasedOsgiPlugin] Error getting Constructor for BasePluginType of [ org.pentaho.di.core.plugins.StepPluginType ]
2022-02-24 11:43:30,515 DEBUG [org.pentaho.di.osgi.AnnotationBasedOsgiPlugin] Error getting Constructor for BasePluginType of [ org.pentaho.di.core.plugins.JobEntryPluginType ]
2022-02-24 11:43:30,632 DEBUG [org.pentaho.di.osgi.AnnotationBasedOsgiPlugin] Error getting Constructor for BasePluginType of [ org.pentaho.di.core.plugins.JobEntryPluginType ]
2022-02-24 11:43:30,730 DEBUG [org.pentaho.di.osgi.AnnotationBasedOsgiPlugin] Error getting Constructor for BasePluginType of [ org.pentaho.di.core.plugins.JobEntryPluginType ]
2022-02-24 11:43:30,745 DEBUG [org.pentaho.di.osgi.AnnotationBasedOsgiPlugin] Error getting Constructor for BasePluginType of [ org.pentaho.di.core.plugins.JobEntryPluginType ]
2022-02-24 11:43:30,948 DEBUG [org.pentaho.di.osgi.AnnotationBasedOsgiPlugin] Error getting Constructor for BasePluginType of [ org.pentaho.di.core.plugins.DatabasePluginType ]
2022-02-24 11:43:30,957 DEBUG [org.pentaho.di.osgi.AnnotationBasedOsgiPlugin] Error getting Constructor for BasePluginType of [ org.pentaho.di.core.plugins.DatabasePluginType ]
2022-02-24 11:43:30,958 DEBUG [org.pentaho.di.osgi.AnnotationBasedOsgiPlugin] Error getting Constructor for BasePluginType of [ org.pentaho.di.core.plugins.DatabasePluginType ]
2022-02-24 11:43:30,969 DEBUG [org.pentaho.di.osgi.AnnotationBasedOsgiPlugin] Error getting Constructor for BasePluginType of [ org.pentaho.di.core.plugins.DatabasePluginType ]
2022-02-24 11:43:30,970 DEBUG [org.pentaho.di.osgi.AnnotationBasedOsgiPlugin] Error getting Constructor for BasePluginType of [ org.pentaho.di.core.plugins.DatabasePluginType ]
2022-02-24 11:43:31,475 DEBUG [org.pentaho.di.osgi.AnnotationBasedOsgiPlugin] Error getting Constructor for BasePluginType of [ org.pentaho.di.core.plugins.JobEntryPluginType ]
2022-02-24 11:43:34,605 DEBUG [org.pentaho.di.osgi.AnnotationBasedOsgiPlugin] Error getting Constructor for BasePluginType of [ org.pentaho.di.core.plugins.DatabasePluginType ]
2022-02-24 11:43:34,655 DEBUG [org.pentaho.di.osgi.AnnotationBasedOsgiPlugin] Error getting Constructor for BasePluginType of [ org.pentaho.di.core.plugins.LifecyclePluginType ]
2022-02-24 11:43:35,469 DEBUG [org.pentaho.di.osgi.AnnotationBasedOsgiPlugin] Error getting Constructor for BasePluginType of [ org.pentaho.di.core.extension.ExtensionPointPluginType ]
2022-02-24 11:43:35,474 DEBUG [org.pentaho.di.osgi.AnnotationBasedOsgiPlugin] Error getting Constructor for BasePluginType of [ org.pentaho.di.core.extension.ExtensionPointPluginType ]
2022-02-24 11:43:35,823 DEBUG [org.pentaho.di.osgi.AnnotationBasedOsgiPlugin] Error getting Constructor for BasePluginType of [ org.pentaho.di.core.plugins.CartePluginType ]
2022-02-24 11:43:35,842 DEBUG [org.pentaho.di.osgi.AnnotationBasedOsgiPlugin] Error getting Constructor for BasePluginType of [ org.pentaho.di.core.plugins.CartePluginType ]
2022-02-24 11:43:35,844 DEBUG [org.pentaho.di.osgi.AnnotationBasedOsgiPlugin] Error getting Constructor for BasePluginType of [ org.pentaho.di.core.plugins.CartePluginType ]
2022-02-24 11:43:35,873 DEBUG [org.pentaho.di.osgi.AnnotationBasedOsgiPlugin] Error getting Constructor for BasePluginType of [ org.pentaho.di.ui.spoon.SpoonPluginType ]
2022-02-24 11:43:35,904 DEBUG [org.pentaho.di.osgi.AnnotationBasedOsgiPlugin] Error getting Constructor for BasePluginType of [ org.pentaho.di.core.extension.ExtensionPointPluginType ]
2022-02-24 11:43:35,911 DEBUG [org.pentaho.di.osgi.AnnotationBasedOsgiPlugin] Error getting Constructor for BasePluginType of [ org.pentaho.di.core.extension.ExtensionPointPluginType ]
2022-02-24 11:43:35,911 DEBUG [org.pentaho.di.osgi.AnnotationBasedOsgiPlugin] Error getting Constructor for BasePluginType of [ org.pentaho.di.core.extension.ExtensionPointPluginType ]
2022-02-24 11:43:35,912 DEBUG [org.pentaho.di.osgi.AnnotationBasedOsgiPlugin] Error getting Constructor for BasePluginType of [ org.pentaho.di.core.extension.ExtensionPointPluginType ]
2022-02-24 11:43:35,913 DEBUG [org.pentaho.di.osgi.AnnotationBasedOsgiPlugin] Error getting Constructor for BasePluginType of [ org.pentaho.di.core.extension.ExtensionPointPluginType ]
2022-02-24 11:43:35,934 DEBUG [org.pentaho.di.osgi.AnnotationBasedOsgiPlugin] Error getting Constructor for BasePluginType of [ org.pentaho.di.core.extension.ExtensionPointPluginType ]
2022-02-24 11:43:35,958 DEBUG [org.pentaho.di.osgi.AnnotationBasedOsgiPlugin] Error getting Constructor for BasePluginType of [ org.pentaho.di.core.extension.ExtensionPointPluginType ]
2022-02-24 11:43:35,960 DEBUG [org.pentaho.di.osgi.AnnotationBasedOsgiPlugin] Error getting Constructor for BasePluginType of [ org.pentaho.di.core.extension.ExtensionPointPluginType ]
2022-02-24 11:43:36,012 DEBUG [org.pentaho.di.osgi.AnnotationBasedOsgiPlugin] Error getting Constructor for BasePluginType of [ org.pentaho.di.core.plugins.CartePluginType ]
2022-02-24 20:03:17,522 DEBUG [org.pentaho.di.osgi.OSGIPluginTracker] BeanFactoryLookup is currently not set, returning null
2022-02-24 20:03:17,530 DEBUG [org.pentaho.di.osgi.OSGIPluginTracker] BeanFactoryLookup is currently not set, returning null
2022-02-24 20:03:17,535 DEBUG [org.pentaho.di.osgi.OSGIPluginTracker] BeanFactoryLookup is currently not set, returning null
2022-02-24 20:03:17,536 DEBUG [org.pentaho.di.osgi.OSGIPluginTracker] BeanFactoryLookup is currently not set, returning null
2022-02-24 20:03:17,601 DEBUG [org.pentaho.di.osgi.AnnotationBasedOsgiPlugin] Error getting Constructor for BasePluginType of [ org.pentaho.di.core.extension.ExtensionPointPluginType ]
2022-02-24 20:03:17,618 DEBUG [org.pentaho.di.osgi.AnnotationBasedOsgiPlugin] Error getting Constructor for BasePluginType of [ org.pentaho.di.core.extension.ExtensionPointPluginType ]
2022-02-24 20:03:17,674 DEBUG [org.pentaho.di.osgi.AnnotationBasedOsgiPlugin] Error getting Constructor for BasePluginType of [ org.pentaho.di.core.extension.ExtensionPointPluginType ]
2022-02-24 20:03:17,957 DEBUG [org.pentaho.di.osgi.KarafLifecycleListener] About to start waiting on delayed service notifiers
2022-02-24 20:03:17,957 DEBUG [org.pentaho.di.osgi.KarafLifecycleListener] Done waiting on delayed service notifiers
2022-02-24 20:03:17,994 DEBUG [org.pentaho.di.osgi.AnnotationBasedOsgiPlugin] Error getting Constructor for BasePluginType of [ org.pentaho.di.core.extension.ExtensionPointPluginType ]
2022-02-24 20:03:18,077 DEBUG [org.pentaho.di.osgi.AnnotationBasedOsgiPlugin] Error getting Constructor for BasePluginType of [ org.pentaho.di.core.plugins.JobEntryPluginType ]
2022-02-24 20:03:18,125 DEBUG [org.pentaho.di.osgi.AnnotationBasedOsgiPlugin] Error getting Constructor for BasePluginType of [ org.pentaho.di.core.plugins.StepPluginType ]
2022-02-24 20:03:18,129 DEBUG [org.pentaho.di.osgi.AnnotationBasedOsgiPlugin] Error getting Constructor for BasePluginType of [ org.pentaho.di.core.plugins.StepPluginType ]
2022-02-24 20:03:18,131 DEBUG [org.pentaho.di.osgi.AnnotationBasedOsgiPlugin] Error getting Constructor for BasePluginType of [ org.pentaho.di.core.plugins.LifecyclePluginType ]
2022-02-24 20:03:18,201 DEBUG [org.pentaho.di.osgi.AnnotationBasedOsgiPlugin] Error getting Constructor for BasePluginType of [ org.pentaho.di.core.plugins.StepPluginType ]
2022-02-24 20:03:18,212 DEBUG [org.pentaho.di.osgi.AnnotationBasedOsgiPlugin] Error getting Constructor for BasePluginType of [ org.pentaho.di.core.plugins.StepPluginType ]
2022-02-24 20:03:18,215 DEBUG [org.pentaho.di.osgi.AnnotationBasedOsgiPlugin] Error getting Constructor for BasePluginType of [ org.pentaho.di.core.plugins.StepPluginType ]
2022-02-24 20:03:18,300 DEBUG [org.pentaho.di.osgi.AnnotationBasedOsgiPlugin] Error getting Constructor for BasePluginType of [ org.pentaho.di.core.plugins.JobEntryPluginType ]
2022-02-24 20:03:18,321 DEBUG [org.pentaho.di.osgi.AnnotationBasedOsgiPlugin] Error getting Constructor for BasePluginType of [ org.pentaho.di.core.plugins.JobEntryPluginType ]
2022-02-24 20:03:18,345 DEBUG [org.pentaho.di.osgi.AnnotationBasedOsgiPlugin] Error getting Constructor for BasePluginType of [ org.pentaho.di.core.plugins.StepPluginType ]
2022-02-24 20:03:18,353 DEBUG [org.pentaho.di.osgi.AnnotationBasedOsgiPlugin] Error getting Constructor for BasePluginType of [ org.pentaho.di.core.plugins.StepPluginType ]
2022-02-24 20:03:18,410 DEBUG [org.pentaho.di.osgi.AnnotationBasedOsgiPlugin] Error getting Constructor for BasePluginType of [ org.pentaho.di.core.plugins.JobEntryPluginType ]
2022-02-24 20:03:18,466 DEBUG [org.pentaho.di.osgi.AnnotationBasedOsgiPlugin] Error getting Constructor for BasePluginType of [ org.pentaho.di.core.plugins.JobEntryPluginType ]
2022-02-24 20:03:18,543 DEBUG [org.pentaho.di.osgi.AnnotationBasedOsgiPlugin] Error getting Constructor for BasePluginType of [ org.pentaho.di.core.plugins.JobEntryPluginType ]
2022-02-24 20:03:18,545 DEBUG [org.pentaho.di.osgi.AnnotationBasedOsgiPlugin] Error getting Constructor for BasePluginType of [ org.pentaho.di.core.plugins.JobEntryPluginType ]
2022-02-24 20:03:18,668 DEBUG [org.pentaho.di.osgi.AnnotationBasedOsgiPlugin] Error getting Constructor for BasePluginType of [ org.pentaho.di.core.plugins.DatabasePluginType ]
2022-02-24 20:03:18,686 DEBUG [org.pentaho.di.osgi.AnnotationBasedOsgiPlugin] Error getting Constructor for BasePluginType of [ org.pentaho.di.core.plugins.DatabasePluginType ]
2022-02-24 20:03:18,705 DEBUG [org.pentaho.di.osgi.AnnotationBasedOsgiPlugin] Error getting Constructor for BasePluginType of [ org.pentaho.di.core.plugins.DatabasePluginType ]
2022-02-24 20:03:18,706 DEBUG [org.pentaho.di.osgi.AnnotationBasedOsgiPlugin] Error getting Constructor for BasePluginType of [ org.pentaho.di.core.plugins.DatabasePluginType ]
2022-02-24 20:03:18,707 DEBUG [org.pentaho.di.osgi.AnnotationBasedOsgiPlugin] Error getting Constructor for BasePluginType of [ org.pentaho.di.core.plugins.DatabasePluginType ]
2022-02-24 20:03:18,775 DEBUG [org.pentaho.di.osgi.AnnotationBasedOsgiPlugin] Error getting Constructor for BasePluginType of [ org.pentaho.di.core.plugins.JobEntryPluginType ]
2022-02-24 20:03:20,272 DEBUG [org.pentaho.di.osgi.AnnotationBasedOsgiPlugin] Error getting Constructor for BasePluginType of [ org.pentaho.di.core.plugins.DatabasePluginType ]
2022-02-24 20:03:20,283 DEBUG [org.pentaho.di.osgi.AnnotationBasedOsgiPlugin] Error getting Constructor for BasePluginType of [ org.pentaho.di.core.plugins.LifecyclePluginType ]
2022-02-24 20:03:20,640 DEBUG [org.pentaho.di.osgi.AnnotationBasedOsgiPlugin] Error getting Constructor for BasePluginType of [ org.pentaho.di.core.extension.ExtensionPointPluginType ]
2022-02-24 20:03:20,642 DEBUG [org.pentaho.di.osgi.AnnotationBasedOsgiPlugin] Error getting Constructor for BasePluginType of [ org.pentaho.di.core.extension.ExtensionPointPluginType ]
2022-02-24 20:03:20,789 DEBUG [org.pentaho.di.osgi.AnnotationBasedOsgiPlugin] Error getting Constructor for BasePluginType of [ org.pentaho.di.core.plugins.CartePluginType ]
2022-02-24 20:03:20,794 DEBUG [org.pentaho.di.osgi.AnnotationBasedOsgiPlugin] Error getting Constructor for BasePluginType of [ org.pentaho.di.core.plugins.CartePluginType ]
2022-02-24 20:03:20,796 DEBUG [org.pentaho.di.osgi.AnnotationBasedOsgiPlugin] Error getting Constructor for BasePluginType of [ org.pentaho.di.core.plugins.CartePluginType ]
2022-02-24 20:03:20,811 DEBUG [org.pentaho.di.osgi.AnnotationBasedOsgiPlugin] Error getting Constructor for BasePluginType of [ org.pentaho.di.ui.spoon.SpoonPluginType ]
2022-02-24 20:03:20,836 DEBUG [org.pentaho.di.osgi.AnnotationBasedOsgiPlugin] Error getting Constructor for BasePluginType of [ org.pentaho.di.core.extension.ExtensionPointPluginType ]
2022-02-24 20:03:20,840 DEBUG [org.pentaho.di.osgi.AnnotationBasedOsgiPlugin] Error getting Constructor for BasePluginType of [ org.pentaho.di.core.extension.ExtensionPointPluginType ]
2022-02-24 20:03:20,841 DEBUG [org.pentaho.di.osgi.AnnotationBasedOsgiPlugin] Error getting Constructor for BasePluginType of [ org.pentaho.di.core.extension.ExtensionPointPluginType ]
2022-02-24 20:03:20,841 DEBUG [org.pentaho.di.osgi.AnnotationBasedOsgiPlugin] Error getting Constructor for BasePluginType of [ org.pentaho.di.core.extension.ExtensionPointPluginType ]
2022-02-24 20:03:20,842 DEBUG [org.pentaho.di.osgi.AnnotationBasedOsgiPlugin] Error getting Constructor for BasePluginType of [ org.pentaho.di.core.extension.ExtensionPointPluginType ]
2022-02-24 20:03:20,853 DEBUG [org.pentaho.di.osgi.AnnotationBasedOsgiPlugin] Error getting Constructor for BasePluginType of [ org.pentaho.di.core.extension.ExtensionPointPluginType ]
2022-02-24 20:03:20,859 DEBUG [org.pentaho.di.osgi.AnnotationBasedOsgiPlugin] Error getting Constructor for BasePluginType of [ org.pentaho.di.core.extension.ExtensionPointPluginType ]
2022-02-24 20:03:20,859 DEBUG [org.pentaho.di.osgi.AnnotationBasedOsgiPlugin] Error getting Constructor for BasePluginType of [ org.pentaho.di.core.extension.ExtensionPointPluginType ]
2022-02-24 20:03:21,002 DEBUG [org.pentaho.di.osgi.AnnotationBasedOsgiPlugin] Error getting Constructor for BasePluginType of [ org.pentaho.di.core.plugins.CartePluginType ]
2022-02-26 13:20:27,001 DEBUG [org.pentaho.di.osgi.OSGIPluginTracker] BeanFactoryLookup is currently not set, returning null
2022-02-26 13:20:27,004 DEBUG [org.pentaho.di.osgi.OSGIPluginTracker] BeanFactoryLookup is currently not set, returning null
2022-02-26 13:20:27,010 DEBUG [org.pentaho.di.osgi.OSGIPluginTracker] BeanFactoryLookup is currently not set, returning null
2022-02-26 13:20:27,010 DEBUG [org.pentaho.di.osgi.OSGIPluginTracker] BeanFactoryLookup is currently not set, returning null
2022-02-26 13:20:27,070 DEBUG [org.pentaho.di.osgi.AnnotationBasedOsgiPlugin] Error getting Constructor for BasePluginType of [ org.pentaho.di.core.extension.ExtensionPointPluginType ]
2022-02-26 13:20:27,073 DEBUG [org.pentaho.di.osgi.AnnotationBasedOsgiPlugin] Error getting Constructor for BasePluginType of [ org.pentaho.di.core.extension.ExtensionPointPluginType ]
2022-02-26 13:20:27,117 DEBUG [org.pentaho.di.osgi.AnnotationBasedOsgiPlugin] Error getting Constructor for BasePluginType of [ org.pentaho.di.core.extension.ExtensionPointPluginType ]
2022-02-26 13:20:27,476 DEBUG [org.pentaho.di.osgi.AnnotationBasedOsgiPlugin] Error getting Constructor for BasePluginType of [ org.pentaho.di.core.extension.ExtensionPointPluginType ]
2022-02-26 13:20:27,538 DEBUG [org.pentaho.di.osgi.AnnotationBasedOsgiPlugin] Error getting Constructor for BasePluginType of [ org.pentaho.di.core.plugins.JobEntryPluginType ]
2022-02-26 13:20:27,557 DEBUG [org.pentaho.di.osgi.KarafLifecycleListener] About to start waiting on delayed service notifiers
2022-02-26 13:20:27,564 DEBUG [org.pentaho.di.osgi.AnnotationBasedOsgiPlugin] Error getting Constructor for BasePluginType of [ org.pentaho.di.core.plugins.StepPluginType ]
2022-02-26 13:20:27,567 DEBUG [org.pentaho.di.osgi.AnnotationBasedOsgiPlugin] Error getting Constructor for BasePluginType of [ org.pentaho.di.core.plugins.StepPluginType ]
2022-02-26 13:20:27,568 DEBUG [org.pentaho.di.osgi.AnnotationBasedOsgiPlugin] Error getting Constructor for BasePluginType of [ org.pentaho.di.core.plugins.LifecyclePluginType ]
2022-02-26 13:20:27,599 DEBUG [org.pentaho.di.osgi.AnnotationBasedOsgiPlugin] Error getting Constructor for BasePluginType of [ org.pentaho.di.core.plugins.StepPluginType ]
2022-02-26 13:20:27,601 DEBUG [org.pentaho.di.osgi.AnnotationBasedOsgiPlugin] Error getting Constructor for BasePluginType of [ org.pentaho.di.core.plugins.StepPluginType ]
2022-02-26 13:20:27,605 DEBUG [org.pentaho.di.osgi.AnnotationBasedOsgiPlugin] Error getting Constructor for BasePluginType of [ org.pentaho.di.core.plugins.StepPluginType ]
2022-02-26 13:20:27,641 DEBUG [org.pentaho.di.osgi.AnnotationBasedOsgiPlugin] Error getting Constructor for BasePluginType of [ org.pentaho.di.core.plugins.JobEntryPluginType ]
2022-02-26 13:20:27,644 DEBUG [org.pentaho.di.osgi.AnnotationBasedOsgiPlugin] Error getting Constructor for BasePluginType of [ org.pentaho.di.core.plugins.JobEntryPluginType ]
2022-02-26 13:20:27,649 DEBUG [org.pentaho.di.osgi.AnnotationBasedOsgiPlugin] Error getting Constructor for BasePluginType of [ org.pentaho.di.core.plugins.StepPluginType ]
2022-02-26 13:20:27,655 DEBUG [org.pentaho.di.osgi.AnnotationBasedOsgiPlugin] Error getting Constructor for BasePluginType of [ org.pentaho.di.core.plugins.StepPluginType ]
2022-02-26 13:20:27,740 DEBUG [org.pentaho.di.osgi.AnnotationBasedOsgiPlugin] Error getting Constructor for BasePluginType of [ org.pentaho.di.core.plugins.JobEntryPluginType ]
2022-02-26 13:20:27,789 DEBUG [org.pentaho.di.osgi.AnnotationBasedOsgiPlugin] Error getting Constructor for BasePluginType of [ org.pentaho.di.core.plugins.JobEntryPluginType ]
2022-02-26 13:20:27,833 DEBUG [org.pentaho.di.osgi.AnnotationBasedOsgiPlugin] Error getting Constructor for BasePluginType of [ org.pentaho.di.core.plugins.JobEntryPluginType ]
2022-02-26 13:20:27,836 DEBUG [org.pentaho.di.osgi.AnnotationBasedOsgiPlugin] Error getting Constructor for BasePluginType of [ org.pentaho.di.core.plugins.JobEntryPluginType ]
2022-02-26 13:20:27,928 DEBUG [org.pentaho.di.osgi.AnnotationBasedOsgiPlugin] Error getting Constructor for BasePluginType of [ org.pentaho.di.core.plugins.DatabasePluginType ]
2022-02-26 13:20:27,938 DEBUG [org.pentaho.di.osgi.AnnotationBasedOsgiPlugin] Error getting Constructor for BasePluginType of [ org.pentaho.di.core.plugins.DatabasePluginType ]
2022-02-26 13:20:27,939 DEBUG [org.pentaho.di.osgi.AnnotationBasedOsgiPlugin] Error getting Constructor for BasePluginType of [ org.pentaho.di.core.plugins.DatabasePluginType ]
2022-02-26 13:20:27,940 DEBUG [org.pentaho.di.osgi.AnnotationBasedOsgiPlugin] Error getting Constructor for BasePluginType of [ org.pentaho.di.core.plugins.DatabasePluginType ]
2022-02-26 13:20:27,941 DEBUG [org.pentaho.di.osgi.AnnotationBasedOsgiPlugin] Error getting Constructor for BasePluginType of [ org.pentaho.di.core.plugins.DatabasePluginType ]
2022-02-26 13:20:27,976 DEBUG [org.pentaho.di.osgi.AnnotationBasedOsgiPlugin] Error getting Constructor for BasePluginType of [ org.pentaho.di.core.plugins.JobEntryPluginType ]
2022-02-26 13:20:29,058 DEBUG [org.pentaho.di.osgi.AnnotationBasedOsgiPlugin] Error getting Constructor for BasePluginType of [ org.pentaho.di.core.plugins.DatabasePluginType ]
2022-02-26 13:20:29,070 DEBUG [org.pentaho.di.osgi.AnnotationBasedOsgiPlugin] Error getting Constructor for BasePluginType of [ org.pentaho.di.core.plugins.LifecyclePluginType ]
2022-02-26 13:20:29,434 DEBUG [org.pentaho.di.osgi.AnnotationBasedOsgiPlugin] Error getting Constructor for BasePluginType of [ org.pentaho.di.core.extension.ExtensionPointPluginType ]
2022-02-26 13:20:29,436 DEBUG [org.pentaho.di.osgi.AnnotationBasedOsgiPlugin] Error getting Constructor for BasePluginType of [ org.pentaho.di.core.extension.ExtensionPointPluginType ]
2022-02-26 13:20:29,584 DEBUG [org.pentaho.di.osgi.AnnotationBasedOsgiPlugin] Error getting Constructor for BasePluginType of [ org.pentaho.di.core.plugins.CartePluginType ]
2022-02-26 13:20:29,589 DEBUG [org.pentaho.di.osgi.AnnotationBasedOsgiPlugin] Error getting Constructor for BasePluginType of [ org.pentaho.di.core.plugins.CartePluginType ]
2022-02-26 13:20:29,591 DEBUG [org.pentaho.di.osgi.AnnotationBasedOsgiPlugin] Error getting Constructor for BasePluginType of [ org.pentaho.di.core.plugins.CartePluginType ]
2022-02-26 13:20:29,596 DEBUG [org.pentaho.di.osgi.AnnotationBasedOsgiPlugin] Error getting Constructor for BasePluginType of [ org.pentaho.di.ui.spoon.SpoonPluginType ]
2022-02-26 13:20:29,611 DEBUG [org.pentaho.di.osgi.AnnotationBasedOsgiPlugin] Error getting Constructor for BasePluginType of [ org.pentaho.di.core.extension.ExtensionPointPluginType ]
2022-02-26 13:20:29,614 DEBUG [org.pentaho.di.osgi.AnnotationBasedOsgiPlugin] Error getting Constructor for BasePluginType of [ org.pentaho.di.core.extension.ExtensionPointPluginType ]
2022-02-26 13:20:29,615 DEBUG [org.pentaho.di.osgi.AnnotationBasedOsgiPlugin] Error getting Constructor for BasePluginType of [ org.pentaho.di.core.extension.ExtensionPointPluginType ]
2022-02-26 13:20:29,623 DEBUG [org.pentaho.di.osgi.AnnotationBasedOsgiPlugin] Error getting Constructor for BasePluginType of [ org.pentaho.di.core.extension.ExtensionPointPluginType ]
2022-02-26 13:20:29,624 DEBUG [org.pentaho.di.osgi.AnnotationBasedOsgiPlugin] Error getting Constructor for BasePluginType of [ org.pentaho.di.core.extension.ExtensionPointPluginType ]
2022-02-26 13:20:29,628 DEBUG [org.pentaho.di.osgi.AnnotationBasedOsgiPlugin] Error getting Constructor for BasePluginType of [ org.pentaho.di.core.extension.ExtensionPointPluginType ]
2022-02-26 13:20:29,633 DEBUG [org.pentaho.di.osgi.AnnotationBasedOsgiPlugin] Error getting Constructor for BasePluginType of [ org.pentaho.di.core.extension.ExtensionPointPluginType ]
2022-02-26 13:20:29,634 DEBUG [org.pentaho.di.osgi.AnnotationBasedOsgiPlugin] Error getting Constructor for BasePluginType of [ org.pentaho.di.core.extension.ExtensionPointPluginType ]
2022-02-26 13:20:29,652 DEBUG [org.pentaho.di.osgi.AnnotationBasedOsgiPlugin] Error getting Constructor for BasePluginType of [ org.pentaho.di.core.plugins.CartePluginType ]
2022-02-26 13:20:29,878 DEBUG [org.pentaho.di.osgi.KarafLifecycleListener] Done waiting on delayed service notifiers
