Feb 13, 2022 8:28:37 PM org.apache.karaf.main.Main launch
INFO: Installing and starting initial bundles
Feb 13, 2022 8:28:38 PM org.apache.karaf.main.Main launch
INFO: All initial bundles installed and set to start
Feb 13, 2022 8:28:38 PM org.apache.karaf.main.Main$KarafLockCallback lockAquired
INFO: Lock acquired. Setting startlevel to 100
Feb 13, 2022 10:00:01 PM org.apache.karaf.main.KarafActivatorManager stopKarafActivators
WARNING: Error stopping karaf activator org.apache.servicemix.specs.activator.Activator
java.lang.NullPointerException
	at org.apache.servicemix.specs.activator.Activator.stop(Activator.java:88)
	at org.apache.karaf.main.KarafActivatorManager.stopKarafActivators(KarafActivatorManager.java:89)
	at org.apache.karaf.main.Main.destroy(Main.java:525)
	at org.pentaho.platform.osgi.KarafBoot.shutdown(KarafBoot.java:459)
	at org.pentaho.platform.engine.core.system.PentahoSystem.shutdown(PentahoSystem.java:1071)
	at org.pentaho.platform.web.http.context.SolutionContextListener.contextDestroyed(SolutionContextListener.java:282)
	at org.apache.catalina.core.StandardContext.listenerStop(StandardContext.java:4900)
	at org.apache.catalina.core.StandardContext.stopInternal(StandardContext.java:5537)
	at org.apache.catalina.util.LifecycleBase.stop(LifecycleBase.java:221)
	at org.apache.catalina.core.ContainerBase$StopChild.call(ContainerBase.java:1423)
	at org.apache.catalina.core.ContainerBase$StopChild.call(ContainerBase.java:1412)
	at java.util.concurrent.FutureTask.run(FutureTask.java:266)
	at java.util.concurrent.ThreadPoolExecutor.runWorker(ThreadPoolExecutor.java:1142)
	at java.util.concurrent.ThreadPoolExecutor$Worker.run(ThreadPoolExecutor.java:617)
	at java.lang.Thread.run(Thread.java:748)

Feb 15, 2022 10:40:24 AM org.apache.karaf.main.Main$KarafLockCallback lockAquired
INFO: Lock acquired. Setting startlevel to 100
Feb 17, 2022 5:05:51 AM org.apache.karaf.main.KarafActivatorManager stopKarafActivators
WARNING: Error stopping karaf activator org.apache.servicemix.specs.activator.Activator
java.lang.NullPointerException
	at org.apache.servicemix.specs.activator.Activator.stop(Activator.java:88)
	at org.apache.karaf.main.KarafActivatorManager.stopKarafActivators(KarafActivatorManager.java:89)
	at org.apache.karaf.main.Main.destroy(Main.java:525)
	at org.pentaho.platform.osgi.KarafBoot.shutdown(KarafBoot.java:459)
	at org.pentaho.platform.engine.core.system.PentahoSystem.shutdown(PentahoSystem.java:1071)
	at org.pentaho.platform.web.http.context.SolutionContextListener.contextDestroyed(SolutionContextListener.java:282)
	at org.apache.catalina.core.StandardContext.listenerStop(StandardContext.java:4900)
	at org.apache.catalina.core.StandardContext.stopInternal(StandardContext.java:5537)
	at org.apache.catalina.util.LifecycleBase.stop(LifecycleBase.java:221)
	at org.apache.catalina.core.ContainerBase$StopChild.call(ContainerBase.java:1423)
	at org.apache.catalina.core.ContainerBase$StopChild.call(ContainerBase.java:1412)
	at java.util.concurrent.FutureTask.run(FutureTask.java:266)
	at java.util.concurrent.ThreadPoolExecutor.runWorker(ThreadPoolExecutor.java:1142)
	at java.util.concurrent.ThreadPoolExecutor$Worker.run(ThreadPoolExecutor.java:617)
	at java.lang.Thread.run(Thread.java:748)

Feb 20, 2022 11:37:31 AM org.apache.karaf.main.Main$KarafLockCallback lockAquired
INFO: Lock acquired. Setting startlevel to 100
Feb 20, 2022 9:57:56 PM org.apache.karaf.main.KarafActivatorManager stopKarafActivators
WARNING: Error stopping karaf activator org.apache.servicemix.specs.activator.Activator
java.lang.NullPointerException
	at org.apache.servicemix.specs.activator.Activator.stop(Activator.java:88)
	at org.apache.karaf.main.KarafActivatorManager.stopKarafActivators(KarafActivatorManager.java:89)
	at org.apache.karaf.main.Main.destroy(Main.java:525)
	at org.pentaho.platform.osgi.KarafBoot.shutdown(KarafBoot.java:459)
	at org.pentaho.platform.engine.core.system.PentahoSystem.shutdown(PentahoSystem.java:1071)
	at org.pentaho.platform.web.http.context.SolutionContextListener.contextDestroyed(SolutionContextListener.java:282)
	at org.apache.catalina.core.StandardContext.listenerStop(StandardContext.java:4900)
	at org.apache.catalina.core.StandardContext.stopInternal(StandardContext.java:5537)
	at org.apache.catalina.util.LifecycleBase.stop(LifecycleBase.java:221)
	at org.apache.catalina.core.ContainerBase$StopChild.call(ContainerBase.java:1423)
	at org.apache.catalina.core.ContainerBase$StopChild.call(ContainerBase.java:1412)
	at java.util.concurrent.FutureTask.run(FutureTask.java:266)
	at java.util.concurrent.ThreadPoolExecutor.runWorker(ThreadPoolExecutor.java:1142)
	at java.util.concurrent.ThreadPoolExecutor$Worker.run(ThreadPoolExecutor.java:617)
	at java.lang.Thread.run(Thread.java:748)

Feb 22, 2022 3:56:26 AM org.apache.karaf.main.Main$KarafLockCallback lockAquired
INFO: Lock acquired. Setting startlevel to 100
Feb 22, 2022 4:48:14 AM org.apache.karaf.main.KarafActivatorManager stopKarafActivators
WARNING: Error stopping karaf activator org.apache.servicemix.specs.activator.Activator
java.lang.NullPointerException
	at org.apache.servicemix.specs.activator.Activator.stop(Activator.java:88)
	at org.apache.karaf.main.KarafActivatorManager.stopKarafActivators(KarafActivatorManager.java:89)
	at org.apache.karaf.main.Main.destroy(Main.java:525)
	at org.pentaho.platform.osgi.KarafBoot.shutdown(KarafBoot.java:459)
	at org.pentaho.platform.engine.core.system.PentahoSystem.shutdown(PentahoSystem.java:1071)
	at org.pentaho.platform.web.http.context.SolutionContextListener.contextDestroyed(SolutionContextListener.java:282)
	at org.apache.catalina.core.StandardContext.listenerStop(StandardContext.java:4900)
	at org.apache.catalina.core.StandardContext.stopInternal(StandardContext.java:5537)
	at org.apache.catalina.util.LifecycleBase.stop(LifecycleBase.java:221)
	at org.apache.catalina.core.ContainerBase$StopChild.call(ContainerBase.java:1423)
	at org.apache.catalina.core.ContainerBase$StopChild.call(ContainerBase.java:1412)
	at java.util.concurrent.FutureTask.run(FutureTask.java:266)
	at java.util.concurrent.ThreadPoolExecutor.runWorker(ThreadPoolExecutor.java:1142)
	at java.util.concurrent.ThreadPoolExecutor$Worker.run(ThreadPoolExecutor.java:617)
	at java.lang.Thread.run(Thread.java:748)

Feb 24, 2022 11:35:55 AM org.apache.karaf.main.Main$KarafLockCallback lockAquired
INFO: Lock acquired. Setting startlevel to 100
Feb 24, 2022 11:39:47 AM org.apache.karaf.main.KarafActivatorManager stopKarafActivators
WARNING: Error stopping karaf activator org.apache.servicemix.specs.activator.Activator
java.lang.NullPointerException
	at org.apache.servicemix.specs.activator.Activator.stop(Activator.java:88)
	at org.apache.karaf.main.KarafActivatorManager.stopKarafActivators(KarafActivatorManager.java:89)
	at org.apache.karaf.main.Main.destroy(Main.java:525)
	at org.pentaho.platform.osgi.KarafBoot.shutdown(KarafBoot.java:459)
	at org.pentaho.platform.engine.core.system.PentahoSystem.shutdown(PentahoSystem.java:1071)
	at org.pentaho.platform.web.http.context.SolutionContextListener.contextDestroyed(SolutionContextListener.java:282)
	at org.apache.catalina.core.StandardContext.listenerStop(StandardContext.java:4900)
	at org.apache.catalina.core.StandardContext.stopInternal(StandardContext.java:5537)
	at org.apache.catalina.util.LifecycleBase.stop(LifecycleBase.java:221)
	at org.apache.catalina.core.ContainerBase$StopChild.call(ContainerBase.java:1423)
	at org.apache.catalina.core.ContainerBase$StopChild.call(ContainerBase.java:1412)
	at java.util.concurrent.FutureTask.run(FutureTask.java:266)
	at java.util.concurrent.ThreadPoolExecutor.runWorker(ThreadPoolExecutor.java:1142)
	at java.util.concurrent.ThreadPoolExecutor$Worker.run(ThreadPoolExecutor.java:617)
	at java.lang.Thread.run(Thread.java:748)

Feb 24, 2022 11:43:15 AM org.apache.karaf.main.Main$KarafLockCallback lockAquired
INFO: Lock acquired. Setting startlevel to 100
Feb 24, 2022 5:19:15 PM org.apache.karaf.main.KarafActivatorManager stopKarafActivators
WARNING: Error stopping karaf activator org.apache.servicemix.specs.activator.Activator
java.lang.NullPointerException
	at org.apache.servicemix.specs.activator.Activator.stop(Activator.java:88)
	at org.apache.karaf.main.KarafActivatorManager.stopKarafActivators(KarafActivatorManager.java:89)
	at org.apache.karaf.main.Main.destroy(Main.java:525)
	at org.pentaho.platform.osgi.KarafBoot.shutdown(KarafBoot.java:459)
	at org.pentaho.platform.engine.core.system.PentahoSystem.shutdown(PentahoSystem.java:1071)
	at org.pentaho.platform.web.http.context.SolutionContextListener.contextDestroyed(SolutionContextListener.java:282)
	at org.apache.catalina.core.StandardContext.listenerStop(StandardContext.java:4900)
	at org.apache.catalina.core.StandardContext.stopInternal(StandardContext.java:5537)
	at org.apache.catalina.util.LifecycleBase.stop(LifecycleBase.java:221)
	at org.apache.catalina.core.ContainerBase$StopChild.call(ContainerBase.java:1423)
	at org.apache.catalina.core.ContainerBase$StopChild.call(ContainerBase.java:1412)
	at java.util.concurrent.FutureTask.run(FutureTask.java:266)
	at java.util.concurrent.ThreadPoolExecutor.runWorker(ThreadPoolExecutor.java:1142)
	at java.util.concurrent.ThreadPoolExecutor$Worker.run(ThreadPoolExecutor.java:617)
	at java.lang.Thread.run(Thread.java:748)

Feb 24, 2022 8:03:08 PM org.apache.karaf.main.Main$KarafLockCallback lockAquired
INFO: Lock acquired. Setting startlevel to 100
Feb 25, 2022 4:35:01 PM org.apache.karaf.main.KarafActivatorManager stopKarafActivators
WARNING: Error stopping karaf activator org.apache.servicemix.specs.activator.Activator
java.lang.NullPointerException
	at org.apache.servicemix.specs.activator.Activator.stop(Activator.java:88)
	at org.apache.karaf.main.KarafActivatorManager.stopKarafActivators(KarafActivatorManager.java:89)
	at org.apache.karaf.main.Main.destroy(Main.java:525)
	at org.pentaho.platform.osgi.KarafBoot.shutdown(KarafBoot.java:459)
	at org.pentaho.platform.engine.core.system.PentahoSystem.shutdown(PentahoSystem.java:1071)
	at org.pentaho.platform.web.http.context.SolutionContextListener.contextDestroyed(SolutionContextListener.java:282)
	at org.apache.catalina.core.StandardContext.listenerStop(StandardContext.java:4900)
	at org.apache.catalina.core.StandardContext.stopInternal(StandardContext.java:5537)
	at org.apache.catalina.util.LifecycleBase.stop(LifecycleBase.java:221)
	at org.apache.catalina.core.ContainerBase$StopChild.call(ContainerBase.java:1423)
	at org.apache.catalina.core.ContainerBase$StopChild.call(ContainerBase.java:1412)
	at java.util.concurrent.FutureTask.run(FutureTask.java:266)
	at java.util.concurrent.ThreadPoolExecutor.runWorker(ThreadPoolExecutor.java:1142)
	at java.util.concurrent.ThreadPoolExecutor$Worker.run(ThreadPoolExecutor.java:617)
	at java.lang.Thread.run(Thread.java:748)

Feb 26, 2022 1:20:17 PM org.apache.karaf.main.Main$KarafLockCallback lockAquired
INFO: Lock acquired. Setting startlevel to 100
